2022-05-12 11:23:16.988 | tasks.py 21 | WARNING | <Context: {'lang': 'py', 'task': 'apps.alarm.tasks.add', 'id': 'c8919df9-a9c4-45dc-8c76-d424e7b01720', 'shadow': None, 'eta': '2022-05-11T16:59:17.896609+08:00', 'expires': None, 'group': None, 'group_index': None, 'retries': 2, 'timelimit': [None, None], 'root_id': 'c8919df9-a9c4-45dc-8c76-d424e7b01720', 'parent_id': 'c8919df9-a9c4-45dc-8c76-d424e7b01720', 'argsrepr': '()', 'kwargsrepr': '{}', 'origin': 'gen95905@WOODdeMacBook-Pro.local', 'ignore_result': False, 'redelivered': True, 'properties': {'correlation_id': 'c8919df9-a9c4-45dc-8c76-d424e7b01720', 'reply_to': '0680ff7e-bb7a-3190-a648-ca2a7a7da493', 'replaced_task_nesting': 0, 'origin': 'gen55191@WOODdeMacBook-Pro.local', 'delivery_mode': 2, 'delivery_info': {'exchange': '', 'routing_key': 'celery', 'redelivered': True}, 'priority': 0, 'body_encoding': 'base64', 'delivery_tag': 'df73d2c6-7b74-4627-b35e-61561092cd0d'}, 'reply_to': '0680ff7e-bb7a-3190-a648-ca2a7a7da493', 'correlation_id': 'c8919df9-a9c4-45dc-8c76-d424e7b01720', 'hostname': 'celery@WOODdeMacBook-Pro.local', 'delivery_info': {'exchange': '', 'routing_key': 'celery', 'priority': 0, 'redelivered': True}, 'args': [], 'kwargs': {}, 'is_eager': False, 'callbacks': None, 'errbacks': None, 'chain': None, 'chord': None, 'called_directly': False, '_protected': 1}>
2022-05-12 11:23:16.998 | tasks.py 22 | WARNING | 2
2022-05-12 11:23:17.001 | tasks.py 24 | WARNING | 异常重试
2022-05-12 11:23:32.010 | tasks.py 124 | WARNING | ip信誉异常重试
2022-05-12 11:23:46.667 | tasks.py 93 | WARNING | 2
2022-05-12 11:23:46.668 | tasks.py 94 | WARNING | IP分析异常重试
2022-05-12 11:24:01.391 | tasks.py 93 | WARNING | 2
2022-05-12 11:24:01.391 | tasks.py 94 | WARNING | IP分析异常重试
2022-05-12 12:17:07.842 | tasks.py 124 | WARNING | ip信誉异常重试
2022-05-12 12:17:10.405 | tasks.py 93 | WARNING | 0
2022-05-12 12:17:10.406 | tasks.py 94 | WARNING | IP分析异常重试
2022-05-12 12:26:58.358 | tasks.py 93 | WARNING | 0
2022-05-12 12:26:58.359 | tasks.py 94 | WARNING | IP分析异常重试
2022-05-12 12:30:36.069 | tasks.py 124 | WARNING | ip信誉异常重试
2022-05-12 12:49:16.189 | tasks.py 124 | WARNING | ip信誉异常重试
2022-05-12 12:49:16.194 | tasks.py 93 | WARNING | 0
2022-05-12 12:49:16.194 | tasks.py 94 | WARNING | IP分析异常重试
2022-05-12 19:25:14.064 | tasks.py 22 | WARNING | <Context: {'lang': 'py', 'task': 'apps.alarm.tasks.add', 'id': '72f64930-a83c-40f6-ae34-b03248697e35', 'shadow': None, 'eta': '2022-05-12T19:23:23.006532+08:00', 'expires': None, 'group': None, 'group_index': None, 'retries': 3, 'timelimit': [None, None], 'root_id': '72f64930-a83c-40f6-ae34-b03248697e35', 'parent_id': '72f64930-a83c-40f6-ae34-b03248697e35', 'argsrepr': '()', 'kwargsrepr': '{}', 'origin': 'gen59632@WOODdeMacBook-Pro.local', 'ignore_result': False, 'redelivered': True, 'properties': {'correlation_id': '72f64930-a83c-40f6-ae34-b03248697e35', 'reply_to': '96cb7fc2-45fe-3970-83a2-d59ade67d824', 'replaced_task_nesting': 0, 'origin': 'gen95915@WOODdeMacBook-Pro.local', 'delivery_mode': 2, 'delivery_info': {'exchange': '', 'routing_key': 'celery', 'redelivered': True}, 'priority': 0, 'body_encoding': 'base64', 'delivery_tag': '089c3857-4821-4692-b453-0a89e48a1e37'}, 'reply_to': '96cb7fc2-45fe-3970-83a2-d59ade67d824', 'correlation_id': '72f64930-a83c-40f6-ae34-b03248697e35', 'hostname': 'celery@WOODdeMacBook-Pro.local', 'delivery_info': {'exchange': '', 'routing_key': 'celery', 'priority': 0, 'redelivered': True}, 'args': [], 'kwargs': {}, 'is_eager': False, 'callbacks': None, 'errbacks': None, 'chain': None, 'chord': None, 'called_directly': False, '_protected': 1}>
2022-05-12 19:25:14.072 | tasks.py 23 | WARNING | 3
2022-05-12 19:25:14.073 | tasks.py 25 | WARNING | 异常重试
2022-05-12 19:25:14.146 | tasks.py 22 | WARNING | <Context: {'lang': 'py', 'task': 'apps.alarm.tasks.add', 'id': 'c8919df9-a9c4-45dc-8c76-d424e7b01720', 'shadow': None, 'eta': '2022-05-12T19:23:23.006767+08:00', 'expires': None, 'group': None, 'group_index': None, 'retries': 3, 'timelimit': [None, None], 'root_id': 'c8919df9-a9c4-45dc-8c76-d424e7b01720', 'parent_id': 'c8919df9-a9c4-45dc-8c76-d424e7b01720', 'argsrepr': '()', 'kwargsrepr': '{}', 'origin': 'gen59633@WOODdeMacBook-Pro.local', 'ignore_result': False, 'redelivered': True, 'properties': {'correlation_id': 'c8919df9-a9c4-45dc-8c76-d424e7b01720', 'reply_to': '0680ff7e-bb7a-3190-a648-ca2a7a7da493', 'replaced_task_nesting': 0, 'origin': 'gen95905@WOODdeMacBook-Pro.local', 'delivery_mode': 2, 'delivery_info': {'exchange': '', 'routing_key': 'celery', 'redelivered': True}, 'priority': 0, 'body_encoding': 'base64', 'delivery_tag': 'bfc2fcf3-8bae-4b1f-b786-258d2211211a'}, 'reply_to': '0680ff7e-bb7a-3190-a648-ca2a7a7da493', 'correlation_id': 'c8919df9-a9c4-45dc-8c76-d424e7b01720', 'hostname': 'celery@WOODdeMacBook-Pro.local', 'delivery_info': {'exchange': '', 'routing_key': 'celery', 'priority': 0, 'redelivered': True}, 'args': [], 'kwargs': {}, 'is_eager': False, 'callbacks': None, 'errbacks': None, 'chain': None, 'chord': None, 'called_directly': False, '_protected': 1}>
2022-05-12 19:25:14.195 | tasks.py 23 | WARNING | 3
2022-05-12 19:25:14.198 | tasks.py 25 | WARNING | 异常重试
2022-05-12 19:25:14.150 | tasks.py 22 | WARNING | <Context: {'lang': 'py', 'task': 'apps.alarm.tasks.add', 'id': '8551da28-d3df-44f0-a121-cf86ca66bbdd', 'shadow': None, 'eta': '2022-05-12T19:23:23.007583+08:00', 'expires': None, 'group': None, 'group_index': None, 'retries': 3, 'timelimit': [None, None], 'root_id': '8551da28-d3df-44f0-a121-cf86ca66bbdd', 'parent_id': '8551da28-d3df-44f0-a121-cf86ca66bbdd', 'argsrepr': '()', 'kwargsrepr': '{}', 'origin': 'gen59634@WOODdeMacBook-Pro.local', 'ignore_result': False, 'redelivered': True, 'properties': {'correlation_id': '8551da28-d3df-44f0-a121-cf86ca66bbdd', 'reply_to': 'd6010091-0930-3b0c-9966-d119fba60323', 'replaced_task_nesting': 0, 'origin': 'gen95905@WOODdeMacBook-Pro.local', 'delivery_mode': 2, 'delivery_info': {'exchange': '', 'routing_key': 'celery', 'redelivered': True}, 'priority': 0, 'body_encoding': 'base64', 'delivery_tag': '1d12b2d3-1669-4963-90e4-999b112f9e44'}, 'reply_to': 'd6010091-0930-3b0c-9966-d119fba60323', 'correlation_id': '8551da28-d3df-44f0-a121-cf86ca66bbdd', 'hostname': 'celery@WOODdeMacBook-Pro.local', 'delivery_info': {'exchange': '', 'routing_key': 'celery', 'priority': 0, 'redelivered': True}, 'args': [], 'kwargs': {}, 'is_eager': False, 'callbacks': None, 'errbacks': None, 'chain': None, 'chord': None, 'called_directly': False, '_protected': 1}>
2022-05-12 19:25:14.205 | tasks.py 23 | WARNING | 3
2022-05-12 19:25:14.207 | tasks.py 25 | WARNING | 异常重试
2022-05-12 19:25:26.176 | tasks.py 93 | WARNING | 3
2022-05-12 19:25:26.178 | tasks.py 94 | WARNING | IP分析异常重试
2022-05-12 19:25:28.745 | tasks.py 22 | WARNING | <Context: {'lang': 'py', 'task': 'apps.alarm.tasks.add', 'id': 'd6c2c3b0-3d97-4d80-b209-2056a635f7e8', 'shadow': None, 'eta': '2022-05-12T19:23:38.323051+08:00', 'expires': None, 'group': None, 'group_index': None, 'retries': 3, 'timelimit': [None, None], 'root_id': 'd6c2c3b0-3d97-4d80-b209-2056a635f7e8', 'parent_id': 'd6c2c3b0-3d97-4d80-b209-2056a635f7e8', 'argsrepr': '()', 'kwargsrepr': '{}', 'origin': 'gen59638@WOODdeMacBook-Pro.local', 'ignore_result': False, 'redelivered': True, 'properties': {'correlation_id': 'd6c2c3b0-3d97-4d80-b209-2056a635f7e8', 'reply_to': '311748dc-7f71-3699-8614-2de96fd55ace', 'replaced_task_nesting': 0, 'origin': 'gen95906@WOODdeMacBook-Pro.local', 'delivery_mode': 2, 'delivery_info': {'exchange': '', 'routing_key': 'celery', 'redelivered': True}, 'priority': 0, 'body_encoding': 'base64', 'delivery_tag': '94d171d4-952a-4db2-b300-41e6876cfa58'}, 'reply_to': '311748dc-7f71-3699-8614-2de96fd55ace', 'correlation_id': 'd6c2c3b0-3d97-4d80-b209-2056a635f7e8', 'hostname': 'celery@WOODdeMacBook-Pro.local', 'delivery_info': {'exchange': '', 'routing_key': 'celery', 'priority': 0, 'redelivered': True}, 'args': [], 'kwargs': {}, 'is_eager': False, 'callbacks': None, 'errbacks': None, 'chain': None, 'chord': None, 'called_directly': False, '_protected': 1}>
2022-05-12 19:25:28.775 | tasks.py 23 | WARNING | 3
2022-05-12 19:25:28.776 | tasks.py 25 | WARNING | 异常重试
2022-05-12 19:25:28.848 | tasks.py 22 | WARNING | <Context: {'lang': 'py', 'task': 'apps.alarm.tasks.add', 'id': '2f658760-f7b2-4f94-b461-3e549080ec90', 'shadow': None, 'eta': '2022-05-12T19:23:38.330011+08:00', 'expires': None, 'group': None, 'group_index': None, 'retries': 3, 'timelimit': [None, None], 'root_id': '2f658760-f7b2-4f94-b461-3e549080ec90', 'parent_id': '2f658760-f7b2-4f94-b461-3e549080ec90', 'argsrepr': '()', 'kwargsrepr': '{}', 'origin': 'gen59638@WOODdeMacBook-Pro.local', 'ignore_result': False, 'redelivered': True, 'properties': {'correlation_id': '2f658760-f7b2-4f94-b461-3e549080ec90', 'reply_to': '0ebcd06a-5c6d-313e-92ba-9a7bcb3156f1', 'replaced_task_nesting': 0, 'origin': 'gen95906@WOODdeMacBook-Pro.local', 'delivery_mode': 2, 'delivery_info': {'exchange': '', 'routing_key': 'celery', 'redelivered': True}, 'priority': 0, 'body_encoding': 'base64', 'delivery_tag': '5b616b0f-9066-40c3-80c2-379ab50168bf'}, 'reply_to': '0ebcd06a-5c6d-313e-92ba-9a7bcb3156f1', 'correlation_id': '2f658760-f7b2-4f94-b461-3e549080ec90', 'hostname': 'celery@WOODdeMacBook-Pro.local', 'delivery_info': {'exchange': '', 'routing_key': 'celery', 'priority': 0, 'redelivered': True}, 'args': [], 'kwargs': {}, 'is_eager': False, 'callbacks': None, 'errbacks': None, 'chain': None, 'chord': None, 'called_directly': False, '_protected': 1}>
2022-05-12 19:25:28.849 | tasks.py 23 | WARNING | 3
2022-05-12 19:25:28.849 | tasks.py 25 | WARNING | 异常重试
2022-05-12 19:25:28.874 | tasks.py 22 | WARNING | <Context: {'lang': 'py', 'task': 'apps.alarm.tasks.add', 'id': '61ca87e4-e454-488b-ab48-ea4436bbfb08', 'shadow': None, 'eta': '2022-05-12T19:23:38.439525+08:00', 'expires': None, 'group': None, 'group_index': None, 'retries': 3, 'timelimit': [None, None], 'root_id': '61ca87e4-e454-488b-ab48-ea4436bbfb08', 'parent_id': '61ca87e4-e454-488b-ab48-ea4436bbfb08', 'argsrepr': '()', 'kwargsrepr': '{}', 'origin': 'gen59630@WOODdeMacBook-Pro.local', 'ignore_result': False, 'redelivered': True, 'properties': {'correlation_id': '61ca87e4-e454-488b-ab48-ea4436bbfb08', 'reply_to': '5c295640-968a-346e-97d2-f78b235aa3cb', 'replaced_task_nesting': 0, 'origin': 'gen95919@WOODdeMacBook-Pro.local', 'delivery_mode': 2, 'delivery_info': {'exchange': '', 'routing_key': 'celery', 'redelivered': True}, 'priority': 0, 'body_encoding': 'base64', 'delivery_tag': '401a8c37-c0e6-43ad-9e64-fa381f29035a'}, 'reply_to': '5c295640-968a-346e-97d2-f78b235aa3cb', 'correlation_id': '61ca87e4-e454-488b-ab48-ea4436bbfb08', 'hostname': 'celery@WOODdeMacBook-Pro.local', 'delivery_info': {'exchange': '', 'routing_key': 'celery', 'priority': 0, 'redelivered': True}, 'args': [], 'kwargs': {}, 'is_eager': False, 'callbacks': None, 'errbacks': None, 'chain': None, 'chord': None, 'called_directly': False, '_protected': 1}>
2022-05-12 19:25:28.875 | tasks.py 23 | WARNING | 3
2022-05-12 19:25:28.875 | tasks.py 25 | WARNING | 异常重试
2022-05-12 19:25:28.881 | tasks.py 22 | WARNING | <Context: {'lang': 'py', 'task': 'apps.alarm.tasks.add', 'id': 'a89f8d82-9c09-42fb-8c61-fc24eabd9dae', 'shadow': None, 'eta': '2022-05-12T19:23:38.443025+08:00', 'expires': None, 'group': None, 'group_index': None, 'retries': 3, 'timelimit': [None, None], 'root_id': 'a89f8d82-9c09-42fb-8c61-fc24eabd9dae', 'parent_id': 'a89f8d82-9c09-42fb-8c61-fc24eabd9dae', 'argsrepr': '()', 'kwargsrepr': '{}', 'origin': 'gen59630@WOODdeMacBook-Pro.local', 'ignore_result': False, 'redelivered': True, 'properties': {'correlation_id': 'a89f8d82-9c09-42fb-8c61-fc24eabd9dae', 'reply_to': 'ede5d1f9-9a65-3f3c-bf39-ea15e8007e99', 'replaced_task_nesting': 0, 'origin': 'gen95919@WOODdeMacBook-Pro.local', 'delivery_mode': 2, 'delivery_info': {'exchange': '', 'routing_key': 'celery', 'redelivered': True}, 'priority': 0, 'body_encoding': 'base64', 'delivery_tag': 'c2317fe5-65f1-4f1a-a91c-00e7eec229f2'}, 'reply_to': 'ede5d1f9-9a65-3f3c-bf39-ea15e8007e99', 'correlation_id': 'a89f8d82-9c09-42fb-8c61-fc24eabd9dae', 'hostname': 'celery@WOODdeMacBook-Pro.local', 'delivery_info': {'exchange': '', 'routing_key': 'celery', 'priority': 0, 'redelivered': True}, 'args': [], 'kwargs': {}, 'is_eager': False, 'callbacks': None, 'errbacks': None, 'chain': None, 'chord': None, 'called_directly': False, '_protected': 1}>
2022-05-12 19:25:28.882 | tasks.py 23 | WARNING | 3
2022-05-12 19:25:28.883 | tasks.py 25 | WARNING | 异常重试
2022-05-12 19:25:28.937 | tasks.py 22 | WARNING | <Context: {'lang': 'py', 'task': 'apps.alarm.tasks.add', 'id': 'ebdc0fc4-028e-4d0e-bda6-4aea22a2f434', 'shadow': None, 'eta': '2022-05-12T19:23:38.326579+08:00', 'expires': None, 'group': None, 'group_index': None, 'retries': 3, 'timelimit': [None, None], 'root_id': 'ebdc0fc4-028e-4d0e-bda6-4aea22a2f434', 'parent_id': 'ebdc0fc4-028e-4d0e-bda6-4aea22a2f434', 'argsrepr': '()', 'kwargsrepr': '{}', 'origin': 'gen59638@WOODdeMacBook-Pro.local', 'ignore_result': False, 'redelivered': True, 'properties': {'correlation_id': 'ebdc0fc4-028e-4d0e-bda6-4aea22a2f434', 'reply_to': '8b324485-2dcc-34e5-af6c-fb5d3dbcce3c', 'replaced_task_nesting': 0, 'origin': 'gen95906@WOODdeMacBook-Pro.local', 'delivery_mode': 2, 'delivery_info': {'exchange': '', 'routing_key': 'celery', 'redelivered': True}, 'priority': 0, 'body_encoding': 'base64', 'delivery_tag': 'bc8fe2a9-ea16-43a3-9e94-5e99d6e77d29'}, 'reply_to': '8b324485-2dcc-34e5-af6c-fb5d3dbcce3c', 'correlation_id': 'ebdc0fc4-028e-4d0e-bda6-4aea22a2f434', 'hostname': 'celery@WOODdeMacBook-Pro.local', 'delivery_info': {'exchange': '', 'routing_key': 'celery', 'priority': 0, 'redelivered': True}, 'args': [], 'kwargs': {}, 'is_eager': False, 'callbacks': None, 'errbacks': None, 'chain': None, 'chord': None, 'called_directly': False, '_protected': 1}>
2022-05-12 19:25:28.956 | tasks.py 23 | WARNING | 3
2022-05-12 19:25:28.957 | tasks.py 25 | WARNING | 异常重试
2022-05-12 19:25:29.013 | tasks.py 22 | WARNING | <Context: {'lang': 'py', 'task': 'apps.alarm.tasks.add', 'id': 'dd4b1c68-6e1d-43b2-9234-dc1343d54455', 'shadow': None, 'eta': '2022-05-12T19:23:38.573691+08:00', 'expires': None, 'group': None, 'group_index': None, 'retries': 3, 'timelimit': [None, None], 'root_id': 'dd4b1c68-6e1d-43b2-9234-dc1343d54455', 'parent_id': 'dd4b1c68-6e1d-43b2-9234-dc1343d54455', 'argsrepr': '()', 'kwargsrepr': '{}', 'origin': 'gen59639@WOODdeMacBook-Pro.local', 'ignore_result': False, 'redelivered': True, 'properties': {'correlation_id': 'dd4b1c68-6e1d-43b2-9234-dc1343d54455', 'reply_to': 'f4696c54-ef0f-3ab2-a2cb-5821dd0349d7', 'replaced_task_nesting': 0, 'origin': 'gen95919@WOODdeMacBook-Pro.local', 'delivery_mode': 2, 'delivery_info': {'exchange': '', 'routing_key': 'celery', 'redelivered': True}, 'priority': 0, 'body_encoding': 'base64', 'delivery_tag': '3fc89cb4-ac3e-42f0-8dd1-b06633dece55'}, 'reply_to': 'f4696c54-ef0f-3ab2-a2cb-5821dd0349d7', 'correlation_id': 'dd4b1c68-6e1d-43b2-9234-dc1343d54455', 'hostname': 'celery@WOODdeMacBook-Pro.local', 'delivery_info': {'exchange': '', 'routing_key': 'celery', 'priority': 0, 'redelivered': True}, 'args': [], 'kwargs': {}, 'is_eager': False, 'callbacks': None, 'errbacks': None, 'chain': None, 'chord': None, 'called_directly': False, '_protected': 1}>
2022-05-12 19:25:29.014 | tasks.py 23 | WARNING | 3
2022-05-12 19:25:29.015 | tasks.py 25 | WARNING | 异常重试
2022-05-12 19:25:29.556 | tasks.py 22 | WARNING | <Context: {'lang': 'py', 'task': 'apps.alarm.tasks.add', 'id': '90db458b-eae7-4895-b801-231f5736eba7', 'shadow': None, 'eta': '2022-05-12T19:23:39.060882+08:00', 'expires': None, 'group': None, 'group_index': None, 'retries': 3, 'timelimit': [None, None], 'root_id': '90db458b-eae7-4895-b801-231f5736eba7', 'parent_id': '90db458b-eae7-4895-b801-231f5736eba7', 'argsrepr': '()', 'kwargsrepr': '{}', 'origin': 'gen59637@WOODdeMacBook-Pro.local', 'ignore_result': False, 'redelivered': True, 'properties': {'correlation_id': '90db458b-eae7-4895-b801-231f5736eba7', 'reply_to': 'a9e03efc-5549-36c7-9b0d-40fddadb4bdd', 'replaced_task_nesting': 0, 'origin': 'gen95917@WOODdeMacBook-Pro.local', 'delivery_mode': 2, 'delivery_info': {'exchange': '', 'routing_key': 'celery', 'redelivered': True}, 'priority': 0, 'body_encoding': 'base64', 'delivery_tag': 'cc42d8fb-3ee9-4f41-83cb-2fbb8bb8673d'}, 'reply_to': 'a9e03efc-5549-36c7-9b0d-40fddadb4bdd', 'correlation_id': '90db458b-eae7-4895-b801-231f5736eba7', 'hostname': 'celery@WOODdeMacBook-Pro.local', 'delivery_info': {'exchange': '', 'routing_key': 'celery', 'priority': 0, 'redelivered': True}, 'args': [], 'kwargs': {}, 'is_eager': False, 'callbacks': None, 'errbacks': None, 'chain': None, 'chord': None, 'called_directly': False, '_protected': 1}>
2022-05-12 19:25:29.556 | tasks.py 23 | WARNING | 3
2022-05-12 19:25:29.557 | tasks.py 25 | WARNING | 异常重试
2022-05-12 19:25:30.204 | tasks.py 93 | WARNING | 3
2022-05-12 19:25:30.205 | tasks.py 94 | WARNING | IP分析异常重试
2022-05-12 19:25:31.350 | tasks.py 22 | WARNING | <Context: {'lang': 'py', 'task': 'apps.alarm.tasks.add', 'id': '5282d847-82ec-4840-98c2-0969753f7972', 'shadow': None, 'eta': '2022-05-12T19:23:40.918592+08:00', 'expires': None, 'group': None, 'group_index': None, 'retries': 3, 'timelimit': [None, None], 'root_id': '5282d847-82ec-4840-98c2-0969753f7972', 'parent_id': '5282d847-82ec-4840-98c2-0969753f7972', 'argsrepr': '()', 'kwargsrepr': '{}', 'origin': 'gen59631@WOODdeMacBook-Pro.local', 'ignore_result': False, 'redelivered': True, 'properties': {'correlation_id': '5282d847-82ec-4840-98c2-0969753f7972', 'reply_to': 'c3519a89-2750-3159-b3e8-e4573b569cf9', 'replaced_task_nesting': 0, 'origin': 'gen95918@WOODdeMacBook-Pro.local', 'delivery_mode': 2, 'delivery_info': {'exchange': '', 'routing_key': 'celery', 'redelivered': True}, 'priority': 0, 'body_encoding': 'base64', 'delivery_tag': '5b77a03c-16ee-4150-bf2b-f9b4705e0529'}, 'reply_to': 'c3519a89-2750-3159-b3e8-e4573b569cf9', 'correlation_id': '5282d847-82ec-4840-98c2-0969753f7972', 'hostname': 'celery@WOODdeMacBook-Pro.local', 'delivery_info': {'exchange': '', 'routing_key': 'celery', 'priority': 0, 'redelivered': True}, 'args': [], 'kwargs': {}, 'is_eager': False, 'callbacks': None, 'errbacks': None, 'chain': None, 'chord': None, 'called_directly': False, '_protected': 1}>
2022-05-12 19:25:31.351 | tasks.py 23 | WARNING | 3
2022-05-12 19:25:31.350 | tasks.py 22 | WARNING | <Context: {'lang': 'py', 'task': 'apps.alarm.tasks.add', 'id': '684c76b3-bb51-4c67-ad25-647a92211845', 'shadow': None, 'eta': '2022-05-12T19:23:40.861522+08:00', 'expires': None, 'group': None, 'group_index': None, 'retries': 3, 'timelimit': [None, None], 'root_id': '684c76b3-bb51-4c67-ad25-647a92211845', 'parent_id': '684c76b3-bb51-4c67-ad25-647a92211845', 'argsrepr': '()', 'kwargsrepr': '{}', 'origin': 'gen59631@WOODdeMacBook-Pro.local', 'ignore_result': False, 'redelivered': True, 'properties': {'correlation_id': '684c76b3-bb51-4c67-ad25-647a92211845', 'reply_to': '3f4bf77d-0e3a-3494-a06e-fdeb9e0bd3c3', 'replaced_task_nesting': 0, 'origin': 'gen95918@WOODdeMacBook-Pro.local', 'delivery_mode': 2, 'delivery_info': {'exchange': '', 'routing_key': 'celery', 'redelivered': True}, 'priority': 0, 'body_encoding': 'base64', 'delivery_tag': '88e08783-014a-43d4-ba7a-059112d04fb5'}, 'reply_to': '3f4bf77d-0e3a-3494-a06e-fdeb9e0bd3c3', 'correlation_id': '684c76b3-bb51-4c67-ad25-647a92211845', 'hostname': 'celery@WOODdeMacBook-Pro.local', 'delivery_info': {'exchange': '', 'routing_key': 'celery', 'priority': 0, 'redelivered': True}, 'args': [], 'kwargs': {}, 'is_eager': False, 'callbacks': None, 'errbacks': None, 'chain': None, 'chord': None, 'called_directly': False, '_protected': 1}>
2022-05-12 19:25:31.353 | tasks.py 25 | WARNING | 异常重试
2022-05-12 19:25:31.353 | tasks.py 23 | WARNING | 3
2022-05-12 19:25:31.354 | tasks.py 25 | WARNING | 异常重试
2022-05-12 19:25:32.310 | tasks.py 126 | WARNING | ip信誉异常重试
2022-05-12 19:25:32.429 | tasks.py 93 | WARNING | 3
2022-05-12 19:25:32.430 | tasks.py 94 | WARNING | IP分析异常重试
2022-05-12 19:25:32.844 | tasks.py 93 | WARNING | 3
2022-05-12 19:25:32.844 | tasks.py 94 | WARNING | IP分析异常重试
2022-05-12 19:25:36.720 | tasks.py 126 | WARNING | ip信誉异常重试
2022-05-12 19:25:38.912 | tasks.py 93 | WARNING | 3
2022-05-12 19:25:38.913 | tasks.py 94 | WARNING | IP分析异常重试
2022-05-12 19:25:42.381 | tasks.py 22 | WARNING | <Context: {'lang': 'py', 'task': 'apps.alarm.tasks.add', 'id': '80ba8f57-0dad-47f2-bf42-d9f5e78aedf3', 'shadow': None, 'eta': '2022-05-12T19:23:51.947401+08:00', 'expires': None, 'group': None, 'group_index': None, 'retries': 3, 'timelimit': [None, None], 'root_id': '80ba8f57-0dad-47f2-bf42-d9f5e78aedf3', 'parent_id': '80ba8f57-0dad-47f2-bf42-d9f5e78aedf3', 'argsrepr': '()', 'kwargsrepr': '{}', 'origin': 'gen59635@WOODdeMacBook-Pro.local', 'ignore_result': False, 'redelivered': True, 'properties': {'correlation_id': '80ba8f57-0dad-47f2-bf42-d9f5e78aedf3', 'reply_to': '19b26f43-2c04-3594-84d9-0a228295fd1c', 'replaced_task_nesting': 0, 'origin': 'gen95905@WOODdeMacBook-Pro.local', 'delivery_mode': 2, 'delivery_info': {'exchange': '', 'routing_key': 'celery', 'redelivered': True}, 'priority': 0, 'body_encoding': 'base64', 'delivery_tag': '3d010592-c364-4d9a-9dd3-7aa3b96a0fc9'}, 'reply_to': '19b26f43-2c04-3594-84d9-0a228295fd1c', 'correlation_id': '80ba8f57-0dad-47f2-bf42-d9f5e78aedf3', 'hostname': 'celery@WOODdeMacBook-Pro.local', 'delivery_info': {'exchange': '', 'routing_key': 'celery', 'priority': 0, 'redelivered': True}, 'args': [], 'kwargs': {}, 'is_eager': False, 'callbacks': None, 'errbacks': None, 'chain': None, 'chord': None, 'called_directly': False, '_protected': 1}>
2022-05-12 19:25:42.382 | tasks.py 23 | WARNING | 3
2022-05-12 19:25:42.383 | tasks.py 25 | WARNING | 异常重试
2022-05-12 19:25:45.440 | tasks.py 126 | WARNING | ip信誉异常重试
2022-05-12 19:25:45.612 | tasks.py 93 | WARNING | 3
2022-05-12 19:25:45.613 | tasks.py 94 | WARNING | IP分析异常重试
2022-05-12 19:25:48.306 | tasks.py 93 | WARNING | 3
2022-05-12 19:25:48.306 | tasks.py 94 | WARNING | IP分析异常重试
2022-05-12 19:25:52.025 | tasks.py 126 | WARNING | ip信誉异常重试
2022-05-12 19:25:54.863 | tasks.py 93 | WARNING | 3
2022-05-12 19:25:54.863 | tasks.py 94 | WARNING | IP分析异常重试
2022-05-12 19:25:54.912 | tasks.py 93 | WARNING | 3
2022-05-12 19:25:54.912 | tasks.py 94 | WARNING | IP分析异常重试
2022-05-12 19:25:55.168 | tasks.py 126 | WARNING | ip信誉异常重试
2022-05-12 19:25:55.890 | tasks.py 126 | WARNING | ip信誉异常重试
2022-05-12 19:25:56.122 | tasks.py 126 | WARNING | ip信誉异常重试
2022-05-12 19:25:56.295 | tasks.py 93 | WARNING | 3
2022-05-12 19:25:56.295 | tasks.py 94 | WARNING | IP分析异常重试
2022-05-12 19:25:56.340 | tasks.py 126 | WARNING | ip信誉异常重试
2022-05-12 19:25:56.793 | tasks.py 126 | WARNING | ip信誉异常重试
2022-05-12 19:25:58.464 | tasks.py 93 | WARNING | 3
2022-05-12 19:25:58.465 | tasks.py 94 | WARNING | IP分析异常重试
2022-05-12 19:26:00.446 | tasks.py 126 | WARNING | ip信誉异常重试
2022-05-12 19:26:00.909 | tasks.py 93 | WARNING | 3
2022-05-12 19:26:00.910 | tasks.py 94 | WARNING | IP分析异常重试
2022-05-12 19:26:03.514 | tasks.py 126 | WARNING | ip信誉异常重试
2022-05-12 19:26:03.966 | tasks.py 93 | WARNING | 3
2022-05-12 19:26:03.967 | tasks.py 94 | WARNING | IP分析异常重试
2022-05-12 19:26:05.892 | tasks.py 126 | WARNING | ip信誉异常重试
2022-05-17 09:43:02.538 | tasks.py 93 | WARNING | 1
2022-05-17 09:43:02.540 | tasks.py 94 | WARNING | IP分析异常重试
2022-05-17 09:43:02.541 | tasks.py 93 | WARNING | 1
2022-05-17 09:43:02.545 | tasks.py 94 | WARNING | IP分析异常重试
2022-05-17 09:43:02.586 | tasks.py 126 | WARNING | ip信誉异常重试
2022-05-17 19:48:37.242 | tasks.py 126 | WARNING | ip信誉异常重试
2022-05-17 19:48:37.253 | tasks.py 93 | WARNING | 2
2022-05-17 19:48:37.256 | tasks.py 94 | WARNING | IP分析异常重试
2022-05-17 19:48:37.256 | tasks.py 93 | WARNING | 2
2022-05-17 19:48:37.257 | tasks.py 94 | WARNING | IP分析异常重试
2022-05-17 23:39:27.144 | tasks.py 126 | WARNING | ip信誉异常重试
2022-05-17 23:39:27.218 | tasks.py 126 | WARNING | ip信誉异常重试
2022-05-17 23:39:27.218 | tasks.py 126 | WARNING | ip信誉异常重试
2022-05-17 23:39:27.247 | tasks.py 93 | WARNING | 2
2022-05-17 23:39:27.253 | tasks.py 94 | WARNING | IP分析异常重试
2022-05-17 23:39:27.394 | tasks.py 126 | WARNING | ip信誉异常重试
2022-05-17 23:39:27.396 | tasks.py 93 | WARNING | 2
2022-05-17 23:39:27.397 | tasks.py 94 | WARNING | IP分析异常重试
2022-05-17 23:39:27.442 | tasks.py 126 | WARNING | ip信誉异常重试
2022-05-17 23:39:27.443 | tasks.py 126 | WARNING | ip信誉异常重试
2022-05-17 23:39:27.516 | tasks.py 93 | WARNING | 2
2022-05-17 23:39:27.517 | tasks.py 94 | WARNING | IP分析异常重试
2022-05-17 23:39:27.538 | tasks.py 126 | WARNING | ip信誉异常重试
2022-05-17 23:39:27.688 | tasks.py 126 | WARNING | ip信誉异常重试
2022-05-17 23:39:27.777 | tasks.py 93 | WARNING | 2
2022-05-17 23:39:27.777 | tasks.py 94 | WARNING | IP分析异常重试
2022-05-17 23:39:27.790 | tasks.py 93 | WARNING | 2
2022-05-17 23:39:27.791 | tasks.py 94 | WARNING | IP分析异常重试
2022-05-17 23:39:27.849 | tasks.py 93 | WARNING | 2
2022-05-17 23:39:27.850 | tasks.py 94 | WARNING | IP分析异常重试
2022-05-17 23:39:27.900 | tasks.py 126 | WARNING | ip信誉异常重试
2022-05-17 23:39:27.901 | tasks.py 93 | WARNING | 2
2022-05-17 23:39:27.902 | tasks.py 94 | WARNING | IP分析异常重试
2022-05-17 23:39:27.929 | tasks.py 93 | WARNING | 2
2022-05-17 23:39:27.929 | tasks.py 94 | WARNING | IP分析异常重试
2022-05-17 23:39:27.986 | tasks.py 93 | WARNING | 2
2022-05-17 23:39:27.987 | tasks.py 94 | WARNING | IP分析异常重试
2022-05-17 23:39:28.027 | tasks.py 93 | WARNING | 2
2022-05-17 23:39:28.027 | tasks.py 94 | WARNING | IP分析异常重试
2022-05-17 23:39:28.030 | tasks.py 93 | WARNING | 2
2022-05-17 23:39:28.041 | tasks.py 94 | WARNING | IP分析异常重试
2022-05-17 23:39:28.217 | tasks.py 93 | WARNING | 2
2022-05-17 23:39:28.217 | tasks.py 94 | WARNING | IP分析异常重试
2022-05-17 23:39:28.304 | tasks.py 126 | WARNING | ip信誉异常重试
2022-05-17 23:39:28.312 | tasks.py 126 | WARNING | ip信誉异常重试
2022-05-17 23:39:28.362 | tasks.py 126 | WARNING | ip信誉异常重试
2022-05-17 23:39:28.388 | tasks.py 126 | WARNING | ip信誉异常重试
2022-05-17 23:39:28.413 | tasks.py 126 | WARNING | ip信誉异常重试
2022-05-17 23:39:28.490 | tasks.py 93 | WARNING | 2
2022-05-17 23:39:28.502 | tasks.py 94 | WARNING | IP分析异常重试
2022-05-17 23:39:28.559 | tasks.py 93 | WARNING | 2
2022-05-17 23:39:28.559 | tasks.py 126 | WARNING | ip信誉异常重试
2022-05-17 23:39:28.559 | tasks.py 93 | WARNING | 2
2022-05-17 23:39:28.561 | tasks.py 94 | WARNING | IP分析异常重试
2022-05-17 23:39:28.561 | tasks.py 94 | WARNING | IP分析异常重试
2022-05-18 05:34:40.311 | tasks.py 93 | WARNING | 3
2022-05-18 05:34:40.315 | tasks.py 94 | WARNING | IP分析异常重试
2022-05-18 05:34:40.487 | tasks.py 93 | WARNING | 3
2022-05-18 05:34:40.487 | tasks.py 126 | WARNING | ip信誉异常重试
2022-05-18 05:34:40.487 | tasks.py 93 | WARNING | 3
2022-05-18 05:34:40.488 | tasks.py 94 | WARNING | IP分析异常重试
2022-05-18 05:34:40.489 | tasks.py 94 | WARNING | IP分析异常重试
2022-05-18 05:34:40.881 | tasks.py 126 | WARNING | ip信誉异常重试
2022-05-18 08:19:44.342 | tasks.py 93 | WARNING | 3
2022-05-18 08:19:44.351 | tasks.py 126 | WARNING | ip信誉异常重试
2022-05-18 08:19:44.347 | tasks.py 93 | WARNING | 3
2022-05-18 08:19:44.382 | tasks.py 94 | WARNING | IP分析异常重试
2022-05-18 08:19:44.540 | tasks.py 94 | WARNING | IP分析异常重试
2022-05-18 08:19:44.548 | tasks.py 126 | WARNING | ip信誉异常重试
2022-05-18 08:19:44.549 | tasks.py 126 | WARNING | ip信誉异常重试
2022-05-18 08:19:45.959 | tasks.py 126 | WARNING | ip信誉异常重试
2022-05-18 08:19:46.137 | tasks.py 93 | WARNING | 3
2022-05-18 08:19:46.132 | tasks.py 93 | WARNING | 3
2022-05-18 08:19:46.153 | tasks.py 94 | WARNING | IP分析异常重试
2022-05-18 08:19:46.149 | tasks.py 94 | WARNING | IP分析异常重试
2022-05-18 08:19:46.190 | tasks.py 126 | WARNING | ip信誉异常重试
2022-05-18 08:19:46.367 | tasks.py 93 | WARNING | 3
2022-05-18 08:19:46.388 | tasks.py 94 | WARNING | IP分析异常重试
2022-05-18 08:19:46.871 | tasks.py 93 | WARNING | 3
2022-05-18 08:19:46.873 | tasks.py 94 | WARNING | IP分析异常重试
2022-05-18 08:19:47.342 | tasks.py 126 | WARNING | ip信誉异常重试
2022-05-18 08:19:47.387 | tasks.py 93 | WARNING | 3
2022-05-18 08:19:47.395 | tasks.py 94 | WARNING | IP分析异常重试
2022-05-18 08:19:47.391 | tasks.py 126 | WARNING | ip信誉异常重试
2022-05-18 08:19:47.419 | tasks.py 93 | WARNING | 3
2022-05-18 08:19:47.433 | tasks.py 94 | WARNING | IP分析异常重试
2022-05-18 09:02:51.749 | tasks.py 126 | WARNING | ip信誉异常重试
2022-05-18 09:11:16.549 | tasks.py 93 | WARNING | 2
2022-05-18 09:11:16.550 | tasks.py 94 | WARNING | IP分析异常重试
2022-05-18 09:11:16.572 | tasks.py 126 | WARNING | ip信誉异常重试
2022-05-18 09:11:16.596 | tasks.py 93 | WARNING | 2
2022-05-18 09:11:16.597 | tasks.py 94 | WARNING | IP分析异常重试
2022-05-18 09:11:16.605 | tasks.py 93 | WARNING | 2
2022-05-18 09:11:16.606 | tasks.py 94 | WARNING | IP分析异常重试
2022-05-18 09:11:16.852 | tasks.py 126 | WARNING | ip信誉异常重试
2022-05-18 09:19:58.655 | tasks.py 126 | WARNING | ip信誉异常重试
2022-05-18 09:19:58.668 | tasks.py 93 | WARNING | 3
2022-05-18 09:19:58.668 | tasks.py 94 | WARNING | IP分析异常重试
2022-05-18 09:19:58.669 | tasks.py 93 | WARNING | 3
2022-05-18 09:19:58.670 | tasks.py 94 | WARNING | IP分析异常重试
2022-05-18 10:07:36.513 | tasks.py 126 | WARNING | ip信誉异常重试
2022-05-18 10:07:36.525 | tasks.py 93 | WARNING | 2
2022-05-18 10:07:36.525 | tasks.py 94 | WARNING | IP分析异常重试
2022-05-18 10:07:36.548 | tasks.py 93 | WARNING | 2
2022-05-18 10:07:36.549 | tasks.py 94 | WARNING | IP分析异常重试
2022-05-18 10:07:36.562 | tasks.py 126 | WARNING | ip信誉异常重试
2022-05-18 10:07:36.569 | tasks.py 126 | WARNING | ip信誉异常重试
2022-05-18 10:07:37.354 | tasks.py 126 | WARNING | ip信誉异常重试
2022-05-18 10:07:37.398 | tasks.py 126 | WARNING | ip信誉异常重试
2022-05-18 10:34:13.911 | tasks.py 93 | WARNING | 3
2022-05-18 10:34:13.913 | tasks.py 94 | WARNING | IP分析异常重试
2022-05-18 10:34:13.915 | tasks.py 126 | WARNING | ip信誉异常重试
2022-05-18 10:34:13.968 | tasks.py 126 | WARNING | ip信誉异常重试
2022-05-18 10:34:14.259 | tasks.py 126 | WARNING | ip信誉异常重试
2022-05-18 10:34:13.966 | tasks.py 93 | WARNING | 3
2022-05-18 10:34:14.954 | tasks.py 94 | WARNING | IP分析异常重试
2022-05-18 10:34:15.903 | tasks.py 93 | WARNING | 3
2022-05-18 10:34:15.904 | tasks.py 94 | WARNING | IP分析异常重试
2022-05-18 10:34:15.966 | tasks.py 126 | WARNING | ip信誉异常重试
2022-05-18 10:34:15.991 | tasks.py 93 | WARNING | 3
2022-05-18 10:34:15.991 | tasks.py 94 | WARNING | IP分析异常重试
2022-05-18 10:34:15.992 | tasks.py 93 | WARNING | 3
2022-05-18 10:34:15.992 | tasks.py 94 | WARNING | IP分析异常重试
2022-05-18 10:34:16.162 | tasks.py 93 | WARNING | 3
2022-05-18 10:34:16.171 | tasks.py 94 | WARNING | IP分析异常重试
2022-05-18 10:34:16.873 | tasks.py 126 | WARNING | ip信誉异常重试
2022-05-18 10:34:16.928 | tasks.py 126 | WARNING | ip信誉异常重试
2022-05-18 10:34:16.929 | tasks.py 126 | WARNING | ip信誉异常重试
2022-05-18 10:34:17.114 | tasks.py 126 | WARNING | ip信誉异常重试
2022-05-18 10:34:17.114 | tasks.py 93 | WARNING | 3
2022-05-18 10:34:17.115 | tasks.py 94 | WARNING | IP分析异常重试
2022-05-18 14:28:43.425 | tasks.py 126 | WARNING | ip信誉异常重试
2022-05-18 14:28:43.437 | tasks.py 93 | WARNING | 3
2022-05-18 14:28:43.438 | tasks.py 94 | WARNING | IP分析异常重试
2022-05-18 14:28:43.480 | tasks.py 126 | WARNING | ip信誉异常重试
2022-05-18 14:28:43.529 | tasks.py 93 | WARNING | 3
2022-05-18 14:28:43.529 | tasks.py 94 | WARNING | IP分析异常重试
2022-05-18 14:28:43.596 | tasks.py 93 | WARNING | 3
2022-05-18 14:28:43.596 | tasks.py 94 | WARNING | IP分析异常重试
2022-05-18 14:31:39.504 | tasks.py 126 | WARNING | ip信誉异常重试
2022-05-18 14:31:39.504 | tasks.py 93 | WARNING | 3
2022-05-18 14:31:39.505 | tasks.py 94 | WARNING | IP分析异常重试
2022-05-18 14:31:39.509 | tasks.py 126 | WARNING | ip信誉异常重试
2022-05-18 14:31:39.510 | tasks.py 93 | WARNING | 3
2022-05-18 14:31:39.511 | tasks.py 94 | WARNING | IP分析异常重试
2022-05-18 14:31:39.525 | tasks.py 126 | WARNING | ip信誉异常重试
2022-05-18 14:31:40.367 | tasks.py 93 | WARNING | 3
2022-05-18 14:31:40.368 | tasks.py 94 | WARNING | IP分析异常重试
2022-05-18 14:31:40.464 | tasks.py 126 | WARNING | ip信誉异常重试
2022-05-18 14:31:40.541 | tasks.py 93 | WARNING | 3
2022-05-18 14:31:40.542 | tasks.py 94 | WARNING | IP分析异常重试
2022-05-18 14:31:40.612 | tasks.py 93 | WARNING | 3
2022-05-18 14:31:40.613 | tasks.py 94 | WARNING | IP分析异常重试
2022-05-18 14:31:40.629 | tasks.py 93 | WARNING | 3
2022-05-18 14:31:40.630 | tasks.py 94 | WARNING | IP分析异常重试
2022-05-18 14:31:41.353 | tasks.py 93 | WARNING | 3
2022-05-18 14:31:41.353 | tasks.py 94 | WARNING | IP分析异常重试
2022-05-18 14:31:41.376 | tasks.py 126 | WARNING | ip信誉异常重试
2022-05-18 14:31:41.543 | tasks.py 126 | WARNING | ip信誉异常重试
2022-05-18 14:31:41.702 | tasks.py 126 | WARNING | ip信誉异常重试
2022-05-18 14:32:16.573 | tasks.py 126 | WARNING | ip信誉异常重试
2022-05-18 15:38:29.325 | tasks.py 22 | WARNING | <Context: {'lang': 'py', 'task': 'apps.alarm.tasks.add', 'id': 'a60d819b-9de4-40f7-9e51-780ff23af003', 'shadow': None, 'eta': None, 'expires': None, 'group': None, 'group_index': None, 'retries': 0, 'timelimit': [None, None], 'root_id': 'a60d819b-9de4-40f7-9e51-780ff23af003', 'parent_id': None, 'argsrepr': '()', 'kwargsrepr': '{}', 'origin': 'gen2264@WOODdeMBP', 'ignore_result': False, 'properties': {'correlation_id': 'a60d819b-9de4-40f7-9e51-780ff23af003', 'reply_to': 'adcfe535-bfde-31bb-8731-d96d7ea746fa', 'delivery_mode': 2, 'delivery_info': {'exchange': '', 'routing_key': 'celery'}, 'priority': 0, 'body_encoding': 'base64', 'delivery_tag': 'a3ee7af8-3e61-490d-9c80-bc07c0a91575'}, 'reply_to': 'adcfe535-bfde-31bb-8731-d96d7ea746fa', 'correlation_id': 'a60d819b-9de4-40f7-9e51-780ff23af003', 'hostname': 'celery@WOODdeMBP.lan', 'delivery_info': {'exchange': '', 'routing_key': 'celery', 'priority': 0, 'redelivered': None}, 'args': [], 'kwargs': {}, 'is_eager': False, 'callbacks': None, 'errbacks': None, 'chain': None, 'chord': None, 'called_directly': False, '_protected': 1}>
2022-05-18 15:38:29.345 | tasks.py 23 | WARNING | 0
2022-05-18 15:38:29.346 | tasks.py 25 | WARNING | 异常重试
