2022-05-10 13:15:14.360 | tasks.py 89 | WARNING | IP分析异常重试
2022-05-10 13:20:22.875 | tasks.py 89 | WARNING | IP分析异常重试
2022-05-10 13:20:22.932 | tasks.py 118 | WARNING | ip信誉异常重试
2022-05-10 13:25:07.263 | tasks.py 118 | WARNING | ip信誉异常重试
2022-05-10 13:25:08.129 | tasks.py 89 | WARNING | IP分析异常重试
2022-05-10 13:33:30.417 | tasks.py 118 | WARNING | ip信誉异常重试
2022-05-10 13:33:30.443 | tasks.py 89 | WARNING | IP分析异常重试
2022-05-10 13:34:02.640 | tasks.py 89 | WARNING | IP分析异常重试
2022-05-10 13:34:02.660 | tasks.py 118 | WARNING | ip信誉异常重试
2022-05-10 13:34:44.174 | tasks.py 88 | WARNING | 0
2022-05-10 13:34:44.175 | tasks.py 89 | WARNING | IP分析异常重试
2022-05-10 13:34:44.179 | tasks.py 118 | WARNING | ip信誉异常重试
2022-05-10 13:36:59.215 | tasks.py 118 | WARNING | ip信誉异常重试
2022-05-10 13:36:59.247 | tasks.py 88 | WARNING | 0
2022-05-10 13:36:59.249 | tasks.py 89 | WARNING | IP分析异常重试
2022-05-10 13:42:31.302 | tasks.py 88 | WARNING | 0
2022-05-10 13:42:31.303 | tasks.py 89 | WARNING | IP分析异常重试
2022-05-10 13:42:31.339 | tasks.py 118 | WARNING | ip信誉异常重试
2022-05-10 13:53:27.730 | tasks.py 89 | WARNING | 0
2022-05-10 13:53:27.733 | tasks.py 90 | WARNING | IP分析异常重试
2022-05-10 13:53:28.107 | tasks.py 119 | WARNING | ip信誉异常重试
2022-05-10 14:07:37.234 | tasks.py 89 | WARNING | 0
2022-05-10 14:07:37.243 | tasks.py 90 | WARNING | IP分析异常重试
2022-05-10 14:07:37.525 | tasks.py 119 | WARNING | ip信誉异常重试
2022-05-10 14:11:29.298 | tasks.py 19 | WARNING | 0
2022-05-10 14:11:29.302 | tasks.py 20 | WARNING | 异常重试
2022-05-10 14:13:38.125 | tasks.py 20 | WARNING | 0
2022-05-10 14:13:38.127 | tasks.py 21 | WARNING | 异常重试
2022-05-10 14:15:36.814 | tasks.py 20 | WARNING | 0
2022-05-10 14:15:36.815 | tasks.py 21 | WARNING | 异常重试
2022-05-10 14:16:17.076 | tasks.py 20 | WARNING | 0
2022-05-10 14:16:17.077 | tasks.py 21 | WARNING | 异常重试
2022-05-10 14:16:42.274 | tasks.py 20 | WARNING | <Context: {'lang': 'py', 'task': 'apps.alarm.tasks.add', 'id': '2f658760-f7b2-4f94-b461-3e549080ec90', 'shadow': None, 'eta': None, 'expires': None, 'group': None, 'group_index': None, 'retries': 0, 'timelimit': [None, None], 'root_id': '2f658760-f7b2-4f94-b461-3e549080ec90', 'parent_id': None, 'argsrepr': '()', 'kwargsrepr': '{}', 'origin': 'gen43595@WOODdeMacBook-Pro.local', 'ignore_result': False, 'properties': {'correlation_id': '2f658760-f7b2-4f94-b461-3e549080ec90', 'reply_to': '0ebcd06a-5c6d-313e-92ba-9a7bcb3156f1', 'delivery_mode': 2, 'delivery_info': {'exchange': '', 'routing_key': 'celery'}, 'priority': 0, 'body_encoding': 'base64', 'delivery_tag': '41854385-2d4b-46ff-b4be-b26309e7096c'}, 'reply_to': '0ebcd06a-5c6d-313e-92ba-9a7bcb3156f1', 'correlation_id': '2f658760-f7b2-4f94-b461-3e549080ec90', 'hostname': 'celery@WOODdeMacBook-Pro.local', 'delivery_info': {'exchange': '', 'routing_key': 'celery', 'priority': 0, 'redelivered': None}, 'args': [], 'kwargs': {}, 'is_eager': False, 'callbacks': None, 'errbacks': None, 'chain': None, 'chord': None, 'called_directly': False, '_protected': 1}>
2022-05-10 14:16:42.275 | tasks.py 21 | WARNING | 异常重试
2022-05-10 14:18:13.903 | tasks.py 20 | WARNING | <Context: {'lang': 'py', 'task': 'apps.alarm.tasks.add', 'id': 'c641957b-cf21-4dc8-b29f-4f69cce8567f', 'shadow': None, 'eta': None, 'expires': None, 'group': None, 'group_index': None, 'retries': 0, 'timelimit': [None, None], 'root_id': 'c641957b-cf21-4dc8-b29f-4f69cce8567f', 'parent_id': None, 'argsrepr': '()', 'kwargsrepr': '{}', 'origin': 'gen44281@WOODdeMacBook-Pro.local', 'ignore_result': False, 'properties': {'correlation_id': 'c641957b-cf21-4dc8-b29f-4f69cce8567f', 'reply_to': '3b8bb515-78ba-30d7-80da-646cfc89f714', 'delivery_mode': 2, 'delivery_info': {'exchange': '', 'routing_key': 'celery'}, 'priority': 0, 'body_encoding': 'base64', 'delivery_tag': '966c763d-6abc-44dd-9dd0-fd10e1eecf7d'}, 'reply_to': '3b8bb515-78ba-30d7-80da-646cfc89f714', 'correlation_id': 'c641957b-cf21-4dc8-b29f-4f69cce8567f', 'hostname': 'celery@WOODdeMacBook-Pro.local', 'delivery_info': {'exchange': '', 'routing_key': 'celery', 'priority': 0, 'redelivered': None}, 'args': [], 'kwargs': {}, 'is_eager': False, 'callbacks': None, 'errbacks': None, 'chain': None, 'chord': None, 'called_directly': False, '_protected': 1}>
2022-05-10 14:18:13.904 | tasks.py 21 | WARNING | 异常重试
2022-05-10 14:21:42.199 | tasks.py 20 | WARNING | <Context: {'lang': 'py', 'task': 'apps.alarm.tasks.add', 'id': 'dd4b1c68-6e1d-43b2-9234-dc1343d54455', 'shadow': None, 'eta': None, 'expires': None, 'group': None, 'group_index': None, 'retries': 0, 'timelimit': [None, None], 'root_id': 'dd4b1c68-6e1d-43b2-9234-dc1343d54455', 'parent_id': None, 'argsrepr': '()', 'kwargsrepr': '{}', 'origin': 'gen45785@WOODdeMacBook-Pro.local', 'ignore_result': False, 'properties': {'correlation_id': 'dd4b1c68-6e1d-43b2-9234-dc1343d54455', 'reply_to': 'f4696c54-ef0f-3ab2-a2cb-5821dd0349d7', 'delivery_mode': 2, 'delivery_info': {'exchange': '', 'routing_key': 'celery'}, 'priority': 0, 'body_encoding': 'base64', 'delivery_tag': '6002d6ee-5fd7-4093-b723-fc31a0123ef5'}, 'reply_to': 'f4696c54-ef0f-3ab2-a2cb-5821dd0349d7', 'correlation_id': 'dd4b1c68-6e1d-43b2-9234-dc1343d54455', 'hostname': 'celery@WOODdeMacBook-Pro.local', 'delivery_info': {'exchange': '', 'routing_key': 'celery', 'priority': 0, 'redelivered': None}, 'args': [], 'kwargs': {}, 'is_eager': False, 'callbacks': None, 'errbacks': None, 'chain': None, 'chord': None, 'called_directly': False, '_protected': 1}>
2022-05-10 14:21:42.202 | tasks.py 21 | WARNING | 异常重试
2022-05-10 14:22:20.306 | tasks.py 20 | WARNING | <Context: {'lang': 'py', 'task': 'apps.alarm.tasks.add', 'id': '90db458b-eae7-4895-b801-231f5736eba7', 'shadow': None, 'eta': None, 'expires': None, 'group': None, 'group_index': None, 'retries': 0, 'timelimit': [None, None], 'root_id': '90db458b-eae7-4895-b801-231f5736eba7', 'parent_id': None, 'argsrepr': '()', 'kwargsrepr': '{}', 'origin': 'gen46104@WOODdeMacBook-Pro.local', 'ignore_result': False, 'properties': {'correlation_id': '90db458b-eae7-4895-b801-231f5736eba7', 'reply_to': 'a9e03efc-5549-36c7-9b0d-40fddadb4bdd', 'delivery_mode': 2, 'delivery_info': {'exchange': '', 'routing_key': 'celery'}, 'priority': 0, 'body_encoding': 'base64', 'delivery_tag': '83ebab1a-bdd8-4be0-9270-8e60c1ebca2d'}, 'reply_to': 'a9e03efc-5549-36c7-9b0d-40fddadb4bdd', 'correlation_id': '90db458b-eae7-4895-b801-231f5736eba7', 'hostname': 'celery@WOODdeMacBook-Pro.local', 'delivery_info': {'exchange': '', 'routing_key': 'celery', 'priority': 0, 'redelivered': None}, 'args': [], 'kwargs': {}, 'is_eager': False, 'callbacks': None, 'errbacks': None, 'chain': None, 'chord': None, 'called_directly': False, '_protected': 1}>
2022-05-10 14:22:20.307 | tasks.py 21 | WARNING | 0
2022-05-10 14:22:20.308 | tasks.py 22 | WARNING | 异常重试
2022-05-10 14:28:00.155 | tasks.py 20 | WARNING | <Context: {'lang': 'py', 'task': 'apps.alarm.tasks.add', 'id': '684c76b3-bb51-4c67-ad25-647a92211845', 'shadow': None, 'eta': None, 'expires': None, 'group': None, 'group_index': None, 'retries': 0, 'timelimit': [None, None], 'root_id': '684c76b3-bb51-4c67-ad25-647a92211845', 'parent_id': None, 'argsrepr': '()', 'kwargsrepr': '{}', 'origin': 'gen48685@WOODdeMacBook-Pro.local', 'ignore_result': False, 'properties': {'correlation_id': '684c76b3-bb51-4c67-ad25-647a92211845', 'reply_to': '3f4bf77d-0e3a-3494-a06e-fdeb9e0bd3c3', 'delivery_mode': 2, 'delivery_info': {'exchange': '', 'routing_key': 'celery'}, 'priority': 0, 'body_encoding': 'base64', 'delivery_tag': 'c5188c49-9831-42a2-a2f1-a1a7c1da7960'}, 'reply_to': '3f4bf77d-0e3a-3494-a06e-fdeb9e0bd3c3', 'correlation_id': '684c76b3-bb51-4c67-ad25-647a92211845', 'hostname': 'celery@WOODdeMacBook-Pro.local', 'delivery_info': {'exchange': '', 'routing_key': 'celery', 'priority': 0, 'redelivered': None}, 'args': [], 'kwargs': {}, 'is_eager': False, 'callbacks': None, 'errbacks': None, 'chain': None, 'chord': None, 'called_directly': False, '_protected': 1}>
2022-05-10 14:28:00.156 | tasks.py 21 | WARNING | 0
2022-05-10 14:28:00.156 | tasks.py 22 | WARNING | 异常重试
2022-05-10 14:29:07.822 | tasks.py 20 | WARNING | <Context: {'lang': 'py', 'task': 'apps.alarm.tasks.add', 'id': 'be76e185-74fc-4ab5-bd7c-2757681a6454', 'shadow': None, 'eta': None, 'expires': None, 'group': None, 'group_index': None, 'retries': 0, 'timelimit': [None, None], 'root_id': 'be76e185-74fc-4ab5-bd7c-2757681a6454', 'parent_id': None, 'argsrepr': '()', 'kwargsrepr': '{}', 'origin': 'gen49206@WOODdeMacBook-Pro.local', 'ignore_result': False, 'properties': {'correlation_id': 'be76e185-74fc-4ab5-bd7c-2757681a6454', 'reply_to': 'ac8ff61b-83a0-3e2b-b615-61019ed8673e', 'delivery_mode': 2, 'delivery_info': {'exchange': '', 'routing_key': 'celery'}, 'priority': 0, 'body_encoding': 'base64', 'delivery_tag': 'fd30a371-5da8-4b95-90fc-669da0b57f43'}, 'reply_to': 'ac8ff61b-83a0-3e2b-b615-61019ed8673e', 'correlation_id': 'be76e185-74fc-4ab5-bd7c-2757681a6454', 'hostname': 'celery@WOODdeMacBook-Pro.local', 'delivery_info': {'exchange': '', 'routing_key': 'celery', 'priority': 0, 'redelivered': None}, 'args': [], 'kwargs': {}, 'is_eager': False, 'callbacks': None, 'errbacks': None, 'chain': None, 'chord': None, 'called_directly': False, '_protected': 1}>
2022-05-10 14:29:07.824 | tasks.py 21 | WARNING | 0
2022-05-10 14:29:07.824 | tasks.py 23 | WARNING | 异常重试
2022-05-10 14:29:40.836 | tasks.py 20 | WARNING | <Context: {'lang': 'py', 'task': 'apps.alarm.tasks.add', 'id': '5282d847-82ec-4840-98c2-0969753f7972', 'shadow': None, 'eta': None, 'expires': None, 'group': None, 'group_index': None, 'retries': 0, 'timelimit': [None, None], 'root_id': '5282d847-82ec-4840-98c2-0969753f7972', 'parent_id': None, 'argsrepr': '()', 'kwargsrepr': '{}', 'origin': 'gen49468@WOODdeMacBook-Pro.local', 'ignore_result': False, 'properties': {'correlation_id': '5282d847-82ec-4840-98c2-0969753f7972', 'reply_to': 'c3519a89-2750-3159-b3e8-e4573b569cf9', 'delivery_mode': 2, 'delivery_info': {'exchange': '', 'routing_key': 'celery'}, 'priority': 0, 'body_encoding': 'base64', 'delivery_tag': '88c3b5a0-e696-4182-983c-db3e2d31690b'}, 'reply_to': 'c3519a89-2750-3159-b3e8-e4573b569cf9', 'correlation_id': '5282d847-82ec-4840-98c2-0969753f7972', 'hostname': 'celery@WOODdeMacBook-Pro.local', 'delivery_info': {'exchange': '', 'routing_key': 'celery', 'priority': 0, 'redelivered': None}, 'args': [], 'kwargs': {}, 'is_eager': False, 'callbacks': None, 'errbacks': None, 'chain': None, 'chord': None, 'called_directly': False, '_protected': 1}>
2022-05-10 14:29:40.837 | tasks.py 21 | WARNING | 0
2022-05-10 14:29:40.838 | tasks.py 23 | WARNING | 异常重试
2022-05-10 14:30:59.062 | tasks.py 20 | WARNING | <Context: {'lang': 'py', 'task': 'apps.alarm.tasks.add', 'id': '80ba8f57-0dad-47f2-bf42-d9f5e78aedf3', 'shadow': None, 'eta': None, 'expires': None, 'group': None, 'group_index': None, 'retries': 0, 'timelimit': [None, None], 'root_id': '80ba8f57-0dad-47f2-bf42-d9f5e78aedf3', 'parent_id': None, 'argsrepr': '()', 'kwargsrepr': '{}', 'origin': 'gen50115@WOODdeMacBook-Pro.local', 'ignore_result': False, 'properties': {'correlation_id': '80ba8f57-0dad-47f2-bf42-d9f5e78aedf3', 'reply_to': '19b26f43-2c04-3594-84d9-0a228295fd1c', 'delivery_mode': 2, 'delivery_info': {'exchange': '', 'routing_key': 'celery'}, 'priority': 0, 'body_encoding': 'base64', 'delivery_tag': 'b4181c6f-7a7b-4a26-9581-2b9b3e0772be'}, 'reply_to': '19b26f43-2c04-3594-84d9-0a228295fd1c', 'correlation_id': '80ba8f57-0dad-47f2-bf42-d9f5e78aedf3', 'hostname': 'celery@WOODdeMacBook-Pro.local', 'delivery_info': {'exchange': '', 'routing_key': 'celery', 'priority': 0, 'redelivered': None}, 'args': [], 'kwargs': {}, 'is_eager': False, 'callbacks': None, 'errbacks': None, 'chain': None, 'chord': None, 'called_directly': False, '_protected': 1}>
2022-05-10 14:30:59.063 | tasks.py 21 | WARNING | 0
2022-05-10 14:30:59.064 | tasks.py 23 | WARNING | 异常重试
2022-05-10 14:42:06.830 | tasks.py 20 | WARNING | <Context: {'lang': 'py', 'task': 'apps.alarm.tasks.add', 'id': '72f64930-a83c-40f6-ae34-b03248697e35', 'shadow': None, 'eta': None, 'expires': None, 'group': None, 'group_index': None, 'retries': 0, 'timelimit': [None, None], 'root_id': '72f64930-a83c-40f6-ae34-b03248697e35', 'parent_id': None, 'argsrepr': '()', 'kwargsrepr': '{}', 'origin': 'gen54915@WOODdeMacBook-Pro.local', 'ignore_result': False, 'properties': {'correlation_id': '72f64930-a83c-40f6-ae34-b03248697e35', 'reply_to': '96cb7fc2-45fe-3970-83a2-d59ade67d824', 'delivery_mode': 2, 'delivery_info': {'exchange': '', 'routing_key': 'celery'}, 'priority': 0, 'body_encoding': 'base64', 'delivery_tag': '6c80aa8d-ac67-40d6-9dd9-bcecc0ab4dab'}, 'reply_to': '96cb7fc2-45fe-3970-83a2-d59ade67d824', 'correlation_id': '72f64930-a83c-40f6-ae34-b03248697e35', 'hostname': 'celery@WOODdeMacBook-Pro.local', 'delivery_info': {'exchange': '', 'routing_key': 'celery', 'priority': 0, 'redelivered': None}, 'args': [], 'kwargs': {}, 'is_eager': False, 'callbacks': None, 'errbacks': None, 'chain': None, 'chord': None, 'called_directly': False, '_protected': 1}>
2022-05-10 14:42:06.832 | tasks.py 21 | WARNING | 0
2022-05-10 14:42:06.833 | tasks.py 23 | WARNING | 异常重试
2022-05-10 14:42:38.380 | tasks.py 20 | WARNING | <Context: {'lang': 'py', 'task': 'apps.alarm.tasks.add', 'id': 'c8919df9-a9c4-45dc-8c76-d424e7b01720', 'shadow': None, 'eta': None, 'expires': None, 'group': None, 'group_index': None, 'retries': 0, 'timelimit': [None, None], 'root_id': 'c8919df9-a9c4-45dc-8c76-d424e7b01720', 'parent_id': None, 'argsrepr': '()', 'kwargsrepr': '{}', 'origin': 'gen55214@WOODdeMacBook-Pro.local', 'ignore_result': False, 'properties': {'correlation_id': 'c8919df9-a9c4-45dc-8c76-d424e7b01720', 'reply_to': '0680ff7e-bb7a-3190-a648-ca2a7a7da493', 'delivery_mode': 2, 'delivery_info': {'exchange': '', 'routing_key': 'celery'}, 'priority': 0, 'body_encoding': 'base64', 'delivery_tag': '7100bde5-d0bf-4466-83eb-739f1f0664c1'}, 'reply_to': '0680ff7e-bb7a-3190-a648-ca2a7a7da493', 'correlation_id': 'c8919df9-a9c4-45dc-8c76-d424e7b01720', 'hostname': 'celery@WOODdeMacBook-Pro.local', 'delivery_info': {'exchange': '', 'routing_key': 'celery', 'priority': 0, 'redelivered': None}, 'args': [], 'kwargs': {}, 'is_eager': False, 'callbacks': None, 'errbacks': None, 'chain': None, 'chord': None, 'called_directly': False, '_protected': 1}>
2022-05-10 14:42:38.381 | tasks.py 21 | WARNING | 0
2022-05-10 14:42:38.382 | tasks.py 23 | WARNING | 异常重试
2022-05-10 14:44:34.211 | tasks.py 20 | WARNING | <Context: {'lang': 'py', 'task': 'apps.alarm.tasks.add', 'id': '8551da28-d3df-44f0-a121-cf86ca66bbdd', 'shadow': None, 'eta': None, 'expires': None, 'group': None, 'group_index': None, 'retries': 0, 'timelimit': [None, None], 'root_id': '8551da28-d3df-44f0-a121-cf86ca66bbdd', 'parent_id': None, 'argsrepr': '()', 'kwargsrepr': '{}', 'origin': 'gen56120@WOODdeMacBook-Pro.local', 'ignore_result': False, 'properties': {'correlation_id': '8551da28-d3df-44f0-a121-cf86ca66bbdd', 'reply_to': 'd6010091-0930-3b0c-9966-d119fba60323', 'delivery_mode': 2, 'delivery_info': {'exchange': '', 'routing_key': 'celery'}, 'priority': 0, 'body_encoding': 'base64', 'delivery_tag': '85cb9911-1b0b-4846-9eb6-0c3d87ff0aa4'}, 'reply_to': 'd6010091-0930-3b0c-9966-d119fba60323', 'correlation_id': '8551da28-d3df-44f0-a121-cf86ca66bbdd', 'hostname': 'celery@WOODdeMacBook-Pro.local', 'delivery_info': {'exchange': '', 'routing_key': 'celery', 'priority': 0, 'redelivered': None}, 'args': [], 'kwargs': {}, 'is_eager': False, 'callbacks': None, 'errbacks': None, 'chain': None, 'chord': None, 'called_directly': False, '_protected': 1}>
2022-05-10 14:44:34.213 | tasks.py 21 | WARNING | 0
2022-05-10 14:44:34.213 | tasks.py 23 | WARNING | 异常重试
2022-05-10 14:50:49.771 | tasks.py 94 | WARNING | 0
2022-05-10 14:50:49.781 | tasks.py 95 | WARNING | IP分析异常重试
2022-05-10 14:57:57.447 | tasks.py 92 | WARNING | 0
2022-05-10 14:57:57.448 | tasks.py 93 | WARNING | IP分析异常重试
2022-05-10 14:59:39.352 | tasks.py 122 | WARNING | ip信誉异常重试
2022-05-10 15:03:56.881 | tasks.py 124 | WARNING | ip信誉异常重试
2022-05-10 15:03:56.881 | tasks.py 93 | WARNING | 0
2022-05-10 15:03:56.882 | tasks.py 94 | WARNING | IP分析异常重试
2022-05-10 15:06:26.927 | tasks.py 124 | WARNING | ip信誉异常重试
2022-05-10 15:07:43.409 | tasks.py 124 | WARNING | ip信誉异常重试
2022-05-10 15:11:53.794 | tasks.py 93 | WARNING | 0
2022-05-10 15:11:53.795 | tasks.py 94 | WARNING | IP分析异常重试
2022-05-10 15:11:55.251 | tasks.py 124 | WARNING | ip信誉异常重试
2022-05-10 15:31:37.437 | tasks.py 93 | WARNING | 0
2022-05-10 15:31:37.438 | tasks.py 94 | WARNING | IP分析异常重试
2022-05-10 15:31:39.592 | tasks.py 124 | WARNING | ip信誉异常重试
2022-05-11 08:59:11.894 | tasks.py 21 | WARNING | <Context: {'lang': 'py', 'task': 'apps.alarm.tasks.add', 'id': 'c8919df9-a9c4-45dc-8c76-d424e7b01720', 'shadow': None, 'eta': '2022-05-10T22:42:44.383340+08:00', 'expires': None, 'group': None, 'group_index': None, 'retries': 1, 'timelimit': [None, None], 'root_id': 'c8919df9-a9c4-45dc-8c76-d424e7b01720', 'parent_id': 'c8919df9-a9c4-45dc-8c76-d424e7b01720', 'argsrepr': '()', 'kwargsrepr': '{}', 'origin': 'gen55191@WOODdeMacBook-Pro.local', 'ignore_result': False, 'redelivered': True, 'properties': {'correlation_id': 'c8919df9-a9c4-45dc-8c76-d424e7b01720', 'reply_to': '0680ff7e-bb7a-3190-a648-ca2a7a7da493', 'replaced_task_nesting': 0, 'origin': 'gen55214@WOODdeMacBook-Pro.local', 'delivery_mode': 2, 'delivery_info': {'exchange': '', 'routing_key': 'celery', 'redelivered': True}, 'priority': 0, 'body_encoding': 'base64', 'delivery_tag': 'b2a1b3aa-87e1-4b34-a75a-0834e1539f24'}, 'reply_to': '0680ff7e-bb7a-3190-a648-ca2a7a7da493', 'correlation_id': 'c8919df9-a9c4-45dc-8c76-d424e7b01720', 'hostname': 'celery@WOODdeMacBook-Pro.local', 'delivery_info': {'exchange': '', 'routing_key': 'celery', 'priority': 0, 'redelivered': True}, 'args': [], 'kwargs': {}, 'is_eager': False, 'callbacks': None, 'errbacks': None, 'chain': None, 'chord': None, 'called_directly': False, '_protected': 1}>
2022-05-11 08:59:11.895 | tasks.py 22 | WARNING | 1
2022-05-11 08:59:11.896 | tasks.py 24 | WARNING | 异常重试
2022-05-11 08:59:11.905 | tasks.py 21 | WARNING | <Context: {'lang': 'py', 'task': 'apps.alarm.tasks.add', 'id': '8551da28-d3df-44f0-a121-cf86ca66bbdd', 'shadow': None, 'eta': '2022-05-10T22:44:40.215139+08:00', 'expires': None, 'group': None, 'group_index': None, 'retries': 1, 'timelimit': [None, None], 'root_id': '8551da28-d3df-44f0-a121-cf86ca66bbdd', 'parent_id': '8551da28-d3df-44f0-a121-cf86ca66bbdd', 'argsrepr': '()', 'kwargsrepr': '{}', 'origin': 'gen56094@WOODdeMacBook-Pro.local', 'ignore_result': False, 'redelivered': True, 'properties': {'correlation_id': '8551da28-d3df-44f0-a121-cf86ca66bbdd', 'reply_to': 'd6010091-0930-3b0c-9966-d119fba60323', 'replaced_task_nesting': 0, 'origin': 'gen56120@WOODdeMacBook-Pro.local', 'delivery_mode': 2, 'delivery_info': {'exchange': '', 'routing_key': 'celery', 'redelivered': True}, 'priority': 0, 'body_encoding': 'base64', 'delivery_tag': 'e5e2dee8-45a1-4174-b77f-f890ed1e18fc'}, 'reply_to': 'd6010091-0930-3b0c-9966-d119fba60323', 'correlation_id': '8551da28-d3df-44f0-a121-cf86ca66bbdd', 'hostname': 'celery@WOODdeMacBook-Pro.local', 'delivery_info': {'exchange': '', 'routing_key': 'celery', 'priority': 0, 'redelivered': True}, 'args': [], 'kwargs': {}, 'is_eager': False, 'callbacks': None, 'errbacks': None, 'chain': None, 'chord': None, 'called_directly': False, '_protected': 1}>
2022-05-11 08:59:11.906 | tasks.py 22 | WARNING | 1
2022-05-11 08:59:11.906 | tasks.py 24 | WARNING | 异常重试
2022-05-11 08:59:22.886 | tasks.py 93 | WARNING | 1
2022-05-11 08:59:22.887 | tasks.py 94 | WARNING | IP分析异常重试
2022-05-11 08:59:23.122 | tasks.py 124 | WARNING | ip信誉异常重试
2022-05-11 08:59:23.173 | tasks.py 93 | WARNING | 1
2022-05-11 08:59:23.174 | tasks.py 94 | WARNING | IP分析异常重试
2022-05-11 08:59:24.115 | tasks.py 93 | WARNING | 1
2022-05-11 08:59:24.115 | tasks.py 94 | WARNING | IP分析异常重试
2022-05-11 08:59:24.282 | tasks.py 124 | WARNING | ip信誉异常重试
2022-05-11 08:59:24.502 | tasks.py 124 | WARNING | ip信誉异常重试
2022-05-11 08:59:24.536 | tasks.py 93 | WARNING | 1
2022-05-11 08:59:24.537 | tasks.py 94 | WARNING | IP分析异常重试
2022-05-11 08:59:25.071 | tasks.py 124 | WARNING | ip信誉异常重试
2022-05-11 08:59:27.409 | tasks.py 93 | WARNING | 1
2022-05-11 08:59:27.410 | tasks.py 94 | WARNING | IP分析异常重试
2022-05-11 08:59:37.673 | tasks.py 124 | WARNING | ip信誉异常重试
2022-05-11 08:59:38.126 | tasks.py 93 | WARNING | 1
2022-05-11 08:59:38.126 | tasks.py 94 | WARNING | IP分析异常重试
2022-05-11 08:59:38.702 | tasks.py 124 | WARNING | ip信誉异常重试
2022-05-11 08:59:38.706 | tasks.py 21 | WARNING | <Context: {'lang': 'py', 'task': 'apps.alarm.tasks.add', 'id': 'd6c2c3b0-3d97-4d80-b209-2056a635f7e8', 'shadow': None, 'eta': '2022-05-10T22:11:34.304310+08:00', 'expires': None, 'group': None, 'group_index': None, 'retries': 1, 'timelimit': [None, None], 'root_id': 'd6c2c3b0-3d97-4d80-b209-2056a635f7e8', 'parent_id': 'd6c2c3b0-3d97-4d80-b209-2056a635f7e8', 'argsrepr': '()', 'kwargsrepr': '{}', 'origin': 'gen39498@WOODdeMacBook-Pro.local', 'ignore_result': False, 'redelivered': True, 'properties': {'correlation_id': 'd6c2c3b0-3d97-4d80-b209-2056a635f7e8', 'reply_to': '311748dc-7f71-3699-8614-2de96fd55ace', 'replaced_task_nesting': 0, 'origin': 'gen41233@WOODdeMacBook-Pro.local', 'delivery_mode': 2, 'delivery_info': {'exchange': '', 'routing_key': 'celery', 'redelivered': True}, 'priority': 0, 'body_encoding': 'base64', 'delivery_tag': '61f928e9-a9c9-4067-8c28-b21e912bea4f'}, 'reply_to': '311748dc-7f71-3699-8614-2de96fd55ace', 'correlation_id': 'd6c2c3b0-3d97-4d80-b209-2056a635f7e8', 'hostname': 'celery@WOODdeMacBook-Pro.local', 'delivery_info': {'exchange': '', 'routing_key': 'celery', 'priority': 0, 'redelivered': True}, 'args': [], 'kwargs': {}, 'is_eager': False, 'callbacks': None, 'errbacks': None, 'chain': None, 'chord': None, 'called_directly': False, '_protected': 1}>
2022-05-11 08:59:38.707 | tasks.py 22 | WARNING | 1
2022-05-11 08:59:38.707 | tasks.py 24 | WARNING | 异常重试
2022-05-11 08:59:38.712 | tasks.py 21 | WARNING | <Context: {'lang': 'py', 'task': 'apps.alarm.tasks.add', 'id': 'ebdc0fc4-028e-4d0e-bda6-4aea22a2f434', 'shadow': None, 'eta': '2022-05-10T22:13:43.128515+08:00', 'expires': None, 'group': None, 'group_index': None, 'retries': 1, 'timelimit': [None, None], 'root_id': 'ebdc0fc4-028e-4d0e-bda6-4aea22a2f434', 'parent_id': 'ebdc0fc4-028e-4d0e-bda6-4aea22a2f434', 'argsrepr': '()', 'kwargsrepr': '{}', 'origin': 'gen42089@WOODdeMacBook-Pro.local', 'ignore_result': False, 'redelivered': True, 'properties': {'correlation_id': 'ebdc0fc4-028e-4d0e-bda6-4aea22a2f434', 'reply_to': '8b324485-2dcc-34e5-af6c-fb5d3dbcce3c', 'replaced_task_nesting': 0, 'origin': 'gen42184@WOODdeMacBook-Pro.local', 'delivery_mode': 2, 'delivery_info': {'exchange': '', 'routing_key': 'celery', 'redelivered': True}, 'priority': 0, 'body_encoding': 'base64', 'delivery_tag': 'ed8b8b0f-7c28-4d66-92dc-7ed7b0dd564b'}, 'reply_to': '8b324485-2dcc-34e5-af6c-fb5d3dbcce3c', 'correlation_id': 'ebdc0fc4-028e-4d0e-bda6-4aea22a2f434', 'hostname': 'celery@WOODdeMacBook-Pro.local', 'delivery_info': {'exchange': '', 'routing_key': 'celery', 'priority': 0, 'redelivered': True}, 'args': [], 'kwargs': {}, 'is_eager': False, 'callbacks': None, 'errbacks': None, 'chain': None, 'chord': None, 'called_directly': False, '_protected': 1}>
2022-05-11 08:59:38.713 | tasks.py 22 | WARNING | 1
2022-05-11 08:59:38.713 | tasks.py 24 | WARNING | 异常重试
2022-05-11 08:59:38.724 | tasks.py 21 | WARNING | <Context: {'lang': 'py', 'task': 'apps.alarm.tasks.add', 'id': '2f658760-f7b2-4f94-b461-3e549080ec90', 'shadow': None, 'eta': '2022-05-10T22:16:48.276827+08:00', 'expires': None, 'group': None, 'group_index': None, 'retries': 1, 'timelimit': [None, None], 'root_id': '2f658760-f7b2-4f94-b461-3e549080ec90', 'parent_id': '2f658760-f7b2-4f94-b461-3e549080ec90', 'argsrepr': '()', 'kwargsrepr': '{}', 'origin': 'gen43580@WOODdeMacBook-Pro.local', 'ignore_result': False, 'redelivered': True, 'properties': {'correlation_id': '2f658760-f7b2-4f94-b461-3e549080ec90', 'reply_to': '0ebcd06a-5c6d-313e-92ba-9a7bcb3156f1', 'replaced_task_nesting': 0, 'origin': 'gen43595@WOODdeMacBook-Pro.local', 'delivery_mode': 2, 'delivery_info': {'exchange': '', 'routing_key': 'celery', 'redelivered': True}, 'priority': 0, 'body_encoding': 'base64', 'delivery_tag': '064d6b8c-57ee-4f96-be0c-9496c9038a79'}, 'reply_to': '0ebcd06a-5c6d-313e-92ba-9a7bcb3156f1', 'correlation_id': '2f658760-f7b2-4f94-b461-3e549080ec90', 'hostname': 'celery@WOODdeMacBook-Pro.local', 'delivery_info': {'exchange': '', 'routing_key': 'celery', 'priority': 0, 'redelivered': True}, 'args': [], 'kwargs': {}, 'is_eager': False, 'callbacks': None, 'errbacks': None, 'chain': None, 'chord': None, 'called_directly': False, '_protected': 1}>
2022-05-11 08:59:38.724 | tasks.py 22 | WARNING | 1
2022-05-11 08:59:38.725 | tasks.py 24 | WARNING | 异常重试
2022-05-11 08:59:39.024 | tasks.py 93 | WARNING | 1
2022-05-11 08:59:39.026 | tasks.py 94 | WARNING | IP分析异常重试
2022-05-11 08:59:39.036 | tasks.py 21 | WARNING | <Context: {'lang': 'py', 'task': 'apps.alarm.tasks.add', 'id': '61ca87e4-e454-488b-ab48-ea4436bbfb08', 'shadow': None, 'eta': '2022-05-10T22:15:42.817034+08:00', 'expires': None, 'group': None, 'group_index': None, 'retries': 1, 'timelimit': [None, None], 'root_id': '61ca87e4-e454-488b-ab48-ea4436bbfb08', 'parent_id': '61ca87e4-e454-488b-ab48-ea4436bbfb08', 'argsrepr': '()', 'kwargsrepr': '{}', 'origin': 'gen43038@WOODdeMacBook-Pro.local', 'ignore_result': False, 'redelivered': True, 'properties': {'correlation_id': '61ca87e4-e454-488b-ab48-ea4436bbfb08', 'reply_to': '5c295640-968a-346e-97d2-f78b235aa3cb', 'replaced_task_nesting': 0, 'origin': 'gen43058@WOODdeMacBook-Pro.local', 'delivery_mode': 2, 'delivery_info': {'exchange': '', 'routing_key': 'celery', 'redelivered': True}, 'priority': 0, 'body_encoding': 'base64', 'delivery_tag': '32459751-9bdb-4dbf-a33c-6968be7ce6a0'}, 'reply_to': '5c295640-968a-346e-97d2-f78b235aa3cb', 'correlation_id': '61ca87e4-e454-488b-ab48-ea4436bbfb08', 'hostname': 'celery@WOODdeMacBook-Pro.local', 'delivery_info': {'exchange': '', 'routing_key': 'celery', 'priority': 0, 'redelivered': True}, 'args': [], 'kwargs': {}, 'is_eager': False, 'callbacks': None, 'errbacks': None, 'chain': None, 'chord': None, 'called_directly': False, '_protected': 1}>
2022-05-11 08:59:39.037 | tasks.py 22 | WARNING | 1
2022-05-11 08:59:39.038 | tasks.py 24 | WARNING | 异常重试
2022-05-11 08:59:39.046 | tasks.py 21 | WARNING | <Context: {'lang': 'py', 'task': 'apps.alarm.tasks.add', 'id': 'a89f8d82-9c09-42fb-8c61-fc24eabd9dae', 'shadow': None, 'eta': '2022-05-10T22:16:23.078712+08:00', 'expires': None, 'group': None, 'group_index': None, 'retries': 1, 'timelimit': [None, None], 'root_id': 'a89f8d82-9c09-42fb-8c61-fc24eabd9dae', 'parent_id': 'a89f8d82-9c09-42fb-8c61-fc24eabd9dae', 'argsrepr': '()', 'kwargsrepr': '{}', 'origin': 'gen43367@WOODdeMacBook-Pro.local', 'ignore_result': False, 'redelivered': True, 'properties': {'correlation_id': 'a89f8d82-9c09-42fb-8c61-fc24eabd9dae', 'reply_to': 'ede5d1f9-9a65-3f3c-bf39-ea15e8007e99', 'replaced_task_nesting': 0, 'origin': 'gen43370@WOODdeMacBook-Pro.local', 'delivery_mode': 2, 'delivery_info': {'exchange': '', 'routing_key': 'celery', 'redelivered': True}, 'priority': 0, 'body_encoding': 'base64', 'delivery_tag': '9c56020b-adb8-4609-8403-b3189282fd1d'}, 'reply_to': 'ede5d1f9-9a65-3f3c-bf39-ea15e8007e99', 'correlation_id': 'a89f8d82-9c09-42fb-8c61-fc24eabd9dae', 'hostname': 'celery@WOODdeMacBook-Pro.local', 'delivery_info': {'exchange': '', 'routing_key': 'celery', 'priority': 0, 'redelivered': True}, 'args': [], 'kwargs': {}, 'is_eager': False, 'callbacks': None, 'errbacks': None, 'chain': None, 'chord': None, 'called_directly': False, '_protected': 1}>
2022-05-11 08:59:39.047 | tasks.py 22 | WARNING | 1
2022-05-11 08:59:39.048 | tasks.py 24 | WARNING | 异常重试
2022-05-11 08:59:39.061 | tasks.py 21 | WARNING | <Context: {'lang': 'py', 'task': 'apps.alarm.tasks.add', 'id': 'dd4b1c68-6e1d-43b2-9234-dc1343d54455', 'shadow': None, 'eta': '2022-05-10T22:21:48.205134+08:00', 'expires': None, 'group': None, 'group_index': None, 'retries': 1, 'timelimit': [None, None], 'root_id': 'dd4b1c68-6e1d-43b2-9234-dc1343d54455', 'parent_id': 'dd4b1c68-6e1d-43b2-9234-dc1343d54455', 'argsrepr': '()', 'kwargsrepr': '{}', 'origin': 'gen45764@WOODdeMacBook-Pro.local', 'ignore_result': False, 'redelivered': True, 'properties': {'correlation_id': 'dd4b1c68-6e1d-43b2-9234-dc1343d54455', 'reply_to': 'f4696c54-ef0f-3ab2-a2cb-5821dd0349d7', 'replaced_task_nesting': 0, 'origin': 'gen45785@WOODdeMacBook-Pro.local', 'delivery_mode': 2, 'delivery_info': {'exchange': '', 'routing_key': 'celery', 'redelivered': True}, 'priority': 0, 'body_encoding': 'base64', 'delivery_tag': '2d168e18-73fd-4318-aba9-8afeb0ef2879'}, 'reply_to': 'f4696c54-ef0f-3ab2-a2cb-5821dd0349d7', 'correlation_id': 'dd4b1c68-6e1d-43b2-9234-dc1343d54455', 'hostname': 'celery@WOODdeMacBook-Pro.local', 'delivery_info': {'exchange': '', 'routing_key': 'celery', 'priority': 0, 'redelivered': True}, 'args': [], 'kwargs': {}, 'is_eager': False, 'callbacks': None, 'errbacks': None, 'chain': None, 'chord': None, 'called_directly': False, '_protected': 1}>
2022-05-11 08:59:39.062 | tasks.py 22 | WARNING | 1
2022-05-11 08:59:39.063 | tasks.py 24 | WARNING | 异常重试
2022-05-11 08:59:39.159 | tasks.py 93 | WARNING | 1
2022-05-11 08:59:39.160 | tasks.py 94 | WARNING | IP分析异常重试
2022-05-11 08:59:39.167 | tasks.py 21 | WARNING | <Context: {'lang': 'py', 'task': 'apps.alarm.tasks.add', 'id': '90db458b-eae7-4895-b801-231f5736eba7', 'shadow': None, 'eta': '2022-05-10T22:22:26.309466+08:00', 'expires': None, 'group': None, 'group_index': None, 'retries': 1, 'timelimit': [None, None], 'root_id': '90db458b-eae7-4895-b801-231f5736eba7', 'parent_id': '90db458b-eae7-4895-b801-231f5736eba7', 'argsrepr': '()', 'kwargsrepr': '{}', 'origin': 'gen46094@WOODdeMacBook-Pro.local', 'ignore_result': False, 'redelivered': True, 'properties': {'correlation_id': '90db458b-eae7-4895-b801-231f5736eba7', 'reply_to': 'a9e03efc-5549-36c7-9b0d-40fddadb4bdd', 'replaced_task_nesting': 0, 'origin': 'gen46104@WOODdeMacBook-Pro.local', 'delivery_mode': 2, 'delivery_info': {'exchange': '', 'routing_key': 'celery', 'redelivered': True}, 'priority': 0, 'body_encoding': 'base64', 'delivery_tag': 'cb149d5a-7e26-4442-beef-5f1053d27506'}, 'reply_to': 'a9e03efc-5549-36c7-9b0d-40fddadb4bdd', 'correlation_id': '90db458b-eae7-4895-b801-231f5736eba7', 'hostname': 'celery@WOODdeMacBook-Pro.local', 'delivery_info': {'exchange': '', 'routing_key': 'celery', 'priority': 0, 'redelivered': True}, 'args': [], 'kwargs': {}, 'is_eager': False, 'callbacks': None, 'errbacks': None, 'chain': None, 'chord': None, 'called_directly': False, '_protected': 1}>
2022-05-11 08:59:39.168 | tasks.py 22 | WARNING | 1
2022-05-11 08:59:39.168 | tasks.py 24 | WARNING | 异常重试
2022-05-11 08:59:39.203 | tasks.py 124 | WARNING | ip信誉异常重试
2022-05-11 08:59:39.298 | tasks.py 124 | WARNING | ip信誉异常重试
2022-05-11 08:59:39.305 | tasks.py 21 | WARNING | <Context: {'lang': 'py', 'task': 'apps.alarm.tasks.add', 'id': '684c76b3-bb51-4c67-ad25-647a92211845', 'shadow': None, 'eta': '2022-05-10T22:28:06.157752+08:00', 'expires': None, 'group': None, 'group_index': None, 'retries': 1, 'timelimit': [None, None], 'root_id': '684c76b3-bb51-4c67-ad25-647a92211845', 'parent_id': '684c76b3-bb51-4c67-ad25-647a92211845', 'argsrepr': '()', 'kwargsrepr': '{}', 'origin': 'gen48657@WOODdeMacBook-Pro.local', 'ignore_result': False, 'redelivered': True, 'properties': {'correlation_id': '684c76b3-bb51-4c67-ad25-647a92211845', 'reply_to': '3f4bf77d-0e3a-3494-a06e-fdeb9e0bd3c3', 'replaced_task_nesting': 0, 'origin': 'gen48685@WOODdeMacBook-Pro.local', 'delivery_mode': 2, 'delivery_info': {'exchange': '', 'routing_key': 'celery', 'redelivered': True}, 'priority': 0, 'body_encoding': 'base64', 'delivery_tag': 'a2d41d49-86ca-44c2-ac50-8078371ff826'}, 'reply_to': '3f4bf77d-0e3a-3494-a06e-fdeb9e0bd3c3', 'correlation_id': '684c76b3-bb51-4c67-ad25-647a92211845', 'hostname': 'celery@WOODdeMacBook-Pro.local', 'delivery_info': {'exchange': '', 'routing_key': 'celery', 'priority': 0, 'redelivered': True}, 'args': [], 'kwargs': {}, 'is_eager': False, 'callbacks': None, 'errbacks': None, 'chain': None, 'chord': None, 'called_directly': False, '_protected': 1}>
2022-05-11 08:59:39.306 | tasks.py 22 | WARNING | 1
2022-05-11 08:59:39.306 | tasks.py 24 | WARNING | 异常重试
2022-05-11 08:59:39.313 | tasks.py 21 | WARNING | <Context: {'lang': 'py', 'task': 'apps.alarm.tasks.add', 'id': '5282d847-82ec-4840-98c2-0969753f7972', 'shadow': None, 'eta': '2022-05-10T22:29:46.839532+08:00', 'expires': None, 'group': None, 'group_index': None, 'retries': 1, 'timelimit': [None, None], 'root_id': '5282d847-82ec-4840-98c2-0969753f7972', 'parent_id': '5282d847-82ec-4840-98c2-0969753f7972', 'argsrepr': '()', 'kwargsrepr': '{}', 'origin': 'gen49452@WOODdeMacBook-Pro.local', 'ignore_result': False, 'redelivered': True, 'properties': {'correlation_id': '5282d847-82ec-4840-98c2-0969753f7972', 'reply_to': 'c3519a89-2750-3159-b3e8-e4573b569cf9', 'replaced_task_nesting': 0, 'origin': 'gen49468@WOODdeMacBook-Pro.local', 'delivery_mode': 2, 'delivery_info': {'exchange': '', 'routing_key': 'celery', 'redelivered': True}, 'priority': 0, 'body_encoding': 'base64', 'delivery_tag': '42a4f82d-057e-45d1-a483-d6be038e6204'}, 'reply_to': 'c3519a89-2750-3159-b3e8-e4573b569cf9', 'correlation_id': '5282d847-82ec-4840-98c2-0969753f7972', 'hostname': 'celery@WOODdeMacBook-Pro.local', 'delivery_info': {'exchange': '', 'routing_key': 'celery', 'priority': 0, 'redelivered': True}, 'args': [], 'kwargs': {}, 'is_eager': False, 'callbacks': None, 'errbacks': None, 'chain': None, 'chord': None, 'called_directly': False, '_protected': 1}>
2022-05-11 08:59:39.313 | tasks.py 22 | WARNING | 1
2022-05-11 08:59:39.314 | tasks.py 24 | WARNING | 异常重试
2022-05-11 08:59:41.214 | tasks.py 93 | WARNING | 1
2022-05-11 08:59:41.215 | tasks.py 94 | WARNING | IP分析异常重试
2022-05-11 08:59:42.790 | tasks.py 124 | WARNING | ip信誉异常重试
2022-05-11 08:59:42.797 | tasks.py 21 | WARNING | <Context: {'lang': 'py', 'task': 'apps.alarm.tasks.add', 'id': '80ba8f57-0dad-47f2-bf42-d9f5e78aedf3', 'shadow': None, 'eta': '2022-05-10T22:31:05.065560+08:00', 'expires': None, 'group': None, 'group_index': None, 'retries': 1, 'timelimit': [None, None], 'root_id': '80ba8f57-0dad-47f2-bf42-d9f5e78aedf3', 'parent_id': '80ba8f57-0dad-47f2-bf42-d9f5e78aedf3', 'argsrepr': '()', 'kwargsrepr': '{}', 'origin': 'gen50106@WOODdeMacBook-Pro.local', 'ignore_result': False, 'redelivered': True, 'properties': {'correlation_id': '80ba8f57-0dad-47f2-bf42-d9f5e78aedf3', 'reply_to': '19b26f43-2c04-3594-84d9-0a228295fd1c', 'replaced_task_nesting': 0, 'origin': 'gen50115@WOODdeMacBook-Pro.local', 'delivery_mode': 2, 'delivery_info': {'exchange': '', 'routing_key': 'celery', 'redelivered': True}, 'priority': 0, 'body_encoding': 'base64', 'delivery_tag': '674c9d61-d77f-4dfd-a2ce-771162b360cd'}, 'reply_to': '19b26f43-2c04-3594-84d9-0a228295fd1c', 'correlation_id': '80ba8f57-0dad-47f2-bf42-d9f5e78aedf3', 'hostname': 'celery@WOODdeMacBook-Pro.local', 'delivery_info': {'exchange': '', 'routing_key': 'celery', 'priority': 0, 'redelivered': True}, 'args': [], 'kwargs': {}, 'is_eager': False, 'callbacks': None, 'errbacks': None, 'chain': None, 'chord': None, 'called_directly': False, '_protected': 1}>
2022-05-11 08:59:42.798 | tasks.py 22 | WARNING | 1
2022-05-11 08:59:42.800 | tasks.py 24 | WARNING | 异常重试
2022-05-11 08:59:52.627 | tasks.py 124 | WARNING | ip信誉异常重试
2022-05-11 08:59:53.364 | tasks.py 93 | WARNING | 1
2022-05-11 08:59:53.365 | tasks.py 94 | WARNING | IP分析异常重试
2022-05-11 08:59:53.423 | tasks.py 93 | WARNING | 1
2022-05-11 08:59:53.423 | tasks.py 94 | WARNING | IP分析异常重试
2022-05-11 08:59:53.969 | tasks.py 124 | WARNING | ip信誉异常重试
2022-05-11 08:59:54.118 | tasks.py 93 | WARNING | 1
2022-05-11 08:59:54.119 | tasks.py 94 | WARNING | IP分析异常重试
2022-05-11 08:59:54.181 | tasks.py 93 | WARNING | 1
2022-05-11 08:59:54.182 | tasks.py 94 | WARNING | IP分析异常重试
2022-05-11 08:59:55.108 | tasks.py 93 | WARNING | 1
2022-05-11 08:59:55.109 | tasks.py 94 | WARNING | IP分析异常重试
2022-05-11 08:59:56.943 | tasks.py 124 | WARNING | ip信誉异常重试
