2022-05-10 17:03:02.317 | tasks.py 25 | INFO | 获取扫描的结果：
2022-05-10 17:04:02.273 | tasks.py 25 | INFO | 获取扫描的结果：
2022-05-10 17:05:02.245 | tasks.py 25 | INFO | 获取扫描的结果：
2022-05-10 17:06:02.264 | tasks.py 25 | INFO | 获取扫描的结果：
2022-05-10 17:07:02.255 | tasks.py 25 | INFO | 获取扫描的结果：
2022-05-10 17:08:02.283 | tasks.py 25 | INFO | 获取扫描的结果：
2022-05-10 17:08:02.283 | tasks.py 25 | INFO | 获取扫描的结果：
2022-05-10 17:08:05.295 | fz_scan.py 84 | ERROR | 扫描异常，
2022-05-10 17:08:05.295 | fz_scan.py 84 | ERROR | 扫描异常，
2022-05-10 17:09:02.261 | tasks.py 25 | INFO | 获取扫描的结果：
2022-05-10 17:09:02.261 | tasks.py 25 | INFO | 获取扫描的结果：
2022-05-10 17:09:05.268 | fz_scan.py 84 | ERROR | 扫描异常，
2022-05-10 17:09:05.268 | fz_scan.py 84 | ERROR | 扫描异常，
2022-05-10 17:10:02.302 | tasks.py 25 | INFO | 获取扫描的结果：
2022-05-10 17:10:02.302 | tasks.py 25 | INFO | 获取扫描的结果：
2022-05-10 17:11:02.264 | tasks.py 25 | INFO | 获取扫描的结果：
2022-05-10 17:11:02.264 | tasks.py 25 | INFO | 获取扫描的结果：
2022-05-10 17:12:02.345 | tasks.py 25 | INFO | 获取扫描的结果：
2022-05-10 17:12:02.345 | tasks.py 25 | INFO | 获取扫描的结果：
2022-05-10 17:13:02.289 | tasks.py 25 | INFO | 获取扫描的结果：
2022-05-10 17:13:02.289 | tasks.py 25 | INFO | 获取扫描的结果：
2022-05-10 17:14:04.750 | tasks.py 25 | INFO | 获取扫描的结果：833f04f6-e252-4bda-858f-c51fdad634cd
2022-05-10 17:14:04.750 | tasks.py 25 | INFO | 获取扫描的结果：833f04f6-e252-4bda-858f-c51fdad634cd
2022-05-10 17:14:12.302 | tasks.py 25 | INFO | 获取扫描的结果：833f04f6-e252-4bda-858f-c51fdad634cd
2022-05-10 17:14:12.302 | tasks.py 25 | INFO | 获取扫描的结果：833f04f6-e252-4bda-858f-c51fdad634cd
2022-05-10 17:14:22.329 | tasks.py 25 | INFO | 获取扫描的结果：833f04f6-e252-4bda-858f-c51fdad634cd
2022-05-10 17:14:22.329 | tasks.py 25 | INFO | 获取扫描的结果：833f04f6-e252-4bda-858f-c51fdad634cd
2022-05-10 17:14:32.321 | tasks.py 25 | INFO | 获取扫描的结果：833f04f6-e252-4bda-858f-c51fdad634cd
2022-05-10 17:14:32.321 | tasks.py 25 | INFO | 获取扫描的结果：833f04f6-e252-4bda-858f-c51fdad634cd
2022-05-10 17:14:42.314 | tasks.py 25 | INFO | 获取扫描的结果：833f04f6-e252-4bda-858f-c51fdad634cd
2022-05-10 17:14:42.314 | tasks.py 25 | INFO | 获取扫描的结果：833f04f6-e252-4bda-858f-c51fdad634cd
2022-05-10 17:14:52.331 | tasks.py 25 | INFO | 获取扫描的结果：833f04f6-e252-4bda-858f-c51fdad634cd
2022-05-10 17:14:52.331 | tasks.py 25 | INFO | 获取扫描的结果：833f04f6-e252-4bda-858f-c51fdad634cd
2022-05-10 17:15:02.337 | tasks.py 25 | INFO | 获取扫描的结果：833f04f6-e252-4bda-858f-c51fdad634cd
2022-05-10 17:15:02.337 | tasks.py 25 | INFO | 获取扫描的结果：833f04f6-e252-4bda-858f-c51fdad634cd
2022-05-10 17:15:12.322 | tasks.py 25 | INFO | 获取扫描的结果：833f04f6-e252-4bda-858f-c51fdad634cd
2022-05-10 17:15:12.322 | tasks.py 25 | INFO | 获取扫描的结果：833f04f6-e252-4bda-858f-c51fdad634cd
2022-05-10 17:15:22.361 | tasks.py 25 | INFO | 获取扫描的结果：833f04f6-e252-4bda-858f-c51fdad634cd
2022-05-10 17:15:22.361 | tasks.py 25 | INFO | 获取扫描的结果：833f04f6-e252-4bda-858f-c51fdad634cd
2022-05-10 17:15:32.362 | tasks.py 25 | INFO | 获取扫描的结果：833f04f6-e252-4bda-858f-c51fdad634cd
2022-05-10 17:15:32.362 | tasks.py 25 | INFO | 获取扫描的结果：833f04f6-e252-4bda-858f-c51fdad634cd
2022-05-10 17:15:42.367 | tasks.py 25 | INFO | 获取扫描的结果：833f04f6-e252-4bda-858f-c51fdad634cd
2022-05-10 17:15:42.367 | tasks.py 25 | INFO | 获取扫描的结果：833f04f6-e252-4bda-858f-c51fdad634cd
2022-05-10 17:15:52.339 | tasks.py 25 | INFO | 获取扫描的结果：833f04f6-e252-4bda-858f-c51fdad634cd
2022-05-10 17:15:52.339 | tasks.py 25 | INFO | 获取扫描的结果：833f04f6-e252-4bda-858f-c51fdad634cd
2022-05-10 17:16:02.341 | tasks.py 25 | INFO | 获取扫描的结果：833f04f6-e252-4bda-858f-c51fdad634cd
2022-05-10 17:16:02.341 | tasks.py 25 | INFO | 获取扫描的结果：833f04f6-e252-4bda-858f-c51fdad634cd
2022-05-10 17:16:12.364 | tasks.py 25 | INFO | 获取扫描的结果：833f04f6-e252-4bda-858f-c51fdad634cd
2022-05-10 17:16:12.364 | tasks.py 25 | INFO | 获取扫描的结果：833f04f6-e252-4bda-858f-c51fdad634cd
2022-05-10 17:16:22.342 | tasks.py 25 | INFO | 获取扫描的结果：833f04f6-e252-4bda-858f-c51fdad634cd
2022-05-10 17:16:22.342 | tasks.py 25 | INFO | 获取扫描的结果：833f04f6-e252-4bda-858f-c51fdad634cd
2022-05-10 17:16:32.344 | tasks.py 25 | INFO | 获取扫描的结果：833f04f6-e252-4bda-858f-c51fdad634cd
2022-05-10 17:16:32.344 | tasks.py 25 | INFO | 获取扫描的结果：833f04f6-e252-4bda-858f-c51fdad634cd
2022-05-10 17:16:42.343 | tasks.py 25 | INFO | 获取扫描的结果：833f04f6-e252-4bda-858f-c51fdad634cd
2022-05-10 17:16:42.343 | tasks.py 25 | INFO | 获取扫描的结果：833f04f6-e252-4bda-858f-c51fdad634cd
2022-05-10 17:16:52.370 | tasks.py 25 | INFO | 获取扫描的结果：833f04f6-e252-4bda-858f-c51fdad634cd
2022-05-10 17:16:52.370 | tasks.py 25 | INFO | 获取扫描的结果：833f04f6-e252-4bda-858f-c51fdad634cd
2022-05-10 17:17:02.380 | tasks.py 25 | INFO | 获取扫描的结果：833f04f6-e252-4bda-858f-c51fdad634cd
2022-05-10 17:17:02.380 | tasks.py 25 | INFO | 获取扫描的结果：833f04f6-e252-4bda-858f-c51fdad634cd
2022-05-10 17:17:12.375 | tasks.py 25 | INFO | 获取扫描的结果：833f04f6-e252-4bda-858f-c51fdad634cd
2022-05-10 17:17:12.375 | tasks.py 25 | INFO | 获取扫描的结果：833f04f6-e252-4bda-858f-c51fdad634cd
2022-05-10 17:17:22.361 | tasks.py 25 | INFO | 获取扫描的结果：833f04f6-e252-4bda-858f-c51fdad634cd
2022-05-10 17:17:22.361 | tasks.py 25 | INFO | 获取扫描的结果：833f04f6-e252-4bda-858f-c51fdad634cd
2022-05-10 17:17:32.361 | tasks.py 25 | INFO | 获取扫描的结果：833f04f6-e252-4bda-858f-c51fdad634cd
2022-05-10 17:17:32.361 | tasks.py 25 | INFO | 获取扫描的结果：833f04f6-e252-4bda-858f-c51fdad634cd
2022-05-10 17:17:42.379 | tasks.py 25 | INFO | 获取扫描的结果：833f04f6-e252-4bda-858f-c51fdad634cd
2022-05-10 17:17:42.379 | tasks.py 25 | INFO | 获取扫描的结果：833f04f6-e252-4bda-858f-c51fdad634cd
2022-05-10 17:17:52.362 | tasks.py 25 | INFO | 获取扫描的结果：833f04f6-e252-4bda-858f-c51fdad634cd
2022-05-10 17:17:52.362 | tasks.py 25 | INFO | 获取扫描的结果：833f04f6-e252-4bda-858f-c51fdad634cd
2022-05-10 17:18:02.369 | tasks.py 25 | INFO | 获取扫描的结果：833f04f6-e252-4bda-858f-c51fdad634cd
2022-05-10 17:18:02.369 | tasks.py 25 | INFO | 获取扫描的结果：833f04f6-e252-4bda-858f-c51fdad634cd
2022-05-10 17:18:12.380 | tasks.py 25 | INFO | 获取扫描的结果：833f04f6-e252-4bda-858f-c51fdad634cd
2022-05-10 17:18:12.380 | tasks.py 25 | INFO | 获取扫描的结果：833f04f6-e252-4bda-858f-c51fdad634cd
2022-05-10 17:18:22.370 | tasks.py 25 | INFO | 获取扫描的结果：833f04f6-e252-4bda-858f-c51fdad634cd
2022-05-10 17:18:22.370 | tasks.py 25 | INFO | 获取扫描的结果：833f04f6-e252-4bda-858f-c51fdad634cd
2022-05-10 17:18:32.376 | tasks.py 25 | INFO | 获取扫描的结果：833f04f6-e252-4bda-858f-c51fdad634cd
2022-05-10 17:18:32.376 | tasks.py 25 | INFO | 获取扫描的结果：833f04f6-e252-4bda-858f-c51fdad634cd
2022-05-10 17:18:42.375 | tasks.py 25 | INFO | 获取扫描的结果：833f04f6-e252-4bda-858f-c51fdad634cd
2022-05-10 17:18:42.375 | tasks.py 25 | INFO | 获取扫描的结果：833f04f6-e252-4bda-858f-c51fdad634cd
2022-05-10 17:18:52.378 | tasks.py 25 | INFO | 获取扫描的结果：833f04f6-e252-4bda-858f-c51fdad634cd
2022-05-10 17:18:52.378 | tasks.py 25 | INFO | 获取扫描的结果：833f04f6-e252-4bda-858f-c51fdad634cd
2022-05-10 17:19:02.386 | tasks.py 25 | INFO | 获取扫描的结果：833f04f6-e252-4bda-858f-c51fdad634cd
2022-05-10 17:19:02.386 | tasks.py 25 | INFO | 获取扫描的结果：833f04f6-e252-4bda-858f-c51fdad634cd
2022-05-10 17:19:12.394 | tasks.py 25 | INFO | 获取扫描的结果：833f04f6-e252-4bda-858f-c51fdad634cd
2022-05-10 17:19:12.394 | tasks.py 25 | INFO | 获取扫描的结果：833f04f6-e252-4bda-858f-c51fdad634cd
2022-05-10 17:19:22.388 | tasks.py 25 | INFO | 获取扫描的结果：833f04f6-e252-4bda-858f-c51fdad634cd
2022-05-10 17:19:22.388 | tasks.py 25 | INFO | 获取扫描的结果：833f04f6-e252-4bda-858f-c51fdad634cd
2022-05-10 17:19:32.404 | tasks.py 25 | INFO | 获取扫描的结果：833f04f6-e252-4bda-858f-c51fdad634cd
2022-05-10 17:19:32.404 | tasks.py 25 | INFO | 获取扫描的结果：833f04f6-e252-4bda-858f-c51fdad634cd
2022-05-10 17:19:42.413 | tasks.py 25 | INFO | 获取扫描的结果：833f04f6-e252-4bda-858f-c51fdad634cd
2022-05-10 17:19:42.413 | tasks.py 25 | INFO | 获取扫描的结果：833f04f6-e252-4bda-858f-c51fdad634cd
2022-05-10 17:19:52.403 | tasks.py 25 | INFO | 获取扫描的结果：833f04f6-e252-4bda-858f-c51fdad634cd
2022-05-10 17:19:52.403 | tasks.py 25 | INFO | 获取扫描的结果：833f04f6-e252-4bda-858f-c51fdad634cd
2022-05-10 17:20:02.407 | tasks.py 25 | INFO | 获取扫描的结果：833f04f6-e252-4bda-858f-c51fdad634cd
2022-05-10 17:20:02.407 | tasks.py 25 | INFO | 获取扫描的结果：833f04f6-e252-4bda-858f-c51fdad634cd
2022-05-10 17:20:12.415 | tasks.py 25 | INFO | 获取扫描的结果：833f04f6-e252-4bda-858f-c51fdad634cd
2022-05-10 17:20:12.415 | tasks.py 25 | INFO | 获取扫描的结果：833f04f6-e252-4bda-858f-c51fdad634cd
2022-05-10 17:20:22.410 | tasks.py 25 | INFO | 获取扫描的结果：833f04f6-e252-4bda-858f-c51fdad634cd
2022-05-10 17:20:22.410 | tasks.py 25 | INFO | 获取扫描的结果：833f04f6-e252-4bda-858f-c51fdad634cd
2022-05-10 17:20:32.398 | tasks.py 25 | INFO | 获取扫描的结果：833f04f6-e252-4bda-858f-c51fdad634cd
2022-05-10 17:20:32.398 | tasks.py 25 | INFO | 获取扫描的结果：833f04f6-e252-4bda-858f-c51fdad634cd
2022-05-10 17:20:42.434 | tasks.py 25 | INFO | 获取扫描的结果：833f04f6-e252-4bda-858f-c51fdad634cd
2022-05-10 17:20:42.434 | tasks.py 25 | INFO | 获取扫描的结果：833f04f6-e252-4bda-858f-c51fdad634cd
2022-05-10 17:20:52.411 | tasks.py 25 | INFO | 获取扫描的结果：833f04f6-e252-4bda-858f-c51fdad634cd
2022-05-10 17:20:52.411 | tasks.py 25 | INFO | 获取扫描的结果：833f04f6-e252-4bda-858f-c51fdad634cd
2022-05-10 17:21:02.422 | tasks.py 25 | INFO | 获取扫描的结果：833f04f6-e252-4bda-858f-c51fdad634cd
2022-05-10 17:21:02.422 | tasks.py 25 | INFO | 获取扫描的结果：833f04f6-e252-4bda-858f-c51fdad634cd
2022-05-10 17:21:12.426 | tasks.py 25 | INFO | 获取扫描的结果：833f04f6-e252-4bda-858f-c51fdad634cd
2022-05-10 17:21:12.426 | tasks.py 25 | INFO | 获取扫描的结果：833f04f6-e252-4bda-858f-c51fdad634cd
2022-05-10 17:21:22.425 | tasks.py 25 | INFO | 获取扫描的结果：833f04f6-e252-4bda-858f-c51fdad634cd
2022-05-10 17:21:22.425 | tasks.py 25 | INFO | 获取扫描的结果：833f04f6-e252-4bda-858f-c51fdad634cd
2022-05-10 17:21:32.432 | tasks.py 25 | INFO | 获取扫描的结果：833f04f6-e252-4bda-858f-c51fdad634cd
2022-05-10 17:21:32.432 | tasks.py 25 | INFO | 获取扫描的结果：833f04f6-e252-4bda-858f-c51fdad634cd
2022-05-10 17:21:42.420 | tasks.py 25 | INFO | 获取扫描的结果：833f04f6-e252-4bda-858f-c51fdad634cd
2022-05-10 17:21:42.420 | tasks.py 25 | INFO | 获取扫描的结果：833f04f6-e252-4bda-858f-c51fdad634cd
2022-05-10 17:21:52.411 | tasks.py 25 | INFO | 获取扫描的结果：833f04f6-e252-4bda-858f-c51fdad634cd
2022-05-10 17:21:52.411 | tasks.py 25 | INFO | 获取扫描的结果：833f04f6-e252-4bda-858f-c51fdad634cd
2022-05-10 17:22:02.429 | tasks.py 25 | INFO | 获取扫描的结果：833f04f6-e252-4bda-858f-c51fdad634cd
2022-05-10 17:22:02.429 | tasks.py 25 | INFO | 获取扫描的结果：833f04f6-e252-4bda-858f-c51fdad634cd
2022-05-10 17:22:12.420 | tasks.py 25 | INFO | 获取扫描的结果：833f04f6-e252-4bda-858f-c51fdad634cd
2022-05-10 17:22:12.420 | tasks.py 25 | INFO | 获取扫描的结果：833f04f6-e252-4bda-858f-c51fdad634cd
2022-05-10 17:22:22.420 | tasks.py 25 | INFO | 获取扫描的结果：833f04f6-e252-4bda-858f-c51fdad634cd
2022-05-10 17:22:22.420 | tasks.py 25 | INFO | 获取扫描的结果：833f04f6-e252-4bda-858f-c51fdad634cd
2022-05-10 17:22:32.449 | tasks.py 25 | INFO | 获取扫描的结果：833f04f6-e252-4bda-858f-c51fdad634cd
2022-05-10 17:22:32.449 | tasks.py 25 | INFO | 获取扫描的结果：833f04f6-e252-4bda-858f-c51fdad634cd
2022-05-10 17:22:42.433 | tasks.py 25 | INFO | 获取扫描的结果：833f04f6-e252-4bda-858f-c51fdad634cd
2022-05-10 17:22:42.433 | tasks.py 25 | INFO | 获取扫描的结果：833f04f6-e252-4bda-858f-c51fdad634cd
2022-05-10 17:22:52.443 | tasks.py 25 | INFO | 获取扫描的结果：833f04f6-e252-4bda-858f-c51fdad634cd
2022-05-10 17:22:52.443 | tasks.py 25 | INFO | 获取扫描的结果：833f04f6-e252-4bda-858f-c51fdad634cd
2022-05-10 17:23:02.423 | tasks.py 25 | INFO | 获取扫描的结果：833f04f6-e252-4bda-858f-c51fdad634cd
2022-05-10 17:23:02.423 | tasks.py 25 | INFO | 获取扫描的结果：833f04f6-e252-4bda-858f-c51fdad634cd
2022-05-10 17:23:12.443 | tasks.py 25 | INFO | 获取扫描的结果：833f04f6-e252-4bda-858f-c51fdad634cd
2022-05-10 17:23:12.443 | tasks.py 25 | INFO | 获取扫描的结果：833f04f6-e252-4bda-858f-c51fdad634cd
2022-05-10 17:23:22.448 | tasks.py 25 | INFO | 获取扫描的结果：833f04f6-e252-4bda-858f-c51fdad634cd
2022-05-10 17:23:22.448 | tasks.py 25 | INFO | 获取扫描的结果：833f04f6-e252-4bda-858f-c51fdad634cd
2022-05-10 17:23:32.434 | tasks.py 25 | INFO | 获取扫描的结果：833f04f6-e252-4bda-858f-c51fdad634cd
2022-05-10 17:23:32.434 | tasks.py 25 | INFO | 获取扫描的结果：833f04f6-e252-4bda-858f-c51fdad634cd
2022-05-10 17:23:42.453 | tasks.py 25 | INFO | 获取扫描的结果：833f04f6-e252-4bda-858f-c51fdad634cd
2022-05-10 17:23:42.453 | tasks.py 25 | INFO | 获取扫描的结果：833f04f6-e252-4bda-858f-c51fdad634cd
2022-05-10 17:23:52.448 | tasks.py 25 | INFO | 获取扫描的结果：833f04f6-e252-4bda-858f-c51fdad634cd
2022-05-10 17:23:52.448 | tasks.py 25 | INFO | 获取扫描的结果：833f04f6-e252-4bda-858f-c51fdad634cd
2022-05-10 17:24:02.464 | tasks.py 25 | INFO | 获取扫描的结果：833f04f6-e252-4bda-858f-c51fdad634cd
2022-05-10 17:24:02.464 | tasks.py 25 | INFO | 获取扫描的结果：833f04f6-e252-4bda-858f-c51fdad634cd
2022-05-10 17:24:12.459 | tasks.py 25 | INFO | 获取扫描的结果：833f04f6-e252-4bda-858f-c51fdad634cd
2022-05-10 17:24:12.459 | tasks.py 25 | INFO | 获取扫描的结果：833f04f6-e252-4bda-858f-c51fdad634cd
2022-05-10 17:24:22.438 | tasks.py 25 | INFO | 获取扫描的结果：833f04f6-e252-4bda-858f-c51fdad634cd
2022-05-10 17:24:22.438 | tasks.py 25 | INFO | 获取扫描的结果：833f04f6-e252-4bda-858f-c51fdad634cd
2022-05-10 17:24:32.437 | tasks.py 25 | INFO | 获取扫描的结果：833f04f6-e252-4bda-858f-c51fdad634cd
2022-05-10 17:24:32.437 | tasks.py 25 | INFO | 获取扫描的结果：833f04f6-e252-4bda-858f-c51fdad634cd
2022-05-10 17:24:42.459 | tasks.py 25 | INFO | 获取扫描的结果：833f04f6-e252-4bda-858f-c51fdad634cd
2022-05-10 17:24:42.459 | tasks.py 25 | INFO | 获取扫描的结果：833f04f6-e252-4bda-858f-c51fdad634cd
2022-05-10 17:24:52.446 | tasks.py 25 | INFO | 获取扫描的结果：833f04f6-e252-4bda-858f-c51fdad634cd
2022-05-10 17:24:52.446 | tasks.py 25 | INFO | 获取扫描的结果：833f04f6-e252-4bda-858f-c51fdad634cd
2022-05-10 17:25:02.442 | tasks.py 25 | INFO | 获取扫描的结果：833f04f6-e252-4bda-858f-c51fdad634cd
2022-05-10 17:25:02.442 | tasks.py 25 | INFO | 获取扫描的结果：833f04f6-e252-4bda-858f-c51fdad634cd
2022-05-10 17:25:12.481 | tasks.py 25 | INFO | 获取扫描的结果：833f04f6-e252-4bda-858f-c51fdad634cd
2022-05-10 17:25:12.481 | tasks.py 25 | INFO | 获取扫描的结果：833f04f6-e252-4bda-858f-c51fdad634cd
2022-05-10 17:25:22.456 | tasks.py 25 | INFO | 获取扫描的结果：833f04f6-e252-4bda-858f-c51fdad634cd
2022-05-10 17:25:22.456 | tasks.py 25 | INFO | 获取扫描的结果：833f04f6-e252-4bda-858f-c51fdad634cd
2022-05-10 17:25:32.451 | tasks.py 25 | INFO | 获取扫描的结果：833f04f6-e252-4bda-858f-c51fdad634cd
2022-05-10 17:25:32.451 | tasks.py 25 | INFO | 获取扫描的结果：833f04f6-e252-4bda-858f-c51fdad634cd
2022-05-10 17:25:42.465 | tasks.py 25 | INFO | 获取扫描的结果：833f04f6-e252-4bda-858f-c51fdad634cd
2022-05-10 17:25:42.465 | tasks.py 25 | INFO | 获取扫描的结果：833f04f6-e252-4bda-858f-c51fdad634cd
2022-05-10 17:25:52.472 | tasks.py 25 | INFO | 获取扫描的结果：833f04f6-e252-4bda-858f-c51fdad634cd
2022-05-10 17:25:52.472 | tasks.py 25 | INFO | 获取扫描的结果：833f04f6-e252-4bda-858f-c51fdad634cd
2022-05-10 17:26:02.474 | tasks.py 25 | INFO | 获取扫描的结果：833f04f6-e252-4bda-858f-c51fdad634cd
2022-05-10 17:26:02.474 | tasks.py 25 | INFO | 获取扫描的结果：833f04f6-e252-4bda-858f-c51fdad634cd
2022-05-10 17:26:12.469 | tasks.py 25 | INFO | 获取扫描的结果：833f04f6-e252-4bda-858f-c51fdad634cd
2022-05-10 17:26:12.469 | tasks.py 25 | INFO | 获取扫描的结果：833f04f6-e252-4bda-858f-c51fdad634cd
2022-05-10 17:26:22.462 | tasks.py 25 | INFO | 获取扫描的结果：833f04f6-e252-4bda-858f-c51fdad634cd
2022-05-10 17:26:22.462 | tasks.py 25 | INFO | 获取扫描的结果：833f04f6-e252-4bda-858f-c51fdad634cd
2022-05-10 17:26:32.473 | tasks.py 25 | INFO | 获取扫描的结果：833f04f6-e252-4bda-858f-c51fdad634cd
2022-05-10 17:26:32.473 | tasks.py 25 | INFO | 获取扫描的结果：833f04f6-e252-4bda-858f-c51fdad634cd
2022-05-10 17:26:42.469 | tasks.py 25 | INFO | 获取扫描的结果：833f04f6-e252-4bda-858f-c51fdad634cd
2022-05-10 17:26:42.469 | tasks.py 25 | INFO | 获取扫描的结果：833f04f6-e252-4bda-858f-c51fdad634cd
2022-05-10 17:26:52.499 | tasks.py 25 | INFO | 获取扫描的结果：833f04f6-e252-4bda-858f-c51fdad634cd
2022-05-10 17:26:52.499 | tasks.py 25 | INFO | 获取扫描的结果：833f04f6-e252-4bda-858f-c51fdad634cd
2022-05-10 17:27:02.489 | tasks.py 25 | INFO | 获取扫描的结果：833f04f6-e252-4bda-858f-c51fdad634cd
2022-05-10 17:27:02.489 | tasks.py 25 | INFO | 获取扫描的结果：833f04f6-e252-4bda-858f-c51fdad634cd
2022-05-10 17:27:12.495 | tasks.py 25 | INFO | 获取扫描的结果：833f04f6-e252-4bda-858f-c51fdad634cd
2022-05-10 17:27:12.495 | tasks.py 25 | INFO | 获取扫描的结果：833f04f6-e252-4bda-858f-c51fdad634cd
2022-05-10 17:27:22.508 | tasks.py 25 | INFO | 获取扫描的结果：833f04f6-e252-4bda-858f-c51fdad634cd
2022-05-10 17:27:22.508 | tasks.py 25 | INFO | 获取扫描的结果：833f04f6-e252-4bda-858f-c51fdad634cd
2022-05-10 17:27:32.507 | tasks.py 25 | INFO | 获取扫描的结果：833f04f6-e252-4bda-858f-c51fdad634cd
2022-05-10 17:27:32.507 | tasks.py 25 | INFO | 获取扫描的结果：833f04f6-e252-4bda-858f-c51fdad634cd
2022-05-10 17:27:42.500 | tasks.py 25 | INFO | 获取扫描的结果：833f04f6-e252-4bda-858f-c51fdad634cd
2022-05-10 17:27:42.500 | tasks.py 25 | INFO | 获取扫描的结果：833f04f6-e252-4bda-858f-c51fdad634cd
2022-05-10 17:27:52.518 | tasks.py 25 | INFO | 获取扫描的结果：833f04f6-e252-4bda-858f-c51fdad634cd
2022-05-10 17:27:52.518 | tasks.py 25 | INFO | 获取扫描的结果：833f04f6-e252-4bda-858f-c51fdad634cd
2022-05-10 17:28:02.504 | tasks.py 25 | INFO | 获取扫描的结果：833f04f6-e252-4bda-858f-c51fdad634cd
2022-05-10 17:28:02.504 | tasks.py 25 | INFO | 获取扫描的结果：833f04f6-e252-4bda-858f-c51fdad634cd
2022-05-10 17:28:12.522 | tasks.py 25 | INFO | 获取扫描的结果：833f04f6-e252-4bda-858f-c51fdad634cd
2022-05-10 17:28:12.522 | tasks.py 25 | INFO | 获取扫描的结果：833f04f6-e252-4bda-858f-c51fdad634cd
2022-05-10 17:28:22.520 | tasks.py 25 | INFO | 获取扫描的结果：833f04f6-e252-4bda-858f-c51fdad634cd
2022-05-10 17:28:22.520 | tasks.py 25 | INFO | 获取扫描的结果：833f04f6-e252-4bda-858f-c51fdad634cd
2022-05-10 17:28:32.508 | tasks.py 25 | INFO | 获取扫描的结果：833f04f6-e252-4bda-858f-c51fdad634cd
2022-05-10 17:28:32.508 | tasks.py 25 | INFO | 获取扫描的结果：833f04f6-e252-4bda-858f-c51fdad634cd
2022-05-10 17:28:42.529 | tasks.py 25 | INFO | 获取扫描的结果：833f04f6-e252-4bda-858f-c51fdad634cd
2022-05-10 17:28:42.529 | tasks.py 25 | INFO | 获取扫描的结果：833f04f6-e252-4bda-858f-c51fdad634cd
2022-05-10 17:28:52.517 | tasks.py 25 | INFO | 获取扫描的结果：833f04f6-e252-4bda-858f-c51fdad634cd
2022-05-10 17:28:52.517 | tasks.py 25 | INFO | 获取扫描的结果：833f04f6-e252-4bda-858f-c51fdad634cd
2022-05-10 17:29:02.525 | tasks.py 25 | INFO | 获取扫描的结果：833f04f6-e252-4bda-858f-c51fdad634cd
2022-05-10 17:29:02.525 | tasks.py 25 | INFO | 获取扫描的结果：833f04f6-e252-4bda-858f-c51fdad634cd
2022-05-10 17:29:12.523 | tasks.py 25 | INFO | 获取扫描的结果：833f04f6-e252-4bda-858f-c51fdad634cd
2022-05-10 17:29:12.523 | tasks.py 25 | INFO | 获取扫描的结果：833f04f6-e252-4bda-858f-c51fdad634cd
2022-05-10 17:29:22.543 | tasks.py 25 | INFO | 获取扫描的结果：833f04f6-e252-4bda-858f-c51fdad634cd
2022-05-10 17:29:22.543 | tasks.py 25 | INFO | 获取扫描的结果：833f04f6-e252-4bda-858f-c51fdad634cd
2022-05-10 17:29:32.544 | tasks.py 25 | INFO | 获取扫描的结果：833f04f6-e252-4bda-858f-c51fdad634cd
2022-05-10 17:29:32.544 | tasks.py 25 | INFO | 获取扫描的结果：833f04f6-e252-4bda-858f-c51fdad634cd
2022-05-10 17:29:42.580 | tasks.py 25 | INFO | 获取扫描的结果：833f04f6-e252-4bda-858f-c51fdad634cd
2022-05-10 17:29:42.580 | tasks.py 25 | INFO | 获取扫描的结果：833f04f6-e252-4bda-858f-c51fdad634cd
2022-05-10 17:29:52.591 | tasks.py 25 | INFO | 获取扫描的结果：833f04f6-e252-4bda-858f-c51fdad634cd
2022-05-10 17:29:52.591 | tasks.py 25 | INFO | 获取扫描的结果：833f04f6-e252-4bda-858f-c51fdad634cd
2022-05-10 17:30:02.602 | tasks.py 25 | INFO | 获取扫描的结果：833f04f6-e252-4bda-858f-c51fdad634cd
2022-05-10 17:30:02.602 | tasks.py 25 | INFO | 获取扫描的结果：833f04f6-e252-4bda-858f-c51fdad634cd
2022-05-10 17:30:12.601 | tasks.py 25 | INFO | 获取扫描的结果：833f04f6-e252-4bda-858f-c51fdad634cd
2022-05-10 17:30:12.601 | tasks.py 25 | INFO | 获取扫描的结果：833f04f6-e252-4bda-858f-c51fdad634cd
2022-05-10 17:30:22.585 | tasks.py 25 | INFO | 获取扫描的结果：833f04f6-e252-4bda-858f-c51fdad634cd
2022-05-10 17:30:22.585 | tasks.py 25 | INFO | 获取扫描的结果：833f04f6-e252-4bda-858f-c51fdad634cd
2022-05-10 17:30:32.626 | tasks.py 25 | INFO | 获取扫描的结果：833f04f6-e252-4bda-858f-c51fdad634cd
2022-05-10 17:30:32.626 | tasks.py 25 | INFO | 获取扫描的结果：833f04f6-e252-4bda-858f-c51fdad634cd
2022-05-10 17:30:42.677 | tasks.py 25 | INFO | 获取扫描的结果：4cd9c65d-411b-4d40-8db7-24c5e807b97a||833f04f6-e252-4bda-858f-c51fdad634cd
2022-05-10 17:30:42.677 | tasks.py 25 | INFO | 获取扫描的结果：4cd9c65d-411b-4d40-8db7-24c5e807b97a||833f04f6-e252-4bda-858f-c51fdad634cd
2022-05-10 17:30:52.640 | tasks.py 25 | INFO | 获取扫描的结果：833f04f6-e252-4bda-858f-c51fdad634cd
2022-05-10 17:30:52.640 | tasks.py 25 | INFO | 获取扫描的结果：833f04f6-e252-4bda-858f-c51fdad634cd
2022-05-10 17:31:02.620 | tasks.py 25 | INFO | 获取扫描的结果：833f04f6-e252-4bda-858f-c51fdad634cd
2022-05-10 17:31:02.620 | tasks.py 25 | INFO | 获取扫描的结果：833f04f6-e252-4bda-858f-c51fdad634cd
2022-05-10 17:31:12.608 | tasks.py 25 | INFO | 获取扫描的结果：833f04f6-e252-4bda-858f-c51fdad634cd
2022-05-10 17:31:12.608 | tasks.py 25 | INFO | 获取扫描的结果：833f04f6-e252-4bda-858f-c51fdad634cd
2022-05-10 17:31:22.609 | tasks.py 25 | INFO | 获取扫描的结果：833f04f6-e252-4bda-858f-c51fdad634cd
2022-05-10 17:31:22.609 | tasks.py 25 | INFO | 获取扫描的结果：833f04f6-e252-4bda-858f-c51fdad634cd
2022-05-10 17:31:32.609 | tasks.py 25 | INFO | 获取扫描的结果：833f04f6-e252-4bda-858f-c51fdad634cd
2022-05-10 17:31:32.609 | tasks.py 25 | INFO | 获取扫描的结果：833f04f6-e252-4bda-858f-c51fdad634cd
2022-05-10 17:31:42.618 | tasks.py 25 | INFO | 获取扫描的结果：833f04f6-e252-4bda-858f-c51fdad634cd
2022-05-10 17:31:42.618 | tasks.py 25 | INFO | 获取扫描的结果：833f04f6-e252-4bda-858f-c51fdad634cd
2022-05-10 17:31:52.616 | tasks.py 25 | INFO | 获取扫描的结果：833f04f6-e252-4bda-858f-c51fdad634cd
2022-05-10 17:31:52.616 | tasks.py 25 | INFO | 获取扫描的结果：833f04f6-e252-4bda-858f-c51fdad634cd
2022-05-10 17:32:02.626 | tasks.py 25 | INFO | 获取扫描的结果：833f04f6-e252-4bda-858f-c51fdad634cd
2022-05-10 17:32:02.626 | tasks.py 25 | INFO | 获取扫描的结果：833f04f6-e252-4bda-858f-c51fdad634cd
2022-05-10 17:32:12.621 | tasks.py 25 | INFO | 获取扫描的结果：e1dd8b64-972c-4a6d-a901-4718dc690615||833f04f6-e252-4bda-858f-c51fdad634cd
2022-05-10 17:32:12.621 | tasks.py 25 | INFO | 获取扫描的结果：e1dd8b64-972c-4a6d-a901-4718dc690615||833f04f6-e252-4bda-858f-c51fdad634cd
2022-05-10 17:32:22.613 | tasks.py 25 | INFO | 获取扫描的结果：833f04f6-e252-4bda-858f-c51fdad634cd
2022-05-10 17:32:22.613 | tasks.py 25 | INFO | 获取扫描的结果：833f04f6-e252-4bda-858f-c51fdad634cd
2022-05-10 17:32:32.614 | tasks.py 25 | INFO | 获取扫描的结果：833f04f6-e252-4bda-858f-c51fdad634cd
2022-05-10 17:32:32.614 | tasks.py 25 | INFO | 获取扫描的结果：833f04f6-e252-4bda-858f-c51fdad634cd
2022-05-10 17:32:42.634 | tasks.py 25 | INFO | 获取扫描的结果：833f04f6-e252-4bda-858f-c51fdad634cd
2022-05-10 17:32:42.634 | tasks.py 25 | INFO | 获取扫描的结果：833f04f6-e252-4bda-858f-c51fdad634cd
2022-05-10 17:32:52.626 | tasks.py 25 | INFO | 获取扫描的结果：833f04f6-e252-4bda-858f-c51fdad634cd
2022-05-10 17:32:52.626 | tasks.py 25 | INFO | 获取扫描的结果：833f04f6-e252-4bda-858f-c51fdad634cd
2022-05-10 17:33:02.637 | tasks.py 25 | INFO | 获取扫描的结果：833f04f6-e252-4bda-858f-c51fdad634cd
2022-05-10 17:33:02.637 | tasks.py 25 | INFO | 获取扫描的结果：833f04f6-e252-4bda-858f-c51fdad634cd
2022-05-10 17:33:12.638 | tasks.py 25 | INFO | 获取扫描的结果：833f04f6-e252-4bda-858f-c51fdad634cd
2022-05-10 17:33:12.638 | tasks.py 25 | INFO | 获取扫描的结果：833f04f6-e252-4bda-858f-c51fdad634cd
2022-05-10 17:33:22.637 | tasks.py 25 | INFO | 获取扫描的结果：833f04f6-e252-4bda-858f-c51fdad634cd
2022-05-10 17:33:22.637 | tasks.py 25 | INFO | 获取扫描的结果：833f04f6-e252-4bda-858f-c51fdad634cd
2022-05-10 17:33:32.659 | tasks.py 25 | INFO | 获取扫描的结果：833f04f6-e252-4bda-858f-c51fdad634cd
2022-05-10 17:33:32.659 | tasks.py 25 | INFO | 获取扫描的结果：833f04f6-e252-4bda-858f-c51fdad634cd
2022-05-10 17:33:42.646 | tasks.py 25 | INFO | 获取扫描的结果：833f04f6-e252-4bda-858f-c51fdad634cd
2022-05-10 17:33:42.646 | tasks.py 25 | INFO | 获取扫描的结果：833f04f6-e252-4bda-858f-c51fdad634cd
2022-05-10 17:33:52.663 | tasks.py 25 | INFO | 获取扫描的结果：833f04f6-e252-4bda-858f-c51fdad634cd
2022-05-10 17:33:52.663 | tasks.py 25 | INFO | 获取扫描的结果：833f04f6-e252-4bda-858f-c51fdad634cd
2022-05-10 17:34:02.664 | tasks.py 25 | INFO | 获取扫描的结果：833f04f6-e252-4bda-858f-c51fdad634cd
2022-05-10 17:34:02.664 | tasks.py 25 | INFO | 获取扫描的结果：833f04f6-e252-4bda-858f-c51fdad634cd
2022-05-10 17:34:12.650 | tasks.py 25 | INFO | 获取扫描的结果：833f04f6-e252-4bda-858f-c51fdad634cd
2022-05-10 17:34:12.650 | tasks.py 25 | INFO | 获取扫描的结果：833f04f6-e252-4bda-858f-c51fdad634cd
2022-05-10 17:34:22.660 | tasks.py 25 | INFO | 获取扫描的结果：833f04f6-e252-4bda-858f-c51fdad634cd
2022-05-10 17:34:22.660 | tasks.py 25 | INFO | 获取扫描的结果：833f04f6-e252-4bda-858f-c51fdad634cd
2022-05-10 17:34:32.662 | tasks.py 25 | INFO | 获取扫描的结果：833f04f6-e252-4bda-858f-c51fdad634cd
2022-05-10 17:34:32.662 | tasks.py 25 | INFO | 获取扫描的结果：833f04f6-e252-4bda-858f-c51fdad634cd
2022-05-10 17:34:42.683 | tasks.py 25 | INFO | 获取扫描的结果：833f04f6-e252-4bda-858f-c51fdad634cd
2022-05-10 17:34:42.683 | tasks.py 25 | INFO | 获取扫描的结果：833f04f6-e252-4bda-858f-c51fdad634cd
2022-05-10 17:34:52.663 | tasks.py 25 | INFO | 获取扫描的结果：833f04f6-e252-4bda-858f-c51fdad634cd
2022-05-10 17:34:52.663 | tasks.py 25 | INFO | 获取扫描的结果：833f04f6-e252-4bda-858f-c51fdad634cd
2022-05-10 17:35:02.682 | tasks.py 25 | INFO | 获取扫描的结果：833f04f6-e252-4bda-858f-c51fdad634cd
2022-05-10 17:35:02.682 | tasks.py 25 | INFO | 获取扫描的结果：833f04f6-e252-4bda-858f-c51fdad634cd
2022-05-10 17:35:12.690 | tasks.py 25 | INFO | 获取扫描的结果：833f04f6-e252-4bda-858f-c51fdad634cd
2022-05-10 17:35:12.690 | tasks.py 25 | INFO | 获取扫描的结果：833f04f6-e252-4bda-858f-c51fdad634cd
2022-05-10 17:35:22.695 | tasks.py 25 | INFO | 获取扫描的结果：833f04f6-e252-4bda-858f-c51fdad634cd
2022-05-10 17:35:22.695 | tasks.py 25 | INFO | 获取扫描的结果：833f04f6-e252-4bda-858f-c51fdad634cd
2022-05-10 17:35:32.695 | tasks.py 25 | INFO | 获取扫描的结果：833f04f6-e252-4bda-858f-c51fdad634cd
2022-05-10 17:35:32.695 | tasks.py 25 | INFO | 获取扫描的结果：833f04f6-e252-4bda-858f-c51fdad634cd
2022-05-10 17:35:42.702 | tasks.py 25 | INFO | 获取扫描的结果：833f04f6-e252-4bda-858f-c51fdad634cd
2022-05-10 17:35:42.702 | tasks.py 25 | INFO | 获取扫描的结果：833f04f6-e252-4bda-858f-c51fdad634cd
2022-05-10 17:35:52.726 | tasks.py 25 | INFO | 获取扫描的结果：b9646697-f961-4c21-b9bd-ec13eedc7086||833f04f6-e252-4bda-858f-c51fdad634cd
2022-05-10 17:35:52.726 | tasks.py 25 | INFO | 获取扫描的结果：b9646697-f961-4c21-b9bd-ec13eedc7086||833f04f6-e252-4bda-858f-c51fdad634cd
2022-05-10 17:36:02.695 | tasks.py 25 | INFO | 获取扫描的结果：833f04f6-e252-4bda-858f-c51fdad634cd
2022-05-10 17:36:02.695 | tasks.py 25 | INFO | 获取扫描的结果：833f04f6-e252-4bda-858f-c51fdad634cd
2022-05-10 17:36:12.700 | tasks.py 25 | INFO | 获取扫描的结果：833f04f6-e252-4bda-858f-c51fdad634cd
2022-05-10 17:36:12.700 | tasks.py 25 | INFO | 获取扫描的结果：833f04f6-e252-4bda-858f-c51fdad634cd
2022-05-10 17:36:22.694 | tasks.py 25 | INFO | 获取扫描的结果：833f04f6-e252-4bda-858f-c51fdad634cd
2022-05-10 17:36:22.694 | tasks.py 25 | INFO | 获取扫描的结果：833f04f6-e252-4bda-858f-c51fdad634cd
2022-05-10 17:36:32.709 | tasks.py 25 | INFO | 获取扫描的结果：833f04f6-e252-4bda-858f-c51fdad634cd
2022-05-10 17:36:32.709 | tasks.py 25 | INFO | 获取扫描的结果：833f04f6-e252-4bda-858f-c51fdad634cd
2022-05-10 17:36:42.729 | tasks.py 25 | INFO | 获取扫描的结果：833f04f6-e252-4bda-858f-c51fdad634cd
2022-05-10 17:36:42.729 | tasks.py 25 | INFO | 获取扫描的结果：833f04f6-e252-4bda-858f-c51fdad634cd
2022-05-10 17:36:52.726 | tasks.py 25 | INFO | 获取扫描的结果：833f04f6-e252-4bda-858f-c51fdad634cd
2022-05-10 17:36:52.726 | tasks.py 25 | INFO | 获取扫描的结果：833f04f6-e252-4bda-858f-c51fdad634cd
2022-05-10 17:37:02.742 | tasks.py 25 | INFO | 获取扫描的结果：833f04f6-e252-4bda-858f-c51fdad634cd
2022-05-10 17:37:02.742 | tasks.py 25 | INFO | 获取扫描的结果：833f04f6-e252-4bda-858f-c51fdad634cd
2022-05-10 17:37:12.717 | tasks.py 25 | INFO | 获取扫描的结果：833f04f6-e252-4bda-858f-c51fdad634cd
2022-05-10 17:37:12.717 | tasks.py 25 | INFO | 获取扫描的结果：833f04f6-e252-4bda-858f-c51fdad634cd
2022-05-10 17:37:22.738 | tasks.py 25 | INFO | 获取扫描的结果：833f04f6-e252-4bda-858f-c51fdad634cd
2022-05-10 17:37:22.738 | tasks.py 25 | INFO | 获取扫描的结果：833f04f6-e252-4bda-858f-c51fdad634cd
2022-05-10 17:37:32.715 | tasks.py 25 | INFO | 获取扫描的结果：833f04f6-e252-4bda-858f-c51fdad634cd
2022-05-10 17:37:32.715 | tasks.py 25 | INFO | 获取扫描的结果：833f04f6-e252-4bda-858f-c51fdad634cd
2022-05-10 17:37:42.738 | tasks.py 25 | INFO | 获取扫描的结果：833f04f6-e252-4bda-858f-c51fdad634cd
2022-05-10 17:37:42.738 | tasks.py 25 | INFO | 获取扫描的结果：833f04f6-e252-4bda-858f-c51fdad634cd
2022-05-10 17:37:52.738 | tasks.py 25 | INFO | 获取扫描的结果：833f04f6-e252-4bda-858f-c51fdad634cd
2022-05-10 17:37:52.738 | tasks.py 25 | INFO | 获取扫描的结果：833f04f6-e252-4bda-858f-c51fdad634cd
2022-05-10 17:38:02.741 | tasks.py 25 | INFO | 获取扫描的结果：833f04f6-e252-4bda-858f-c51fdad634cd
2022-05-10 17:38:02.741 | tasks.py 25 | INFO | 获取扫描的结果：833f04f6-e252-4bda-858f-c51fdad634cd
2022-05-10 17:38:12.738 | tasks.py 25 | INFO | 获取扫描的结果：833f04f6-e252-4bda-858f-c51fdad634cd
2022-05-10 17:38:12.738 | tasks.py 25 | INFO | 获取扫描的结果：833f04f6-e252-4bda-858f-c51fdad634cd
2022-05-10 17:38:22.766 | tasks.py 25 | INFO | 获取扫描的结果：833f04f6-e252-4bda-858f-c51fdad634cd
2022-05-10 17:38:22.766 | tasks.py 25 | INFO | 获取扫描的结果：833f04f6-e252-4bda-858f-c51fdad634cd
2022-05-10 17:38:32.757 | tasks.py 25 | INFO | 获取扫描的结果：833f04f6-e252-4bda-858f-c51fdad634cd
2022-05-10 17:38:32.757 | tasks.py 25 | INFO | 获取扫描的结果：833f04f6-e252-4bda-858f-c51fdad634cd
2022-05-10 17:38:42.758 | tasks.py 25 | INFO | 获取扫描的结果：833f04f6-e252-4bda-858f-c51fdad634cd
2022-05-10 17:38:42.758 | tasks.py 25 | INFO | 获取扫描的结果：833f04f6-e252-4bda-858f-c51fdad634cd
2022-05-10 17:38:52.755 | tasks.py 25 | INFO | 获取扫描的结果：833f04f6-e252-4bda-858f-c51fdad634cd
2022-05-10 17:38:52.755 | tasks.py 25 | INFO | 获取扫描的结果：833f04f6-e252-4bda-858f-c51fdad634cd
2022-05-10 17:39:02.789 | tasks.py 25 | INFO | 获取扫描的结果：833f04f6-e252-4bda-858f-c51fdad634cd
2022-05-10 17:39:02.789 | tasks.py 25 | INFO | 获取扫描的结果：833f04f6-e252-4bda-858f-c51fdad634cd
2022-05-10 17:39:12.780 | tasks.py 25 | INFO | 获取扫描的结果：833f04f6-e252-4bda-858f-c51fdad634cd
2022-05-10 17:39:12.780 | tasks.py 25 | INFO | 获取扫描的结果：833f04f6-e252-4bda-858f-c51fdad634cd
2022-05-10 17:39:22.814 | tasks.py 25 | INFO | 获取扫描的结果：833f04f6-e252-4bda-858f-c51fdad634cd
2022-05-10 17:39:22.814 | tasks.py 25 | INFO | 获取扫描的结果：833f04f6-e252-4bda-858f-c51fdad634cd
2022-05-10 17:39:32.788 | tasks.py 25 | INFO | 获取扫描的结果：833f04f6-e252-4bda-858f-c51fdad634cd
2022-05-10 17:39:32.788 | tasks.py 25 | INFO | 获取扫描的结果：833f04f6-e252-4bda-858f-c51fdad634cd
2022-05-10 17:39:42.835 | tasks.py 25 | INFO | 获取扫描的结果：833f04f6-e252-4bda-858f-c51fdad634cd
2022-05-10 17:39:42.835 | tasks.py 25 | INFO | 获取扫描的结果：833f04f6-e252-4bda-858f-c51fdad634cd
2022-05-10 17:39:52.834 | tasks.py 25 | INFO | 获取扫描的结果：833f04f6-e252-4bda-858f-c51fdad634cd
2022-05-10 17:39:52.834 | tasks.py 25 | INFO | 获取扫描的结果：833f04f6-e252-4bda-858f-c51fdad634cd
2022-05-10 17:40:02.818 | tasks.py 25 | INFO | 获取扫描的结果：833f04f6-e252-4bda-858f-c51fdad634cd
2022-05-10 17:40:02.818 | tasks.py 25 | INFO | 获取扫描的结果：833f04f6-e252-4bda-858f-c51fdad634cd
2022-05-10 17:40:12.834 | tasks.py 25 | INFO | 获取扫描的结果：833f04f6-e252-4bda-858f-c51fdad634cd
2022-05-10 17:40:12.834 | tasks.py 25 | INFO | 获取扫描的结果：833f04f6-e252-4bda-858f-c51fdad634cd
2022-05-10 17:40:22.820 | tasks.py 25 | INFO | 获取扫描的结果：833f04f6-e252-4bda-858f-c51fdad634cd
2022-05-10 17:40:22.820 | tasks.py 25 | INFO | 获取扫描的结果：833f04f6-e252-4bda-858f-c51fdad634cd
2022-05-10 17:40:32.823 | tasks.py 25 | INFO | 获取扫描的结果：833f04f6-e252-4bda-858f-c51fdad634cd
2022-05-10 17:40:32.823 | tasks.py 25 | INFO | 获取扫描的结果：833f04f6-e252-4bda-858f-c51fdad634cd
2022-05-10 17:40:42.826 | tasks.py 25 | INFO | 获取扫描的结果：833f04f6-e252-4bda-858f-c51fdad634cd
2022-05-10 17:40:42.826 | tasks.py 25 | INFO | 获取扫描的结果：833f04f6-e252-4bda-858f-c51fdad634cd
2022-05-10 17:40:52.858 | tasks.py 25 | INFO | 获取扫描的结果：833f04f6-e252-4bda-858f-c51fdad634cd
2022-05-10 17:40:52.858 | tasks.py 25 | INFO | 获取扫描的结果：833f04f6-e252-4bda-858f-c51fdad634cd
2022-05-10 17:41:02.856 | tasks.py 25 | INFO | 获取扫描的结果：833f04f6-e252-4bda-858f-c51fdad634cd
2022-05-10 17:41:02.856 | tasks.py 25 | INFO | 获取扫描的结果：833f04f6-e252-4bda-858f-c51fdad634cd
2022-05-10 17:41:12.870 | tasks.py 25 | INFO | 获取扫描的结果：833f04f6-e252-4bda-858f-c51fdad634cd
2022-05-10 17:41:12.870 | tasks.py 25 | INFO | 获取扫描的结果：833f04f6-e252-4bda-858f-c51fdad634cd
2022-05-10 17:41:22.857 | tasks.py 25 | INFO | 获取扫描的结果：833f04f6-e252-4bda-858f-c51fdad634cd
2022-05-10 17:41:22.857 | tasks.py 25 | INFO | 获取扫描的结果：833f04f6-e252-4bda-858f-c51fdad634cd
2022-05-10 17:41:32.854 | tasks.py 25 | INFO | 获取扫描的结果：833f04f6-e252-4bda-858f-c51fdad634cd
2022-05-10 17:41:32.854 | tasks.py 25 | INFO | 获取扫描的结果：833f04f6-e252-4bda-858f-c51fdad634cd
2022-05-10 17:41:42.893 | tasks.py 25 | INFO | 获取扫描的结果：833f04f6-e252-4bda-858f-c51fdad634cd
2022-05-10 17:41:42.893 | tasks.py 25 | INFO | 获取扫描的结果：833f04f6-e252-4bda-858f-c51fdad634cd
2022-05-10 17:41:52.892 | tasks.py 25 | INFO | 获取扫描的结果：833f04f6-e252-4bda-858f-c51fdad634cd
2022-05-10 17:41:52.892 | tasks.py 25 | INFO | 获取扫描的结果：833f04f6-e252-4bda-858f-c51fdad634cd
2022-05-10 17:42:02.897 | tasks.py 25 | INFO | 获取扫描的结果：833f04f6-e252-4bda-858f-c51fdad634cd
2022-05-10 17:42:02.897 | tasks.py 25 | INFO | 获取扫描的结果：833f04f6-e252-4bda-858f-c51fdad634cd
2022-05-10 17:42:12.897 | tasks.py 25 | INFO | 获取扫描的结果：833f04f6-e252-4bda-858f-c51fdad634cd
2022-05-10 17:42:12.897 | tasks.py 25 | INFO | 获取扫描的结果：833f04f6-e252-4bda-858f-c51fdad634cd
2022-05-10 17:42:22.885 | tasks.py 25 | INFO | 获取扫描的结果：833f04f6-e252-4bda-858f-c51fdad634cd
2022-05-10 17:42:22.885 | tasks.py 25 | INFO | 获取扫描的结果：833f04f6-e252-4bda-858f-c51fdad634cd
2022-05-10 17:42:32.910 | tasks.py 25 | INFO | 获取扫描的结果：833f04f6-e252-4bda-858f-c51fdad634cd
2022-05-10 17:42:32.910 | tasks.py 25 | INFO | 获取扫描的结果：833f04f6-e252-4bda-858f-c51fdad634cd
2022-05-10 17:42:42.900 | tasks.py 25 | INFO | 获取扫描的结果：833f04f6-e252-4bda-858f-c51fdad634cd
2022-05-10 17:42:42.900 | tasks.py 25 | INFO | 获取扫描的结果：833f04f6-e252-4bda-858f-c51fdad634cd
2022-05-10 17:42:52.902 | tasks.py 25 | INFO | 获取扫描的结果：833f04f6-e252-4bda-858f-c51fdad634cd
2022-05-10 17:42:52.902 | tasks.py 25 | INFO | 获取扫描的结果：833f04f6-e252-4bda-858f-c51fdad634cd
2022-05-10 17:43:02.901 | tasks.py 25 | INFO | 获取扫描的结果：833f04f6-e252-4bda-858f-c51fdad634cd
2022-05-10 17:43:02.901 | tasks.py 25 | INFO | 获取扫描的结果：833f04f6-e252-4bda-858f-c51fdad634cd
2022-05-10 17:43:12.921 | tasks.py 25 | INFO | 获取扫描的结果：833f04f6-e252-4bda-858f-c51fdad634cd
2022-05-10 17:43:12.921 | tasks.py 25 | INFO | 获取扫描的结果：833f04f6-e252-4bda-858f-c51fdad634cd
2022-05-10 17:43:22.904 | tasks.py 25 | INFO | 获取扫描的结果：833f04f6-e252-4bda-858f-c51fdad634cd
2022-05-10 17:43:22.904 | tasks.py 25 | INFO | 获取扫描的结果：833f04f6-e252-4bda-858f-c51fdad634cd
2022-05-10 17:43:32.924 | tasks.py 25 | INFO | 获取扫描的结果：833f04f6-e252-4bda-858f-c51fdad634cd
2022-05-10 17:43:32.924 | tasks.py 25 | INFO | 获取扫描的结果：833f04f6-e252-4bda-858f-c51fdad634cd
2022-05-10 17:43:42.914 | tasks.py 25 | INFO | 获取扫描的结果：833f04f6-e252-4bda-858f-c51fdad634cd
2022-05-10 17:43:42.914 | tasks.py 25 | INFO | 获取扫描的结果：833f04f6-e252-4bda-858f-c51fdad634cd
2022-05-10 17:43:52.916 | tasks.py 25 | INFO | 获取扫描的结果：833f04f6-e252-4bda-858f-c51fdad634cd
2022-05-10 17:43:52.916 | tasks.py 25 | INFO | 获取扫描的结果：833f04f6-e252-4bda-858f-c51fdad634cd
2022-05-10 17:44:02.911 | tasks.py 25 | INFO | 获取扫描的结果：833f04f6-e252-4bda-858f-c51fdad634cd
2022-05-10 17:44:02.911 | tasks.py 25 | INFO | 获取扫描的结果：833f04f6-e252-4bda-858f-c51fdad634cd
2022-05-10 17:44:12.921 | tasks.py 25 | INFO | 获取扫描的结果：833f04f6-e252-4bda-858f-c51fdad634cd
2022-05-10 17:44:12.921 | tasks.py 25 | INFO | 获取扫描的结果：833f04f6-e252-4bda-858f-c51fdad634cd
2022-05-10 17:44:22.916 | tasks.py 25 | INFO | 获取扫描的结果：833f04f6-e252-4bda-858f-c51fdad634cd
2022-05-10 17:44:22.916 | tasks.py 25 | INFO | 获取扫描的结果：833f04f6-e252-4bda-858f-c51fdad634cd
2022-05-10 17:44:32.943 | tasks.py 25 | INFO | 获取扫描的结果：833f04f6-e252-4bda-858f-c51fdad634cd
2022-05-10 17:44:32.943 | tasks.py 25 | INFO | 获取扫描的结果：833f04f6-e252-4bda-858f-c51fdad634cd
2022-05-10 17:44:42.918 | tasks.py 25 | INFO | 获取扫描的结果：833f04f6-e252-4bda-858f-c51fdad634cd
2022-05-10 17:44:42.918 | tasks.py 25 | INFO | 获取扫描的结果：833f04f6-e252-4bda-858f-c51fdad634cd
2022-05-10 17:44:52.919 | tasks.py 25 | INFO | 获取扫描的结果：833f04f6-e252-4bda-858f-c51fdad634cd
2022-05-10 17:44:52.919 | tasks.py 25 | INFO | 获取扫描的结果：833f04f6-e252-4bda-858f-c51fdad634cd
2022-05-10 17:45:02.920 | tasks.py 25 | INFO | 获取扫描的结果：833f04f6-e252-4bda-858f-c51fdad634cd
2022-05-10 17:45:02.920 | tasks.py 25 | INFO | 获取扫描的结果：833f04f6-e252-4bda-858f-c51fdad634cd
2022-05-10 17:45:12.920 | tasks.py 25 | INFO | 获取扫描的结果：833f04f6-e252-4bda-858f-c51fdad634cd
2022-05-10 17:45:12.920 | tasks.py 25 | INFO | 获取扫描的结果：833f04f6-e252-4bda-858f-c51fdad634cd
2022-05-10 17:45:22.924 | tasks.py 25 | INFO | 获取扫描的结果：833f04f6-e252-4bda-858f-c51fdad634cd
2022-05-10 17:45:22.924 | tasks.py 25 | INFO | 获取扫描的结果：833f04f6-e252-4bda-858f-c51fdad634cd
2022-05-10 17:45:32.967 | tasks.py 25 | INFO | 获取扫描的结果：833f04f6-e252-4bda-858f-c51fdad634cd
2022-05-10 17:45:32.967 | tasks.py 25 | INFO | 获取扫描的结果：833f04f6-e252-4bda-858f-c51fdad634cd
2022-05-10 17:45:42.937 | tasks.py 25 | INFO | 获取扫描的结果：833f04f6-e252-4bda-858f-c51fdad634cd
2022-05-10 17:45:42.937 | tasks.py 25 | INFO | 获取扫描的结果：833f04f6-e252-4bda-858f-c51fdad634cd
2022-05-10 17:45:52.949 | tasks.py 25 | INFO | 获取扫描的结果：833f04f6-e252-4bda-858f-c51fdad634cd
2022-05-10 17:45:52.949 | tasks.py 25 | INFO | 获取扫描的结果：833f04f6-e252-4bda-858f-c51fdad634cd
2022-05-10 17:46:02.971 | tasks.py 25 | INFO | 获取扫描的结果：833f04f6-e252-4bda-858f-c51fdad634cd
2022-05-10 17:46:02.971 | tasks.py 25 | INFO | 获取扫描的结果：833f04f6-e252-4bda-858f-c51fdad634cd
2022-05-10 17:46:12.956 | tasks.py 25 | INFO | 获取扫描的结果：833f04f6-e252-4bda-858f-c51fdad634cd
2022-05-10 17:46:12.956 | tasks.py 25 | INFO | 获取扫描的结果：833f04f6-e252-4bda-858f-c51fdad634cd
2022-05-10 17:46:22.971 | tasks.py 25 | INFO | 获取扫描的结果：833f04f6-e252-4bda-858f-c51fdad634cd
2022-05-10 17:46:22.971 | tasks.py 25 | INFO | 获取扫描的结果：833f04f6-e252-4bda-858f-c51fdad634cd
2022-05-10 17:46:32.989 | tasks.py 25 | INFO | 获取扫描的结果：833f04f6-e252-4bda-858f-c51fdad634cd
2022-05-10 17:46:32.989 | tasks.py 25 | INFO | 获取扫描的结果：833f04f6-e252-4bda-858f-c51fdad634cd
2022-05-10 17:46:42.986 | tasks.py 25 | INFO | 获取扫描的结果：833f04f6-e252-4bda-858f-c51fdad634cd
2022-05-10 17:46:42.986 | tasks.py 25 | INFO | 获取扫描的结果：833f04f6-e252-4bda-858f-c51fdad634cd
2022-05-10 17:46:52.960 | tasks.py 25 | INFO | 获取扫描的结果：833f04f6-e252-4bda-858f-c51fdad634cd
2022-05-10 17:46:52.960 | tasks.py 25 | INFO | 获取扫描的结果：833f04f6-e252-4bda-858f-c51fdad634cd
2022-05-10 17:47:02.964 | tasks.py 25 | INFO | 获取扫描的结果：833f04f6-e252-4bda-858f-c51fdad634cd
2022-05-10 17:47:02.964 | tasks.py 25 | INFO | 获取扫描的结果：833f04f6-e252-4bda-858f-c51fdad634cd
2022-05-10 17:47:12.977 | tasks.py 25 | INFO | 获取扫描的结果：833f04f6-e252-4bda-858f-c51fdad634cd
2022-05-10 17:47:12.977 | tasks.py 25 | INFO | 获取扫描的结果：833f04f6-e252-4bda-858f-c51fdad634cd
2022-05-10 17:47:23.009 | tasks.py 25 | INFO | 获取扫描的结果：833f04f6-e252-4bda-858f-c51fdad634cd
2022-05-10 17:47:23.009 | tasks.py 25 | INFO | 获取扫描的结果：833f04f6-e252-4bda-858f-c51fdad634cd
2022-05-10 17:47:33.018 | tasks.py 25 | INFO | 获取扫描的结果：833f04f6-e252-4bda-858f-c51fdad634cd
2022-05-10 17:47:33.018 | tasks.py 25 | INFO | 获取扫描的结果：833f04f6-e252-4bda-858f-c51fdad634cd
2022-05-10 17:47:43.010 | tasks.py 25 | INFO | 获取扫描的结果：833f04f6-e252-4bda-858f-c51fdad634cd
2022-05-10 17:47:43.010 | tasks.py 25 | INFO | 获取扫描的结果：833f04f6-e252-4bda-858f-c51fdad634cd
2022-05-10 17:47:53.026 | tasks.py 25 | INFO | 获取扫描的结果：833f04f6-e252-4bda-858f-c51fdad634cd
2022-05-10 17:47:53.026 | tasks.py 25 | INFO | 获取扫描的结果：833f04f6-e252-4bda-858f-c51fdad634cd
2022-05-10 17:48:03.030 | tasks.py 25 | INFO | 获取扫描的结果：833f04f6-e252-4bda-858f-c51fdad634cd
2022-05-10 17:48:03.030 | tasks.py 25 | INFO | 获取扫描的结果：833f04f6-e252-4bda-858f-c51fdad634cd
2022-05-10 17:48:13.054 | tasks.py 25 | INFO | 获取扫描的结果：833f04f6-e252-4bda-858f-c51fdad634cd
2022-05-10 17:48:13.054 | tasks.py 25 | INFO | 获取扫描的结果：833f04f6-e252-4bda-858f-c51fdad634cd
2022-05-10 17:48:23.064 | tasks.py 25 | INFO | 获取扫描的结果：833f04f6-e252-4bda-858f-c51fdad634cd
2022-05-10 17:48:23.064 | tasks.py 25 | INFO | 获取扫描的结果：833f04f6-e252-4bda-858f-c51fdad634cd
2022-05-10 17:48:33.052 | tasks.py 25 | INFO | 获取扫描的结果：833f04f6-e252-4bda-858f-c51fdad634cd
2022-05-10 17:48:33.052 | tasks.py 25 | INFO | 获取扫描的结果：833f04f6-e252-4bda-858f-c51fdad634cd
2022-05-10 17:48:43.050 | tasks.py 25 | INFO | 获取扫描的结果：833f04f6-e252-4bda-858f-c51fdad634cd
2022-05-10 17:48:43.050 | tasks.py 25 | INFO | 获取扫描的结果：833f04f6-e252-4bda-858f-c51fdad634cd
2022-05-10 17:48:53.051 | tasks.py 25 | INFO | 获取扫描的结果：833f04f6-e252-4bda-858f-c51fdad634cd
2022-05-10 17:48:53.051 | tasks.py 25 | INFO | 获取扫描的结果：833f04f6-e252-4bda-858f-c51fdad634cd
2022-05-10 17:49:03.070 | tasks.py 25 | INFO | 获取扫描的结果：833f04f6-e252-4bda-858f-c51fdad634cd
2022-05-10 17:49:03.070 | tasks.py 25 | INFO | 获取扫描的结果：833f04f6-e252-4bda-858f-c51fdad634cd
2022-05-10 17:49:13.059 | tasks.py 25 | INFO | 获取扫描的结果：833f04f6-e252-4bda-858f-c51fdad634cd
2022-05-10 17:49:13.059 | tasks.py 25 | INFO | 获取扫描的结果：833f04f6-e252-4bda-858f-c51fdad634cd
2022-05-10 17:49:23.066 | tasks.py 25 | INFO | 获取扫描的结果：833f04f6-e252-4bda-858f-c51fdad634cd
2022-05-10 17:49:23.066 | tasks.py 25 | INFO | 获取扫描的结果：833f04f6-e252-4bda-858f-c51fdad634cd
2022-05-10 17:49:33.059 | tasks.py 25 | INFO | 获取扫描的结果：833f04f6-e252-4bda-858f-c51fdad634cd
2022-05-10 17:49:33.059 | tasks.py 25 | INFO | 获取扫描的结果：833f04f6-e252-4bda-858f-c51fdad634cd
2022-05-10 17:49:43.061 | tasks.py 25 | INFO | 获取扫描的结果：833f04f6-e252-4bda-858f-c51fdad634cd
2022-05-10 17:49:43.061 | tasks.py 25 | INFO | 获取扫描的结果：833f04f6-e252-4bda-858f-c51fdad634cd
2022-05-10 17:49:53.061 | tasks.py 25 | INFO | 获取扫描的结果：833f04f6-e252-4bda-858f-c51fdad634cd
2022-05-10 17:49:53.061 | tasks.py 25 | INFO | 获取扫描的结果：833f04f6-e252-4bda-858f-c51fdad634cd
2022-05-10 17:50:03.058 | tasks.py 25 | INFO | 获取扫描的结果：833f04f6-e252-4bda-858f-c51fdad634cd
2022-05-10 17:50:03.058 | tasks.py 25 | INFO | 获取扫描的结果：833f04f6-e252-4bda-858f-c51fdad634cd
2022-05-10 17:50:03.172 | fz_scan.py 84 | ERROR | 扫描异常: Expecting value: line 1 column 1 (char 0)
2022-05-10 17:50:03.172 | fz_scan.py 84 | ERROR | 扫描异常: Expecting value: line 1 column 1 (char 0)
2022-05-10 17:50:13.058 | tasks.py 25 | INFO | 获取扫描的结果：833f04f6-e252-4bda-858f-c51fdad634cd
2022-05-10 17:50:13.058 | tasks.py 25 | INFO | 获取扫描的结果：833f04f6-e252-4bda-858f-c51fdad634cd
2022-05-10 17:50:23.107 | tasks.py 25 | INFO | 获取扫描的结果：833f04f6-e252-4bda-858f-c51fdad634cd
2022-05-10 17:50:23.107 | tasks.py 25 | INFO | 获取扫描的结果：833f04f6-e252-4bda-858f-c51fdad634cd
2022-05-10 17:50:33.074 | tasks.py 25 | INFO | 获取扫描的结果：833f04f6-e252-4bda-858f-c51fdad634cd
2022-05-10 17:50:33.074 | tasks.py 25 | INFO | 获取扫描的结果：833f04f6-e252-4bda-858f-c51fdad634cd
2022-05-10 17:50:43.062 | tasks.py 25 | INFO | 获取扫描的结果：833f04f6-e252-4bda-858f-c51fdad634cd
2022-05-10 17:50:43.062 | tasks.py 25 | INFO | 获取扫描的结果：833f04f6-e252-4bda-858f-c51fdad634cd
2022-05-10 17:50:53.089 | tasks.py 25 | INFO | 获取扫描的结果：833f04f6-e252-4bda-858f-c51fdad634cd
2022-05-10 17:50:53.089 | tasks.py 25 | INFO | 获取扫描的结果：833f04f6-e252-4bda-858f-c51fdad634cd
2022-05-10 17:51:03.063 | tasks.py 25 | INFO | 获取扫描的结果：833f04f6-e252-4bda-858f-c51fdad634cd
2022-05-10 17:51:03.063 | tasks.py 25 | INFO | 获取扫描的结果：833f04f6-e252-4bda-858f-c51fdad634cd
2022-05-10 17:51:13.070 | tasks.py 25 | INFO | 获取扫描的结果：833f04f6-e252-4bda-858f-c51fdad634cd
2022-05-10 17:51:13.070 | tasks.py 25 | INFO | 获取扫描的结果：833f04f6-e252-4bda-858f-c51fdad634cd
2022-05-10 17:51:23.084 | tasks.py 25 | INFO | 获取扫描的结果：833f04f6-e252-4bda-858f-c51fdad634cd
2022-05-10 17:51:23.084 | tasks.py 25 | INFO | 获取扫描的结果：833f04f6-e252-4bda-858f-c51fdad634cd
2022-05-10 17:51:33.092 | tasks.py 25 | INFO | 获取扫描的结果：833f04f6-e252-4bda-858f-c51fdad634cd
2022-05-10 17:51:33.092 | tasks.py 25 | INFO | 获取扫描的结果：833f04f6-e252-4bda-858f-c51fdad634cd
2022-05-10 17:51:43.082 | tasks.py 25 | INFO | 获取扫描的结果：833f04f6-e252-4bda-858f-c51fdad634cd
2022-05-10 17:51:43.082 | tasks.py 25 | INFO | 获取扫描的结果：833f04f6-e252-4bda-858f-c51fdad634cd
2022-05-10 17:51:53.088 | tasks.py 25 | INFO | 获取扫描的结果：833f04f6-e252-4bda-858f-c51fdad634cd
2022-05-10 17:51:53.088 | tasks.py 25 | INFO | 获取扫描的结果：833f04f6-e252-4bda-858f-c51fdad634cd
2022-05-10 17:52:03.085 | tasks.py 25 | INFO | 获取扫描的结果：833f04f6-e252-4bda-858f-c51fdad634cd
2022-05-10 17:52:03.085 | tasks.py 25 | INFO | 获取扫描的结果：833f04f6-e252-4bda-858f-c51fdad634cd
2022-05-10 17:53:33.116 | tasks.py 28 | INFO | 获取扫描的结果：833f04f6-e252-4bda-858f-c51fdad634cd
2022-05-10 17:53:33.116 | tasks.py 28 | INFO | 获取扫描的结果：833f04f6-e252-4bda-858f-c51fdad634cd
2022-05-10 17:53:43.137 | tasks.py 28 | INFO | 获取扫描的结果：833f04f6-e252-4bda-858f-c51fdad634cd
2022-05-10 17:53:43.137 | tasks.py 28 | INFO | 获取扫描的结果：833f04f6-e252-4bda-858f-c51fdad634cd
2022-05-10 17:53:53.120 | tasks.py 28 | INFO | 获取扫描的结果：833f04f6-e252-4bda-858f-c51fdad634cd
2022-05-10 17:53:53.120 | tasks.py 28 | INFO | 获取扫描的结果：833f04f6-e252-4bda-858f-c51fdad634cd
2022-05-10 17:54:03.124 | tasks.py 28 | INFO | 获取扫描的结果：833f04f6-e252-4bda-858f-c51fdad634cd
2022-05-10 17:54:03.124 | tasks.py 28 | INFO | 获取扫描的结果：833f04f6-e252-4bda-858f-c51fdad634cd
2022-05-10 17:55:23.145 | tasks.py 30 | INFO | 暂无满足条件的未获取数据
2022-05-10 17:55:23.145 | tasks.py 30 | INFO | 暂无满足条件的未获取数据
2022-05-10 17:55:33.132 | tasks.py 30 | INFO | 暂无满足条件的未获取数据
2022-05-10 17:55:33.132 | tasks.py 30 | INFO | 暂无满足条件的未获取数据
2022-05-10 17:55:43.134 | tasks.py 30 | INFO | 暂无满足条件的未获取数据
2022-05-10 17:55:43.134 | tasks.py 30 | INFO | 暂无满足条件的未获取数据
2022-05-10 17:55:53.139 | tasks.py 30 | INFO | 暂无满足条件的未获取数据
2022-05-10 17:55:53.139 | tasks.py 30 | INFO | 暂无满足条件的未获取数据
2022-05-10 17:56:03.135 | tasks.py 30 | INFO | 暂无满足条件的未获取数据
2022-05-10 17:56:03.135 | tasks.py 30 | INFO | 暂无满足条件的未获取数据
2022-05-10 17:56:13.159 | tasks.py 30 | INFO | 暂无满足条件的未获取数据
2022-05-10 17:56:13.159 | tasks.py 30 | INFO | 暂无满足条件的未获取数据
2022-05-10 17:56:23.165 | tasks.py 30 | INFO | 暂无满足条件的未获取数据
2022-05-10 17:56:23.165 | tasks.py 30 | INFO | 暂无满足条件的未获取数据
2022-05-10 17:56:33.171 | tasks.py 30 | INFO | 暂无满足条件的未获取数据
2022-05-10 17:56:33.171 | tasks.py 30 | INFO | 暂无满足条件的未获取数据
2022-05-10 17:56:43.151 | tasks.py 30 | INFO | 暂无满足条件的未获取数据
2022-05-10 17:56:43.151 | tasks.py 30 | INFO | 暂无满足条件的未获取数据
2022-05-10 17:56:53.160 | tasks.py 30 | INFO | 暂无满足条件的未获取数据
2022-05-10 17:56:53.160 | tasks.py 30 | INFO | 暂无满足条件的未获取数据
2022-05-10 17:57:03.169 | tasks.py 30 | INFO | 暂无满足条件的未获取数据
2022-05-10 17:57:03.169 | tasks.py 30 | INFO | 暂无满足条件的未获取数据
2022-05-10 17:57:13.167 | tasks.py 30 | INFO | 暂无满足条件的未获取数据
2022-05-10 17:57:13.167 | tasks.py 30 | INFO | 暂无满足条件的未获取数据
2022-05-10 17:57:23.214 | tasks.py 30 | INFO | 暂无满足条件的未获取数据
2022-05-10 17:57:23.214 | tasks.py 30 | INFO | 暂无满足条件的未获取数据
2022-05-10 17:57:33.179 | tasks.py 30 | INFO | 暂无满足条件的未获取数据
2022-05-10 17:57:33.179 | tasks.py 30 | INFO | 暂无满足条件的未获取数据
2022-05-10 17:57:43.179 | tasks.py 30 | INFO | 暂无满足条件的未获取数据
2022-05-10 17:57:43.179 | tasks.py 30 | INFO | 暂无满足条件的未获取数据
2022-05-10 17:57:53.213 | tasks.py 30 | INFO | 暂无满足条件的未获取数据
2022-05-10 17:57:53.213 | tasks.py 30 | INFO | 暂无满足条件的未获取数据
2022-05-10 17:58:03.238 | tasks.py 30 | INFO | 暂无满足条件的未获取数据
2022-05-10 17:58:03.238 | tasks.py 30 | INFO | 暂无满足条件的未获取数据
2022-05-10 17:58:13.262 | tasks.py 30 | INFO | 暂无满足条件的未获取数据
2022-05-10 17:58:13.262 | tasks.py 30 | INFO | 暂无满足条件的未获取数据
2022-05-10 17:58:23.237 | tasks.py 30 | INFO | 暂无满足条件的未获取数据
2022-05-10 17:58:23.237 | tasks.py 30 | INFO | 暂无满足条件的未获取数据
2022-05-10 17:58:33.268 | tasks.py 30 | INFO | 暂无满足条件的未获取数据
2022-05-10 17:58:33.268 | tasks.py 30 | INFO | 暂无满足条件的未获取数据
2022-05-10 17:58:43.244 | tasks.py 30 | INFO | 暂无满足条件的未获取数据
2022-05-10 17:58:43.244 | tasks.py 30 | INFO | 暂无满足条件的未获取数据
2022-05-10 17:58:53.246 | tasks.py 30 | INFO | 暂无满足条件的未获取数据
2022-05-10 17:58:53.246 | tasks.py 30 | INFO | 暂无满足条件的未获取数据
2022-05-10 17:59:03.249 | tasks.py 30 | INFO | 暂无满足条件的未获取数据
2022-05-10 17:59:03.249 | tasks.py 30 | INFO | 暂无满足条件的未获取数据
2022-05-10 17:59:13.285 | tasks.py 30 | INFO | 暂无满足条件的未获取数据
2022-05-10 17:59:13.285 | tasks.py 30 | INFO | 暂无满足条件的未获取数据
2022-05-10 17:59:23.303 | tasks.py 30 | INFO | 暂无满足条件的未获取数据
2022-05-10 17:59:23.303 | tasks.py 30 | INFO | 暂无满足条件的未获取数据
2022-05-10 17:59:33.290 | tasks.py 30 | INFO | 暂无满足条件的未获取数据
2022-05-10 17:59:33.290 | tasks.py 30 | INFO | 暂无满足条件的未获取数据
2022-05-10 17:59:43.289 | tasks.py 30 | INFO | 暂无满足条件的未获取数据
2022-05-10 17:59:43.289 | tasks.py 30 | INFO | 暂无满足条件的未获取数据
2022-05-10 17:59:53.279 | tasks.py 30 | INFO | 暂无满足条件的未获取数据
2022-05-10 17:59:53.279 | tasks.py 30 | INFO | 暂无满足条件的未获取数据
2022-05-10 18:00:03.298 | tasks.py 30 | INFO | 暂无满足条件的未获取数据
2022-05-10 18:00:03.298 | tasks.py 30 | INFO | 暂无满足条件的未获取数据
2022-05-10 18:00:13.279 | tasks.py 30 | INFO | 暂无满足条件的未获取数据
2022-05-10 18:00:13.279 | tasks.py 30 | INFO | 暂无满足条件的未获取数据
2022-05-10 18:00:23.296 | tasks.py 30 | INFO | 暂无满足条件的未获取数据
2022-05-10 18:00:23.296 | tasks.py 30 | INFO | 暂无满足条件的未获取数据
2022-05-10 18:00:33.292 | tasks.py 30 | INFO | 暂无满足条件的未获取数据
2022-05-10 18:00:33.292 | tasks.py 30 | INFO | 暂无满足条件的未获取数据
2022-05-10 18:00:43.314 | tasks.py 30 | INFO | 暂无满足条件的未获取数据
2022-05-10 18:00:43.314 | tasks.py 30 | INFO | 暂无满足条件的未获取数据
2022-05-10 18:00:53.306 | tasks.py 30 | INFO | 暂无满足条件的未获取数据
2022-05-10 18:00:53.306 | tasks.py 30 | INFO | 暂无满足条件的未获取数据
2022-05-10 18:01:03.323 | tasks.py 30 | INFO | 暂无满足条件的未获取数据
2022-05-10 18:01:03.323 | tasks.py 30 | INFO | 暂无满足条件的未获取数据
2022-05-10 18:01:13.324 | tasks.py 30 | INFO | 暂无满足条件的未获取数据
2022-05-10 18:01:13.324 | tasks.py 30 | INFO | 暂无满足条件的未获取数据
2022-05-10 18:01:23.324 | tasks.py 30 | INFO | 暂无满足条件的未获取数据
2022-05-10 18:01:23.324 | tasks.py 30 | INFO | 暂无满足条件的未获取数据
2022-05-10 18:01:33.330 | tasks.py 30 | INFO | 暂无满足条件的未获取数据
2022-05-10 18:01:33.330 | tasks.py 30 | INFO | 暂无满足条件的未获取数据
2022-05-10 18:01:43.333 | tasks.py 30 | INFO | 暂无满足条件的未获取数据
2022-05-10 18:01:43.333 | tasks.py 30 | INFO | 暂无满足条件的未获取数据
2022-05-10 18:01:53.335 | tasks.py 30 | INFO | 暂无满足条件的未获取数据
2022-05-10 18:01:53.335 | tasks.py 30 | INFO | 暂无满足条件的未获取数据
2022-05-10 18:02:03.337 | tasks.py 30 | INFO | 暂无满足条件的未获取数据
2022-05-10 18:02:03.337 | tasks.py 30 | INFO | 暂无满足条件的未获取数据
2022-05-10 18:02:13.320 | tasks.py 30 | INFO | 暂无满足条件的未获取数据
2022-05-10 18:02:13.320 | tasks.py 30 | INFO | 暂无满足条件的未获取数据
2022-05-10 18:02:23.336 | tasks.py 30 | INFO | 暂无满足条件的未获取数据
2022-05-10 18:02:23.336 | tasks.py 30 | INFO | 暂无满足条件的未获取数据
2022-05-10 18:02:33.340 | tasks.py 30 | INFO | 暂无满足条件的未获取数据
2022-05-10 18:02:33.340 | tasks.py 30 | INFO | 暂无满足条件的未获取数据
2022-05-10 18:02:43.361 | tasks.py 30 | INFO | 暂无满足条件的未获取数据
2022-05-10 18:02:43.361 | tasks.py 30 | INFO | 暂无满足条件的未获取数据
2022-05-10 18:02:53.369 | tasks.py 30 | INFO | 暂无满足条件的未获取数据
2022-05-10 18:02:53.369 | tasks.py 30 | INFO | 暂无满足条件的未获取数据
2022-05-10 18:03:03.415 | tasks.py 30 | INFO | 暂无满足条件的未获取数据
2022-05-10 18:03:03.415 | tasks.py 30 | INFO | 暂无满足条件的未获取数据
2022-05-10 18:03:13.379 | tasks.py 30 | INFO | 暂无满足条件的未获取数据
2022-05-10 18:03:13.379 | tasks.py 30 | INFO | 暂无满足条件的未获取数据
2022-05-10 18:03:23.367 | tasks.py 30 | INFO | 暂无满足条件的未获取数据
2022-05-10 18:03:23.367 | tasks.py 30 | INFO | 暂无满足条件的未获取数据
2022-05-10 18:03:33.370 | tasks.py 30 | INFO | 暂无满足条件的未获取数据
2022-05-10 18:03:33.370 | tasks.py 30 | INFO | 暂无满足条件的未获取数据
2022-05-10 18:03:43.384 | tasks.py 30 | INFO | 暂无满足条件的未获取数据
2022-05-10 18:03:43.384 | tasks.py 30 | INFO | 暂无满足条件的未获取数据
2022-05-10 18:03:53.388 | tasks.py 30 | INFO | 暂无满足条件的未获取数据
2022-05-10 18:03:53.388 | tasks.py 30 | INFO | 暂无满足条件的未获取数据
2022-05-10 18:04:03.386 | tasks.py 30 | INFO | 暂无满足条件的未获取数据
2022-05-10 18:04:03.386 | tasks.py 30 | INFO | 暂无满足条件的未获取数据
2022-05-10 18:04:13.390 | tasks.py 30 | INFO | 暂无满足条件的未获取数据
2022-05-10 18:04:13.390 | tasks.py 30 | INFO | 暂无满足条件的未获取数据
2022-05-10 18:04:23.416 | tasks.py 30 | INFO | 暂无满足条件的未获取数据
2022-05-10 18:04:23.416 | tasks.py 30 | INFO | 暂无满足条件的未获取数据
2022-05-10 18:04:36.560 | tasks.py 34 | INFO | 不满足条件的, 直接反制结束：
2022-05-10 18:04:36.560 | tasks.py 34 | INFO | 不满足条件的, 直接反制结束：
2022-05-10 18:04:43.437 | tasks.py 40 | INFO | 暂无满足条件的未获取数据
2022-05-10 18:04:43.437 | tasks.py 40 | INFO | 暂无满足条件的未获取数据
2022-05-10 18:04:53.402 | tasks.py 40 | INFO | 暂无满足条件的未获取数据
2022-05-10 18:04:53.402 | tasks.py 40 | INFO | 暂无满足条件的未获取数据
2022-05-10 18:05:03.400 | tasks.py 40 | INFO | 暂无满足条件的未获取数据
2022-05-10 18:05:03.400 | tasks.py 40 | INFO | 暂无满足条件的未获取数据
2022-05-10 18:05:13.403 | tasks.py 40 | INFO | 暂无满足条件的未获取数据
2022-05-10 18:05:13.403 | tasks.py 40 | INFO | 暂无满足条件的未获取数据
2022-05-10 18:05:23.405 | tasks.py 40 | INFO | 暂无满足条件的未获取数据
2022-05-10 18:05:23.405 | tasks.py 40 | INFO | 暂无满足条件的未获取数据
2022-05-10 18:05:33.403 | tasks.py 40 | INFO | 暂无满足条件的未获取数据
2022-05-10 18:05:33.403 | tasks.py 40 | INFO | 暂无满足条件的未获取数据
2022-05-10 18:05:43.459 | tasks.py 40 | INFO | 暂无满足条件的未获取数据
2022-05-10 18:05:43.459 | tasks.py 40 | INFO | 暂无满足条件的未获取数据
2022-05-10 18:05:53.419 | tasks.py 40 | INFO | 暂无满足条件的未获取数据
2022-05-10 18:05:53.419 | tasks.py 40 | INFO | 暂无满足条件的未获取数据
2022-05-10 18:06:03.420 | tasks.py 40 | INFO | 暂无满足条件的未获取数据
2022-05-10 18:06:03.420 | tasks.py 40 | INFO | 暂无满足条件的未获取数据
2022-05-10 18:06:13.410 | tasks.py 40 | INFO | 暂无满足条件的未获取数据
2022-05-10 18:06:13.410 | tasks.py 40 | INFO | 暂无满足条件的未获取数据
2022-05-10 18:06:23.413 | tasks.py 40 | INFO | 暂无满足条件的未获取数据
2022-05-10 18:06:23.413 | tasks.py 40 | INFO | 暂无满足条件的未获取数据
2022-05-10 18:06:33.435 | tasks.py 40 | INFO | 暂无满足条件的未获取数据
2022-05-10 18:06:33.435 | tasks.py 40 | INFO | 暂无满足条件的未获取数据
2022-05-10 18:06:43.433 | tasks.py 40 | INFO | 暂无满足条件的未获取数据
2022-05-10 18:06:43.433 | tasks.py 40 | INFO | 暂无满足条件的未获取数据
2022-05-10 18:06:53.433 | tasks.py 40 | INFO | 暂无满足条件的未获取数据
2022-05-10 18:06:53.433 | tasks.py 40 | INFO | 暂无满足条件的未获取数据
2022-05-10 18:07:03.433 | tasks.py 40 | INFO | 暂无满足条件的未获取数据
2022-05-10 18:07:03.433 | tasks.py 40 | INFO | 暂无满足条件的未获取数据
2022-05-10 18:07:13.432 | tasks.py 39 | INFO | 暂无未反制的数据
2022-05-10 18:07:13.432 | tasks.py 39 | INFO | 暂无未反制的数据
2022-05-10 18:07:23.423 | tasks.py 39 | INFO | 暂无未反制的数据
2022-05-10 18:07:23.423 | tasks.py 39 | INFO | 暂无未反制的数据
2022-05-10 18:07:33.508 | tasks.py 39 | INFO | 暂无未反制的数据
2022-05-10 18:07:33.508 | tasks.py 39 | INFO | 暂无未反制的数据
2022-05-10 18:07:43.425 | tasks.py 39 | INFO | 暂无未反制的数据
2022-05-10 18:07:43.425 | tasks.py 39 | INFO | 暂无未反制的数据
2022-05-10 18:07:53.424 | tasks.py 39 | INFO | 暂无未反制的数据
2022-05-10 18:07:53.424 | tasks.py 39 | INFO | 暂无未反制的数据
2022-05-10 18:08:03.431 | tasks.py 39 | INFO | 暂无未反制的数据
2022-05-10 18:08:03.431 | tasks.py 39 | INFO | 暂无未反制的数据
2022-05-10 18:08:13.439 | tasks.py 39 | INFO | 暂无未反制的数据
2022-05-10 18:08:13.439 | tasks.py 39 | INFO | 暂无未反制的数据
2022-05-10 18:08:23.440 | tasks.py 39 | INFO | 暂无未反制的数据
2022-05-10 18:08:23.440 | tasks.py 39 | INFO | 暂无未反制的数据
2022-05-10 18:08:33.436 | tasks.py 39 | INFO | 暂无未反制的数据
2022-05-10 18:08:33.436 | tasks.py 39 | INFO | 暂无未反制的数据
2022-05-10 18:08:43.440 | tasks.py 39 | INFO | 暂无未反制的数据
2022-05-10 18:08:43.440 | tasks.py 39 | INFO | 暂无未反制的数据
2022-05-10 18:08:53.465 | tasks.py 39 | INFO | 暂无未反制的数据
2022-05-10 18:08:53.465 | tasks.py 39 | INFO | 暂无未反制的数据
2022-05-10 18:09:03.478 | tasks.py 34 | INFO | 不满足条件的, 直接反制结束：
2022-05-10 18:09:03.478 | tasks.py 34 | INFO | 不满足条件的, 直接反制结束：
2022-05-10 18:09:13.448 | tasks.py 39 | INFO | 暂无未反制的数据
2022-05-10 18:09:13.448 | tasks.py 39 | INFO | 暂无未反制的数据
2022-05-10 18:09:23.468 | tasks.py 39 | INFO | 暂无未反制的数据
2022-05-10 18:09:23.468 | tasks.py 39 | INFO | 暂无未反制的数据
2022-05-10 18:09:33.453 | tasks.py 39 | INFO | 暂无未反制的数据
2022-05-10 18:09:33.453 | tasks.py 39 | INFO | 暂无未反制的数据
2022-05-10 18:09:43.457 | tasks.py 39 | INFO | 暂无未反制的数据
2022-05-10 18:09:43.457 | tasks.py 39 | INFO | 暂无未反制的数据
2022-05-10 18:09:53.505 | tasks.py 39 | INFO | 暂无未反制的数据
2022-05-10 18:09:53.505 | tasks.py 39 | INFO | 暂无未反制的数据
2022-05-10 18:10:03.469 | tasks.py 39 | INFO | 暂无未反制的数据
2022-05-10 18:10:03.469 | tasks.py 39 | INFO | 暂无未反制的数据
2022-05-10 18:10:13.478 | tasks.py 39 | INFO | 暂无未反制的数据
2022-05-10 18:10:13.478 | tasks.py 39 | INFO | 暂无未反制的数据
2022-05-10 18:10:23.580 | tasks.py 39 | INFO | 暂无未反制的数据
2022-05-10 18:10:23.580 | tasks.py 39 | INFO | 暂无未反制的数据
2022-05-10 18:10:33.574 | tasks.py 34 | WARNING | 不满足条件的, 直接反制结束：
2022-05-10 18:10:33.574 | tasks.py 34 | WARNING | 不满足条件的, 直接反制结束：
2022-05-10 18:10:43.566 | tasks.py 39 | INFO | 暂无未反制的数据
2022-05-10 18:10:43.566 | tasks.py 39 | INFO | 暂无未反制的数据
2022-05-10 18:10:53.563 | tasks.py 39 | INFO | 暂无未反制的数据
2022-05-10 18:10:53.563 | tasks.py 39 | INFO | 暂无未反制的数据
2022-05-10 18:11:03.585 | tasks.py 39 | INFO | 暂无未反制的数据
2022-05-10 18:11:03.585 | tasks.py 39 | INFO | 暂无未反制的数据
2022-05-10 18:11:13.591 | tasks.py 39 | INFO | 暂无未反制的数据
2022-05-10 18:11:13.591 | tasks.py 39 | INFO | 暂无未反制的数据
2022-05-10 18:11:23.579 | tasks.py 39 | INFO | 暂无未反制的数据
2022-05-10 18:11:23.579 | tasks.py 39 | INFO | 暂无未反制的数据
2022-05-10 18:11:33.569 | tasks.py 39 | INFO | 暂无未反制的数据
2022-05-10 18:11:33.569 | tasks.py 39 | INFO | 暂无未反制的数据
2022-05-10 18:11:43.593 | tasks.py 38 | INFO | 暂无未反制的数据
2022-05-10 18:11:43.593 | tasks.py 38 | INFO | 暂无未反制的数据
2022-05-10 18:11:53.576 | tasks.py 38 | INFO | 暂无未反制的数据
2022-05-10 18:11:53.576 | tasks.py 38 | INFO | 暂无未反制的数据
2022-05-10 18:12:03.611 | tasks.py 38 | INFO | 暂无未反制的数据
2022-05-10 18:12:03.611 | tasks.py 38 | INFO | 暂无未反制的数据
2022-05-10 18:12:13.584 | tasks.py 34 | WARNING | 不满足条件的, 直接反制结束：833f04f6-e252-4bda-858f-c51fdad634cd
2022-05-10 18:12:13.584 | tasks.py 34 | WARNING | 不满足条件的, 直接反制结束：833f04f6-e252-4bda-858f-c51fdad634cd
2022-05-10 18:12:23.581 | tasks.py 38 | INFO | 暂无未反制的数据
2022-05-10 18:12:23.581 | tasks.py 38 | INFO | 暂无未反制的数据
2022-05-10 18:12:33.584 | tasks.py 38 | INFO | 暂无未反制的数据
2022-05-10 18:12:33.584 | tasks.py 38 | INFO | 暂无未反制的数据
2022-05-10 18:12:43.590 | tasks.py 38 | INFO | 暂无未反制的数据
2022-05-10 18:12:43.590 | tasks.py 38 | INFO | 暂无未反制的数据
2022-05-10 18:12:53.606 | tasks.py 38 | INFO | 暂无未反制的数据
2022-05-10 18:12:53.606 | tasks.py 38 | INFO | 暂无未反制的数据
2022-05-10 18:13:03.593 | tasks.py 38 | INFO | 暂无未反制的数据
2022-05-10 18:13:03.593 | tasks.py 38 | INFO | 暂无未反制的数据
2022-05-10 18:13:13.593 | tasks.py 38 | INFO | 暂无未反制的数据
2022-05-10 18:13:13.593 | tasks.py 38 | INFO | 暂无未反制的数据
2022-05-10 18:13:23.630 | tasks.py 38 | INFO | 暂无未反制的数据
2022-05-10 18:13:23.630 | tasks.py 38 | INFO | 暂无未反制的数据
2022-05-10 18:13:33.608 | tasks.py 30 | INFO | 获取满足条件的扫描的结果：833f04f6-e252-4bda-858f-c51fdad634cd
2022-05-10 18:13:33.608 | tasks.py 30 | INFO | 获取满足条件的扫描的结果：833f04f6-e252-4bda-858f-c51fdad634cd
2022-05-10 18:13:43.764 | tasks.py 30 | INFO | 获取满足条件的扫描的结果：833f04f6-e252-4bda-858f-c51fdad634cd
2022-05-10 18:13:43.764 | tasks.py 30 | INFO | 获取满足条件的扫描的结果：833f04f6-e252-4bda-858f-c51fdad634cd
2022-05-10 18:13:53.659 | tasks.py 30 | INFO | 获取满足条件的扫描的结果：833f04f6-e252-4bda-858f-c51fdad634cd
2022-05-10 18:13:53.659 | tasks.py 30 | INFO | 获取满足条件的扫描的结果：833f04f6-e252-4bda-858f-c51fdad634cd
2022-05-10 18:14:03.650 | tasks.py 30 | INFO | 获取满足条件的扫描的结果：833f04f6-e252-4bda-858f-c51fdad634cd
2022-05-10 18:14:03.650 | tasks.py 30 | INFO | 获取满足条件的扫描的结果：833f04f6-e252-4bda-858f-c51fdad634cd
2022-05-10 18:14:13.655 | tasks.py 30 | INFO | 获取满足条件的扫描的结果：833f04f6-e252-4bda-858f-c51fdad634cd
2022-05-10 18:14:13.655 | tasks.py 30 | INFO | 获取满足条件的扫描的结果：833f04f6-e252-4bda-858f-c51fdad634cd
2022-05-10 18:14:23.676 | tasks.py 30 | INFO | 获取满足条件的扫描的结果：833f04f6-e252-4bda-858f-c51fdad634cd
2022-05-10 18:14:23.676 | tasks.py 30 | INFO | 获取满足条件的扫描的结果：833f04f6-e252-4bda-858f-c51fdad634cd
2022-05-10 18:14:33.650 | tasks.py 30 | INFO | 获取满足条件的扫描的结果：833f04f6-e252-4bda-858f-c51fdad634cd
2022-05-10 18:14:33.650 | tasks.py 30 | INFO | 获取满足条件的扫描的结果：833f04f6-e252-4bda-858f-c51fdad634cd
2022-05-10 18:14:43.697 | tasks.py 30 | INFO | 获取满足条件的扫描的结果：833f04f6-e252-4bda-858f-c51fdad634cd
2022-05-10 18:14:43.697 | tasks.py 30 | INFO | 获取满足条件的扫描的结果：833f04f6-e252-4bda-858f-c51fdad634cd
2022-05-10 18:14:53.677 | tasks.py 34 | WARNING | 不满足条件的, 直接反制结束：833f04f6-e252-4bda-858f-c51fdad634cd
2022-05-10 18:14:53.677 | tasks.py 34 | WARNING | 不满足条件的, 直接反制结束：833f04f6-e252-4bda-858f-c51fdad634cd
2022-05-10 18:15:03.690 | tasks.py 38 | INFO | 暂无未反制的数据
2022-05-10 18:15:03.690 | tasks.py 38 | INFO | 暂无未反制的数据
2022-05-10 18:15:13.674 | tasks.py 38 | INFO | 暂无未反制的数据
2022-05-10 18:15:13.674 | tasks.py 38 | INFO | 暂无未反制的数据
2022-05-10 18:15:23.698 | tasks.py 38 | INFO | 暂无未反制的数据
2022-05-10 18:15:23.698 | tasks.py 38 | INFO | 暂无未反制的数据
2022-05-10 18:15:33.706 | tasks.py 38 | INFO | 暂无未反制的数据
2022-05-10 18:15:33.706 | tasks.py 38 | INFO | 暂无未反制的数据
2022-05-10 18:15:43.699 | tasks.py 38 | INFO | 暂无未反制的数据
2022-05-10 18:15:43.699 | tasks.py 38 | INFO | 暂无未反制的数据
2022-05-10 18:15:53.740 | tasks.py 34 | WARNING | 不满足条件的, 直接反制结束：833f04f6-e252-4bda-858f-c51fdad634cd
2022-05-10 18:15:53.740 | tasks.py 34 | WARNING | 不满足条件的, 直接反制结束：833f04f6-e252-4bda-858f-c51fdad634cd
2022-05-10 18:16:03.700 | tasks.py 38 | INFO | 暂无未反制的数据
2022-05-10 18:16:03.700 | tasks.py 38 | INFO | 暂无未反制的数据
2022-05-10 18:16:13.740 | tasks.py 38 | INFO | 暂无未反制的数据
2022-05-10 18:16:13.740 | tasks.py 38 | INFO | 暂无未反制的数据
2022-05-10 18:16:23.774 | tasks.py 38 | INFO | 暂无未反制的数据
2022-05-10 18:16:23.774 | tasks.py 38 | INFO | 暂无未反制的数据
2022-05-10 18:16:33.713 | tasks.py 34 | WARNING | 不满足条件的, 直接完成反制：833f04f6-e252-4bda-858f-c51fdad634cd
2022-05-10 18:16:33.713 | tasks.py 34 | WARNING | 不满足条件的, 直接完成反制：833f04f6-e252-4bda-858f-c51fdad634cd
2022-05-10 18:16:43.744 | tasks.py 38 | INFO | 暂无未反制的数据
2022-05-10 18:16:43.744 | tasks.py 38 | INFO | 暂无未反制的数据
2022-05-10 18:16:53.714 | tasks.py 38 | INFO | 暂无未反制的数据
2022-05-10 18:16:53.714 | tasks.py 38 | INFO | 暂无未反制的数据
2022-05-10 18:17:03.715 | tasks.py 38 | INFO | 暂无未反制的数据
2022-05-10 18:17:03.715 | tasks.py 38 | INFO | 暂无未反制的数据
2022-05-10 18:17:13.712 | tasks.py 38 | INFO | 暂无未反制的数据
2022-05-10 18:17:13.712 | tasks.py 38 | INFO | 暂无未反制的数据
2022-05-10 18:17:23.730 | tasks.py 38 | INFO | 暂无未反制的数据
2022-05-10 18:17:23.730 | tasks.py 38 | INFO | 暂无未反制的数据
2022-05-10 18:17:33.730 | tasks.py 38 | INFO | 暂无未反制的数据
2022-05-10 18:17:33.730 | tasks.py 38 | INFO | 暂无未反制的数据
2022-05-10 18:17:43.715 | tasks.py 38 | INFO | 暂无未反制的数据
2022-05-10 18:17:43.715 | tasks.py 38 | INFO | 暂无未反制的数据
2022-05-10 18:17:53.718 | tasks.py 38 | INFO | 暂无未反制的数据
2022-05-10 18:17:53.718 | tasks.py 38 | INFO | 暂无未反制的数据
2022-05-10 18:18:03.734 | tasks.py 38 | INFO | 暂无未反制的数据
2022-05-10 18:18:03.734 | tasks.py 38 | INFO | 暂无未反制的数据
2022-05-11 08:59:42.822 | tasks.py 38 | INFO | 暂无未反制的数据
2022-05-11 08:59:42.830 | tasks.py 38 | INFO | 暂无未反制的数据
2022-05-11 08:59:42.834 | tasks.py 38 | INFO | 暂无未反制的数据
2022-05-11 08:59:42.841 | tasks.py 38 | INFO | 暂无未反制的数据
2022-05-11 08:59:42.849 | tasks.py 38 | INFO | 暂无未反制的数据
2022-05-11 08:59:50.814 | tasks.py 38 | INFO | 暂无未反制的数据
2022-05-11 09:00:00.821 | tasks.py 38 | INFO | 暂无未反制的数据
2022-05-11 09:00:00.821 | tasks.py 38 | INFO | 暂无未反制的数据
2022-05-11 09:00:10.861 | tasks.py 38 | INFO | 暂无未反制的数据
2022-05-11 09:00:10.861 | tasks.py 38 | INFO | 暂无未反制的数据
2022-05-11 09:00:20.841 | tasks.py 38 | INFO | 暂无未反制的数据
2022-05-11 09:00:20.841 | tasks.py 38 | INFO | 暂无未反制的数据
2022-05-11 09:00:30.853 | tasks.py 38 | INFO | 暂无未反制的数据
2022-05-11 09:00:30.853 | tasks.py 38 | INFO | 暂无未反制的数据
2022-05-11 09:00:40.911 | tasks.py 38 | INFO | 暂无未反制的数据
2022-05-11 09:00:40.911 | tasks.py 38 | INFO | 暂无未反制的数据
2022-05-11 09:00:50.876 | tasks.py 38 | INFO | 暂无未反制的数据
2022-05-11 09:00:50.876 | tasks.py 38 | INFO | 暂无未反制的数据
2022-05-11 09:01:00.889 | tasks.py 38 | INFO | 暂无未反制的数据
2022-05-11 09:01:00.889 | tasks.py 38 | INFO | 暂无未反制的数据
2022-05-11 09:01:10.896 | tasks.py 38 | INFO | 暂无未反制的数据
2022-05-11 09:01:10.896 | tasks.py 38 | INFO | 暂无未反制的数据
2022-05-11 09:01:20.903 | tasks.py 38 | INFO | 暂无未反制的数据
2022-05-11 09:01:20.903 | tasks.py 38 | INFO | 暂无未反制的数据
2022-05-11 09:01:30.933 | tasks.py 38 | INFO | 暂无未反制的数据
2022-05-11 09:01:30.933 | tasks.py 38 | INFO | 暂无未反制的数据
2022-05-11 09:01:40.907 | tasks.py 38 | INFO | 暂无未反制的数据
2022-05-11 09:01:40.907 | tasks.py 38 | INFO | 暂无未反制的数据
2022-05-11 09:01:50.899 | tasks.py 38 | INFO | 暂无未反制的数据
2022-05-11 09:01:50.899 | tasks.py 38 | INFO | 暂无未反制的数据
2022-05-11 09:02:00.916 | tasks.py 38 | INFO | 暂无未反制的数据
2022-05-11 09:02:00.916 | tasks.py 38 | INFO | 暂无未反制的数据
2022-05-11 09:02:10.912 | tasks.py 38 | INFO | 暂无未反制的数据
2022-05-11 09:02:10.912 | tasks.py 38 | INFO | 暂无未反制的数据
2022-05-11 09:02:20.920 | tasks.py 38 | INFO | 暂无未反制的数据
2022-05-11 09:02:20.920 | tasks.py 38 | INFO | 暂无未反制的数据
2022-05-11 09:02:30.914 | tasks.py 38 | INFO | 暂无未反制的数据
2022-05-11 09:02:30.914 | tasks.py 38 | INFO | 暂无未反制的数据
2022-05-11 09:02:40.926 | tasks.py 38 | INFO | 暂无未反制的数据
2022-05-11 09:02:40.926 | tasks.py 38 | INFO | 暂无未反制的数据
2022-05-11 09:02:50.926 | tasks.py 38 | INFO | 暂无未反制的数据
2022-05-11 09:02:50.926 | tasks.py 38 | INFO | 暂无未反制的数据
2022-05-11 09:03:00.918 | tasks.py 38 | INFO | 暂无未反制的数据
2022-05-11 09:03:00.918 | tasks.py 38 | INFO | 暂无未反制的数据
2022-05-11 09:03:10.942 | tasks.py 38 | INFO | 暂无未反制的数据
2022-05-11 09:03:10.942 | tasks.py 38 | INFO | 暂无未反制的数据
2022-05-11 09:03:20.936 | tasks.py 38 | INFO | 暂无未反制的数据
2022-05-11 09:03:20.936 | tasks.py 38 | INFO | 暂无未反制的数据
2022-05-11 09:03:30.942 | tasks.py 38 | INFO | 暂无未反制的数据
2022-05-11 09:03:30.942 | tasks.py 38 | INFO | 暂无未反制的数据
2022-05-11 09:03:37.968 | tasks.py 38 | INFO | 暂无未反制的数据
2022-05-11 09:03:37.968 | tasks.py 38 | INFO | 暂无未反制的数据
